3919 0 0    70 120 36  
3944 1717 2662    97 78 81  
3932 0 0    88 101 36  
3933 1802 2761    76 80 79  
3928 0 0    81 108 40  
3913 1697 2673    63 97 101  
3896 1670 2660    54 118 158  
3911 0 0    79 113 44  
3925 0 0    126 131 71  
3924 0 0    85 92 52  
3898 0 0    79 113 43  
3936 1727 2681    109 102 85  
3916 1680 2655    75 127 314  
3911 1690 2667    84 111 124  
3887 1770 0    74 115 148  
0 0 0    242 86 41  
3938 1691 0    50 109 150  
3922 0 0    89 118 39  
0 0 0    37 28 39  
3927 1676 2638    75 82 171  
3920 1796 2765    62 108 165  
3924 0 0    91 97 41  
3912 1696 2673    111 187 143  
0 0 2525    193 192 272  
3949 1691 2630    137 90 186  
3912 0 0    65 126 40  
3914 1701 2675    101 113 114  
3911 1685 2661    102 125 147  
3919 0 0    77 148 43  
3920 1669 2638    67 126 129  
3908 1657 2645    77 151 179  
3902 1609 2592    124 180 178  
3936 0 0    97 83 56  
3892 1648 2644    75 78 219  
3930 1696 2654    91 111 120  
3911 1785 0    90 108 317  
0 0 2939    144 155 75  
3881 0 0    69 75 29  
3920 1691 0    89 133 109  
3927 1690 2651    79 155 175  
3920 0 0    68 81 47  
3931 1705 2661    158 172 167  
0 0 0    36 26 40  
3934 1694 2648    198 82 192  
3911 1676 2654    70 102 135  
3925 1662 2628    78 64 174  
3924 0 0    96 73 51  
3920 1689 2656    109 106 161  
3940 1695 2643    103 97 120  
3935 0 0    101 81 32  
3891 0 0    64 88 160  
4090 0 0    57 115 357  
3942 1682 2627    81 88 178  
3916 0 0    194 185 37  
3900 0 0    82 119 37  
3918 1687 2658    82 89 142  
3897 1670 2661    80 188 196  
3923 1790 2756    70 88 153  
3914 1680 2652    69 107 143  
3925 0 0    93 97 43  
3910 1653 2629    51 69 151  
3912 0 0    92 87 35  
3905 0 0    76 154 40  
3906 1670 2654    76 121 173  
3918 1694 2674    113 222 148  
3913 1669 2642    84 114 180  
3910 1680 2660    66 161 159  
3932 1699 2656    138 67 120  
3923 0 0    98 163 44  
0 1670 1850    74 79 169  
3916 0 0    72 120 52  
3906 1661 2645    83 99 198  
3922 1708 2674    99 89 73  
3909 1671 2652    61 99 126  
3909 0 0    51 81 40  
3925 1681 0    78 90 155  
0 0 2662    105 174 210  
3906 0 0    87 111 36  
0 0 2638    57 97 194  
0 0 0    92 89 45  
4005 1686 2563    97 131 91  
0 0 0    44 31 128  
3900 1664 2654    81 72 196  
3918 0 0    81 137 35  
3928 1686 2647    78 55 189  
3906 1669 2646    52 136 204  
0 1711 2633    79 60 151  
3939 1684 2632    100 78 181  
3917 1684 2653    85 128 245  
0 0 2615    92 74 173  
3921 1812 2780    107 103 110  
3918 0 0    91 120 37  
3915 1704 2674    90 164 87  
3856 1623 2658    54 127 127  
3951 0 0    110 90 56  
3942 0 0    122 116 48  
3921 1688 2654    162 149 204  
3908 1652 2634    50 96 182  
3939 1693 2643    122 65 153  
3934 1684 2639    106 117 197  
3917 0 0    133 95 38  
3925 1682 0    105 95 176  
3916 1675 2653    84 118 168  
3912 1668 2643    63 85 281  
3928 0 0    68 97 39  
0 0 0    34 25 39  
3908 1668 2649    76 57 183  
3936 1684 2647    85 69 250  
3941 1683 2629    89 80 219  
3924 0 0    85 86 59  
3931 1682 0    55 106 171  
3911 0 2683    100 107 50  
3905 1685 2669    60 161 179  
3926 1686 2646    111 88 117  
3926 1712 2678    100 129 83  
3935 1688 2640    94 103 180  
3952 1677 2613    97 64 226  
3906 1676 2660    51 112 152  
3897 1664 2654    86 107 137  
3917 1684 0    68 92 186  
3919 0 0    41 104 38  
3907 1680 2663    84 91 163  
3921 1789 2757    94 48 158  
0 0 0    32 27 36  
3891 1664 2662    71 69 191  
3897 0 0    76 128 36  
3920 1671 2638    56 88 167  
3939 1698 2647    110 65 129  
3916 1668 2651    61 128 167  
3910 1660 2639    96 109 185  
3946 1703 2644    112 84 159  
3898 1667 2659    72 90 252  
0 0 0    33 28 35  
3956 1694 2632    143 83 170  
3946 1691 2638    109 72 175  
3922 1691 2657    92 103 174  
3930 1680 2635    95 80 268  
3910 1658 0    67 102 191  
3932 0 0    81 141 42  
3958 0 0    97 51 36  
3924 1677 2641    69 97 182  
3939 1692 0    149 106 198  
3910 1687 2665    120 235 161  
3912 1663 2641    92 117 154  
3930 0 0    151 111 41  
3872 1647 2660    112 128 43  
3928 1737 2702    91 83 129  
3930 0 0    85 133 47  
3945 1687 2635    136 93 134  
3946 1702 0    94 105 293  
3940 1686 2633    49 93 185  
3920 0 0    105 119 39  
0 0 0    83 20 37  
3937 1690 2644    156 93 161  
3926 1693 0    97 97 171  
3921 1690 0    154 97 138  
3916 1667 2637    103 124 208  
3937 1687 2640    63 113 187  
3940 1802 2752    89 71 121  
3911 1662 2637    67 121 216  
3937 0 0    92 84 40  
3932 1680 2633    95 89 175  
3929 1692 2653    76 85 81  
0 0 2664    32 95 182  
3963 0 0    90 41 40  
3923 0 0    91 109 52  
3986 1730 2641    113 111 271  
3947 1692 0    105 55 231  
3905 1661 2642    91 132 156  
3945 0 0    93 85 36  
3888 1661 2703    97 117 64  
3921 1648 2610    61 70 287  
3901 1693 2681    113 59 184  
3925 1799 2764    96 97 147  
3907 0 0    74 104 37  
0 0 0    34 40 34  
3913 1780 2757    70 116 141  
3950 0 0    111 81 47  
15528 13097 2685    75 172 83  
3898 0 0    74 102 221  
3924 1678 2640    95 122 195  
3915 1706 2678    114 151 79  
3928 0 0    92 80 66  
3928 1679 2638    105 84 287  
3910 1669 2647    89 75 239  
3938 1694 2643    77 90 147  
3899 1680 2670    76 92 134  
3921 1694 2662    107 84 164  
3949 0 0    76 71 37  
3922 0 0    79 74 46  
3937 1698 2648    109 163 132  
3969 1701 0    65 68 213  
3910 1674 2652    91 163 225  
3910 1691 0    70 151 125  
3906 0 0    108 131 32  
3928 0 0    91 124 242  
0 1727 2642    93 108 239  
0 1682 2715    96 115 172  
0 0 2643    40 149 154  
3949 1704 0    160 112 169  
3914 1675 2649    153 100 360  
3933 0 0    89 82 36  
3910 1656 2651    56 98 183  
3913 0 0    101 77 39  
3920 1677 2645    81 93 188  
3921 0 0    71 98 70  
3947 0 0    78 126 36  
3923 1713 2678    163 155 116  
0 0 0    32 62 32  
3913 1678 2657    130 102 222  
3914 0 0    87 94 35  
3922 1666 2633    236 55 186  
3917 1683 2652    79 105 151  
3912 1681 2654    101 130 238  
3931 1689 2643    102 128 187  
15388 1673 2633    77 111 322  
3941 0 0    169 80 38  
3929 1716 2674    78 98 84  
3919 0 0    97 95 35  
3934 1743 2697    249 298 74  
3928 12978 14364    105 91 43  
3917 1684 0    61 105 170  
3932 1680 2636    85 68 262  
3895 1684 2676    68 181 119  
0 0 2638    91 57 147  
3916 1682 2652    113 205 183  
0 0 0    47 127 24  
3924 1691 2654    84 105 165  
0 0 0    138 107 63  
3896 1656 2646    54 93 387  
4008 1751 2636    134 93 182  
3913 1697 2673    93 189 105  
3930 1681 2638    65 86 161  
3900 1652 2639    100 136 389  
3922 1683 2647    46 105 187  
3920 1660 2628    149 86 203  
3869 1644 2663    73 93 161  
3949 1694 2632    117 108 147  
0 0 2631    45 93 178  
3922 1675 2640    69 64 192  
3933 1688 2641    114 115 199  
3921 1684 2652    78 135 170  
3933 0 0    65 77 52  
3926 1542 2501    52 85 341  
3920 1682 2649    59 121 166  
3926 0 0    111 103 38  
0 0 2659    39 92 162  
3900 1650 2638    88 111 169  
3928 1701 2660    102 120 147  
3908 0 0    95 95 34  
3940 1704 2649    234 112 234  
3924 1793 2762    95 146 170  
3910 1680 2656    88 109 172  
3916 0 0    225 302 49  
3920 1648 2614    96 90 220  
3922 1697 2664    63 92 101  
3928 1695 2654    102 125 130  
3943 1696 2639    85 64 177  
0 0 0    35 30 37  
3877 1691 2703    80 219 80  
3926 1721 0    127 67 79  
3922 1693 0    99 80 131  
0 0 2631    83 169 176  
3925 0 0    114 105 38  
3930 1674 2631    69 119 361  
3933 0 0    109 110 49  
3916 1669 2639    70 86 197  
3937 0 0    95 88 34  
3935 1710 2660    177 163 138  
3937 0 0    84 90 43  
3917 1675 2648    80 110 152  
3911 1666 0    76 104 185  
3914 1668 2640    79 114 188  
0 0 2663    39 120 137  
3915 1676 0    73 177 208  
3898 1650 2671    86 109 135  
3918 1670 2639    52 95 186  
3892 1653 2658    174 82 305  
3937 1681 2631    96 102 281  
6037 3841 2738    142 184 43  
3892 1652 2649    66 103 147  
3892 0 0    51 110 41  
3897 0 0    48 104 60  
3901 1676 2670    84 99 165  
3928 1681 0    101 70 188  
3913 1671 2651    76 134 208  
3929 0 0    74 101 40  
3906 1673 2655    69 73 149  
3915 1669 2640    99 120 161  
3919 1689 2718    90 99 161  
3959 0 0    92 98 133  
3895 1671 2665    64 113 160  
3938 1697 2646    218 172 192  
3920 1694 2662    89 84 124  
3926 1707 2669    80 106 79  
3942 1682 2625    79 54 149  
3908 0 0    132 152 36  
3939 1683 2630    96 82 152  
3994 1702 2595    84 167 182  
3935 0 0    100 88 47  
3906 0 0    72 75 40  
3922 1675 2639    138 76 228  
3942 1687 2632    94 128 304  
3898 1669 2656    53 154 152  
3911 1679 0    62 168 195  
3916 1701 2673    110 93 198  
3917 1689 2656    106 81 143  
3907 1681 2661    67 72 87  
3899 1654 2644    48 77 156  
3928 1685 2643    100 129 138  
15393 12929 2647    75 117 213  
3903 1662 2646    72 95 176  
3919 1692 2659    70 127 93  
3929 0 0    83 74 71  
3920 0 0    83 106 54  
3919 1684 2654    86 136 144  
3932 0 0    92 97 64  
3932 1686 2642    84 123 201  
3935 1679 2640    77 108 189  
3921 1806 2773    78 92 123  
0 0 0    34 31 58  
0 0 2626    69 71 191  
3922 0 0    97 103 31  
3923 1668 0    89 130 351  
3902 0 0    97 100 38  
3930 1677 2637    94 67 187  
3920 1680 2649    86 111 181  
3889 0 0    97 147 38  
3937 0 2598    84 71 41  
3907 1670 2649    99 96 162  
3928 0 0    89 74 36  
15368 1662 2621    113 53 602  
3934 1696 2650    100 88 241  
3906 1669 2651    69 116 147  
3918 1684 2653    140 120 153  
15452 12986 2644    115 81 160  
3931 1681 2634    66 68 181  
3939 0 0    94 127 48  
3920 1666 2634    53 106 202  
3921 1690 2654    132 165 200  
3934 0 0    98 99 39  
3888 1648 0    116 94 349  
3910 1683 2659    74 127 154  
3944 1809 2753    138 119 164  
3925 1677 2640    52 89 163  
3879 0 0    96 244 38  
3932 0 0    82 91 59  
3947 13026 14399    100 75 44  
3913 0 0    114 213 37  
3914 1683 2655    81 98 240  
3925 0 0    71 85 39  
3953 1697 2632    93 105 137  
3916 1661 2631    79 146 409  
3936 0 0    104 77 51  
3932 1705 2663    86 126 106  
3928 1685 2644    83 121 280  
3906 0 0    72 99 34  
3935 1680 2632    99 69 183  
3924 1681 2645    94 114 170  
3952 0 0    139 69 36  
3892 1661 2656    82 105 167  
3918 1668 2642    71 83 169  
3927 1675 0    64 87 160  
3923 0 0    46 107 38  
3905 1702 2683    78 154 107  
3919 0 0    116 101 44  
3929 1658 2615    102 92 397  
3898 0 0    74 157 44  
3918 1691 2657    102 112 146  
3940 1709 2657    130 61 107  
3926 1675 2637    53 119 152  
3929 1679 2634    117 157 370  
0 0 0    57 82 36  
3917 1681 2651    103 127 227  
0 0 0    105 130 48  
3918 1666 2634    77 58 182  
3933 1673 2626    108 69 221  
3916 1679 2650    95 101 172  
3919 1689 2658    90 114 176  
0 1760 2658    108 131 110  
3941 1692 2641    82 101 179  
3923 1690 2655    64 99 154  
0 0 0    77 107 36  
3911 1692 0    77 127 101  
3943 0 0    124 115 50  
3931 1696 2652    96 77 124  
3942 1690 0    203 182 248  
3931 1682 2636    95 96 160  
15526 13045 2632    125 78 258  
3929 1680 2637    80 111 295  
3930 1682 2641    120 75 191  
3898 0 0    69 135 190  
3926 0 0    151 153 38  
0 1685 0    32 89 42  
3895 1661 2654    91 91 208  
3911 1705 2679    80 108 77  
3913 0 0    57 66 62  
3917 1682 2649    94 120 167  
3962 1721 2644    133 129 172  
3929 1694 2652    105 86 189  
3910 1662 0    74 87 216  
3909 1673 2651    88 115 210  
3928 1700 2656    98 105 105  
3942 1684 2630    84 92 173  
3931 1680 2635    121 98 175  
3919 1674 2642    84 113 240  
0 0 0    122 214 50  
3927 1677 0    94 68 186  
3927 1690 2651    126 130 174  
3922 1808 2778    87 84 94  
9635 1593 0    98 110 218  
3928 1699 2659    85 85 133  
3941 1697 2645    136 75 152  
0 0 2778    107 121 135  
3893 0 0    81 104 44  
3922 0 0    186 241 38  
3928 1686 2648    90 119 166  
0 0 2633    132 101 126  
3938 1687 2635    82 66 191  
3926 0 0    82 66 28  
3933 1676 2631    70 99 210  
3927 1687 0    114 75 149  
3926 0 0    136 247 37  
3920 13014 14412    135 148 43  
3909 1682 2659    69 215 159  
3925 1701 2661    166 191 175  
3908 1696 2671    68 123 96  
3904 1663 2647    56 75 225  
3933 1683 2637    80 104 169  
3927 1676 2638    71 94 197  
3933 1684 2636    93 108 179  
0 1663 2668    206 364 155  
9737 7380 2651    146 86 156  
3908 0 0    85 113 52  
3932 1691 2645    76 118 156  
0 0 2654    105 107 152  
3918 0 0    81 125 38  
3923 1690 2655    97 168 172  
3926 1682 0    105 97 214  
3932 0 0    94 97 25  
3926 1680 2642    107 89 182  
3925 1681 2643    75 131 137  
3896 0 0    65 140 34  
3926 1690 0    97 126 176  
3904 0 0    70 106 80  
3933 0 0    103 116 38  
3942 1688 2630    77 70 145  
3964 1698 2623    95 132 84  
3914 1678 0    94 86 177  
3917 1672 2645    122 92 283  
3916 1699 2670    90 118 96  
3945 1694 2638    88 103 177  
3941 0 0    92 148 68  
3913 1669 2643    54 147 186  
3923 1684 2648    110 122 267  
3916 0 0    80 88 39  
3906 0 2622    63 86 34  
3961 1691 2616    81 65 201  
3891 1658 2654    64 175 211  
3910 0 0    54 89 55  
3907 1664 2643    83 119 295  
3926 1687 2651    88 111 228  
3920 1690 2659    97 107 116  
3916 1682 2645    111 105 243  
3925 7280 0    112 123 149  
3936 1712 0    92 118 101  
3921 1671 2637    93 77 255  
3922 1693 2661    102 104 160  
3914 1679 2652    43 75 113  
3883 1652 2658    70 161 182  
3921 0 0    64 64 35  
0 0 2640    98 104 180  
3935 0 0    98 93 42  
3924 1685 2648    80 96 165  
3926 1696 2654    116 100 129  
3915 1661 2630    102 76 409  
3933 1716 2668    100 72 187  
3922 1679 2645    87 88 153  
3896 1659 2651    76 134 241  
3917 1683 0    109 124 184  
3927 0 0    65 87 39  
3928 1688 2647    88 89 141  
3908 1673 2653    47 114 161  
3926 1693 2656    97 91 91  
3889 1631 2629    83 83 307  
3903 1662 2645    59 109 181  
3895 1670 0    81 130 165  
3964 0 0    149 101 37  
3912 1677 2656    67 93 171  
0 0 2660    41 68 139  
3929 1683 2645    94 126 202  
3924 1666 2629    64 110 173  
3958 1698 2629    102 104 134  
3938 1685 0    81 101 131  
3869 0 0    52 107 36  
3945 1703 2646    84 114 124  
3918 1686 2653    63 83 170  
9587 7224 2648    131 134 167  
3905 1666 2646    79 107 320  
3925 0 0    114 73 35  
3897 1700 2690    65 89 87  
0 0 2647    40 95 176  
3942 1703 2650    95 81 144  
3942 0 0    141 126 38  
3922 1678 2643    120 129 174  
3899 0 0    166 199 39  
0 0 0    34 109 37  
0 1683 2632    106 77 129  
0 1721 2638    112 107 169  
3921 0 0    97 93 54  
3914 1681 2654    84 92 144  
3939 1693 2642    93 64 173  
9799 1760 2644    153 134 341  
3922 1693 2659    99 119 92  
3887 1688 2687    91 216 81  
3930 1718 2676    77 59 81  
3915 1670 2644    65 86 149  
3926 0 0    89 94 39  
3983 1736 2636    232 130 162  
3921 0 0    123 116 34  
3896 1656 2647    67 132 182  
3902 1680 2666    76 84 96  
3913 1678 0    68 93 193  
3974 0 0    335 109 40  
3917 0 0    86 131 39  
3927 1683 2646    101 86 198  
3925 1670 2634    99 126 346  
3911 0 0    62 225 39  
9701 1803 8458    103 113 169  
0 0 2699    31 147 78  
3957 1688 2620    256 69 418  
3933 0 0    116 111 49  
3981 1700 2609    61 110 60  
3923 1686 2650    91 173 184  
3929 1709 2665    158 211 117  
3911 1685 2659    117 134 157  
0 1701 2642    72 78 156  
0 1706 2631    91 73 179  
3943 1699 2645    113 74 131  
0 0 2657    50 89 163  
3921 0 0    85 117 63  
3939 0 0    114 112 52  
3935 1703 0    89 84 38  
0 1806 2637    100 96 177  
3917 1684 2655    91 116 171  
3910 1654 2632    78 176 356  
3920 0 0    83 94 67  
0 0 2646    114 177 225  
3910 0 0    95 116 42  
3931 1716 2671    111 99 87  
3934 1694 2647    105 166 187  
0 0 0    99 28 6  
3931 0 0    123 89 56  
3910 0 0    57 107 61  
3897 1646 2635    60 88 193  
3919 1664 2634    50 108 305  
0 0 2646    39 82 196  
3969 1691 2627    131 58 252  
3909 0 0    82 124 38  
3942 1688 2633    79 49 96  
3924 1710 0    83 83 90  
3899 1675 2661    78 142 174  
0 1686 2627    59 99 164  
3924 1670 2632    142 78 357  
3908 1677 2656    62 93 178  
3935 1709 2661    180 153 176  
3923 0 0    107 104 38  
3924 0 0    127 122 40  
3900 1647 0    102 160 156  
3892 1653 2655    74 112 259  
3948 1695 2632    97 69 160  
3932 1685 2641    165 115 278  
3904 1677 2656    84 89 101  
3911 1685 2660    114 99 99  
3918 0 0    81 96 48  
3913 1671 2647    79 116 222  
0 0 2615    80 77 152  
0 0 2640    102 101 168  
3891 1664 2657    86 137 183  
3916 0 2644    89 128 94  
3944 1693 2640    84 54 160  
3923 0 0    63 103 36  
3930 0 0    146 127 38  
0 0 2640    39 119 191  
3915 0 0    70 62 38  
3944 1666 2610    76 88 205  
3944 1693 2636    116 95 170  
3917 1679 0    75 87 103  
3935 1695 2650    86 97 102  
3890 0 0    44 133 37  
3936 1685 2640    87 83 179  
3960 1693 2620    102 57 184  
3917 12969 14369    207 91 37  
3943 1683 2629    112 128 184  
3944 1721 2809    266 136 119  
3912 0 0    72 86 37  
0 0 0    36 219 63  
0 1728 2681    129 99 233  
0 0 0    34 30 40  
3933 1714 2668    89 116 275  
3929 12951 14337    204 109 49  
3902 1681 2665    126 174 175  
3916 0 0    113 181 36  
3914 1689 2660    74 110 117  
3912 1662 2636    66 86 163  
0 0 2647    30 26 74  
3918 1679 2651    84 110 210  
3931 1645 2603    74 50 296  
3946 1690 2629    92 85 211  
0 0 11442    66 82 190  
0 0 0    87 29 35  
0 1735 0    129 71 37  
3920 1671 0    72 66 173  
3925 0 0    94 104 38  
3916 0 0    55 122 67  
3910 1670 2647    63 104 195  
0 0 2644    91 123 193  
3924 7310 8484    77 116 257  
0 1791 0    36 30 35  
3907 0 0    77 80 42  
3932 0 0    132 101 40  
3943 1683 2627    62 64 291  
3925 0 0    194 109 36  
3915 0 0    90 123 31  
15345 1710 0    129 174 41  
0 0 0    136 85 156  
3928 1722 2678    107 80 82  
3920 1689 2655    90 81 127  
3936 0 0    91 67 36  
3923 0 0    76 99 58  
9758 7389 2639    92 101 200  
3942 1694 2641    99 93 196  
0 0 0    28 72 46  
3900 1656 2642    84 108 289  
3936 1690 2642    81 86 146  
3945 0 0    122 84 35  
3933 1701 2655    199 134 158  
3903 1678 2663    52 94 110  
3938 0 0    216 160 39  
3863 0 0    53 119 147  
3946 1686 2628    106 108 187  
3929 1674 2633    101 86 179  
0 0 2654    66 111 144  
3936 0 0    62 97 39  
3921 1683 0    57 106 231  
3934 1680 2634    83 83 163  
3945 1707 2648    149 103 149  
3914 1663 2636    89 91 439  
3938 1691 0    99 67 174  
3911 1699 2675    67 113 101  
0 0 0    33 28 38  
0 0 0    67 221 51  
3922 1787 2756    84 89 185  
3911 1678 2656    98 113 174  
3918 0 0    82 130 38  
3918 0 0    83 131 40  
3920 0 0    79 104 40  
3918 0 0    73 87 36  
3913 1690 2658    59 112 105  
0 0 2652    92 102 165  
3924 0 0    65 99 40  
3927 1703 2663    84 64 112  
3920 1681 2649    113 97 231  
3913 0 0    74 132 31  
3937 1702 2653    103 98 143  
3908 1685 2662    82 125 153  
3926 1675 2634    84 84 176  
0 0 2647    70 82 180  
3933 1683 2638    79 75 288  
3932 0 0    105 96 34  
3912 1678 0    59 86 157  
3919 1682 2651    46 52 106  
3927 1694 2655    98 91 150  
3912 0 0    97 67 48  
3927 0 0    68 105 39  
3923 0 0    82 73 41  
3937 1680 2630    76 90 121  
3905 1700 2684    82 230 92  
3936 1708 2657    98 116 111  
3945 0 0    292 128 73  
3995 1674 2572    66 121 103  
0 0 0    33 26 45  
3928 0 0    114 143 36  
3901 0 0    89 168 31  
3916 0 0    109 96 41  
3939 1695 0    129 102 176  
4000 1707 2596    98 154 188  
3952 0 0    219 132 40  
3905 1655 2635    73 132 215  
3918 1784 2757    82 122 166  
3921 1685 2653    64 79 120  
3938 0 0    84 73 33  
3930 7354 2670    79 69 156  
15447 0 0    100 84 44  
3907 0 0    74 106 51  
3935 0 0    53 103 70  
0 0 2651    51 112 182  
9729 0 0    105 73 39  
0 1666 2642    166 260 31  
3921 1669 2640    66 112 183  
3921 1690 2658    105 111 128  
3908 1670 2648    75 81 185  
3936 0 0    93 146 35  
3914 1682 2655    84 94 203  
9737 1681 2641    59 122 207  
3916 1680 2650    85 76 184  
3911 0 0    58 150 44  
3921 1702 2668    101 198 118  
3928 1627 2582    89 107 145  
0 0 0    35 245 35  
3921 1711 2678    235 291 94  
0 0 0    67 100 29  
3909 0 0    113 71 40  
3898 1686 2678    100 120 152  
3918 1700 2670    87 120 120  
3926 1718 2677    77 102 79  
3910 1682 2659    79 137 183  
3937 0 0    144 102 76  
3943 1687 2629    82 73 175  
3942 0 0    109 94 38  
3903 1671 2657    73 69 187  
3928 1701 0    112 73 119  
3931 0 0    100 141 48  
3908 1668 2647    66 69 187  
3928 0 0    61 92 44  
3950 1721 2658    173 153 175  
3931 0 0    82 88 38  
3904 1659 2642    82 104 146  
0 0 0    34 25 38  
3930 1711 2669    143 164 101  
3938 1702 2652    96 83 134  
3931 1681 12695    94 157 188  
3929 1690 2646    84 73 146  
3929 1695 2654    101 119 183  
3906 1699 0    102 104 83  
3936 1696 0    115 145 179  
3923 1679 2645    91 82 176  
3938 1686 2637    108 96 197  
3907 1676 2658    75 156 217  
3947 1699 2640    133 117 184  
3930 1663 2615    99 102 538  
3918 1779 2749    218 148 130  
3929 1683 2641    89 81 154  
0 1694 0    34 27 43  
0 1681 4795    107 204 107  
3927 0 0    104 67 43  
3926 0 0    106 93 59  
3907 1662 0    92 106 239  
3913 0 0    91 65 43  
3969 1667 2590    129 107 293  
3916 0 0    72 87 38  
0 1685 0    43 83 34  
3915 1664 2637    91 76 208  
3903 0 0    108 102 174  
3915 1665 2639    102 119 331  
3916 1672 2644    65 103 167  
0 0 0    115 71 40  
3939 1687 2636    77 100 185  
3936 1681 2632    102 66 232  
3936 0 0    72 86 45  
3919 0 0    93 104 30  
3935 0 0    101 83 35  
3947 0 0    198 119 35  
3881 1650 2658    52 113 114  
3935 1723 2674    155 176 90  
3931 0 0    110 163 37  
3924 1687 2653    107 112 163  
0 1688 2631    110 85 181  
3948 1685 2628    108 64 234  
3931 1672 2626    45 106 168  
3928 1683 2643    98 66 124  
3895 1673 2663    78 52 93  
3949 0 0    74 55 57  
3896 1673 2665    62 98 150  
3927 0 0    112 71 39  
3868 0 0    71 118 47  
3933 1690 2643    79 121 207  
3930 0 0    129 152 34  
3898 1653 2643    63 62 158  
3946 1701 2642    116 200 51  
3928 0 0    92 75 38  
3923 1688 2654    122 99 170  
3928 1687 2661    74 101 52  
3928 1796 2755    89 129 158  
0 1719 2627    123 101 233  
3941 1687 2633    120 104 166  
0 1744 14390    73 124 37  
3928 1798 2761    92 132 286  
0 0 2656    107 115 153  
3947 0 0    261 151 49  
3920 1682 2647    103 174 349  
3927 1702 2665    147 132 168  
3906 1662 2644    63 87 189  
3934 1727 2683    70 79 85  
0 0 2631    88 97 181  
3924 0 0    195 199 39  
3900 1669 2656    81 114 160  
3923 0 0    77 45 35  
3928 0 0    117 112 36  
3921 1682 2649    76 96 180  
3922 1679 2644    64 115 171  
3930 1676 2633    97 106 180  
3899 1659 2654    81 150 167  
0 1860 8437    145 112 108  
3944 0 0    245 148 42  
3951 1701 2639    97 106 159  
15528 0 0    100 73 46  
3924 0 0    90 155 38  
3923 0 0    55 80 37  
3969 0 0    120 75 38  
3917 1710 2682    66 85 76  
3899 1667 2658    74 97 184  
3928 1658 2619    112 72 379  
3922 1720 2686    84 131 103  
3926 1688 2649    62 65 112  
3941 1691 2635    86 92 132  
3918 1661 2631    100 116 276  
3928 0 0    93 66 38  
0 0 2668    89 86 121  
3942 1705 2649    85 104 119  
3918 1691 2660    101 88 151  
3898 1666 2659    64 116 168  
3928 1707 2666    76 115 94  
3888 1655 2654    78 107 191  
3919 1676 2645    58 73 109  
3970 12936 14293    84 56 59  
3917 1672 2645    86 80 163  
3934 15156 0    72 105 72  
3913 1677 2651    96 108 164  
3929 1682 2637    121 100 164  
9697 1709 2678    109 93 273  
3919 1706 2674    55 88 87  
3933 1673 2631    108 60 290  
3905 0 0    73 82 36  
3919 0 0    107 86 50  
3915 0 0    66 102 39  
3934 1674 2629    122 113 442  
3914 7291 8483    77 105 128  
3908 0 0    62 78 37  
0 0 0    30 21 45  
3923 0 0    108 100 38  
3917 1674 2645    79 116 181  
3919 1688 2655    85 128 136  
3911 1699 2676    103 91 75  
3928 1686 2647    186 220 318  
3927 1664 2625    230 130 119  
3909 0 0    94 128 32  
3930 1695 2654    210 212 161  
3930 0 0    105 84 41  
3922 1689 2653    82 89 118  
3945 0 0    115 58 45  
3912 0 0    108 120 37  
3948 1696 2636    109 95 215  
3912 1681 2657    98 102 161  
3932 1691 2649    127 114 176  
3898 1668 2656    45 124 108  
0 0 0    35 33 36  
3904 0 0    53 87 37  
3917 1700 2670    93 119 103  
3907 1675 2655    60 125 163  
3920 0 0    92 184 32  
3923 1797 0    105 98 156  
3950 1682 2620    175 115 415  
0 1662 2607    117 164 535  
3925 1692 2658    68 91 136  
3924 1697 0    120 126 125  
3919 1697 2665    109 119 149  
3924 1670 2651    94 86 185  
3930 1708 2669    147 152 100  
3934 1698 2652    72 98 142  
3926 1710 2673    107 137 121  
3913 1677 2652    109 82 135  
3971 0 0    121 97 36  
3954 1696 2632    94 88 163  
3937 1716 2673    91 82 114  
3915 1686 2660    109 112 152  
3925 0 0    68 119 47  
3914 1654 2629    74 121 529  
3977 13066 14408    61 102 50  
3950 0 0    75 94 39  
3903 1662 2650    89 167 266  
3932 1671 2627    72 94 155  
3944 0 0    106 44 35  
3962 0 0    205 74 34  
0 0 0    35 28 80  
3891 1700 2637    95 280 99  
3921 1713 2680    83 92 86  
0 0 0    125 132 73  
3894 1659 2651    61 92 349  
3915 0 0    71 96 46  
3968 1687 2607    122 58 195  
3907 1798 2780    87 140 258  
0 0 2654    32 85 139  
3918 1784 2753    123 94 187  
3900 1657 2644    72 98 193  
3936 1683 2637    84 93 166  
3931 0 0    59 85 39  
3922 1694 2659    84 95 133  
3948 1693 2630    132 104 125  
3931 12935 14319    205 91 34  
3925 1582 2543    108 82 293  
3929 0 0    89 93 35  
3935 0 0    50 62 45  
3933 0 0    115 129 33  
3910 0 0    71 88 44  
3945 1690 2633    126 121 289  
3908 1681 2664    76 103 184  
3915 0 0    230 238 36  
3933 1688 2641    208 148 291  
3916 1669 2640    57 85 184  
3923 0 0    196 113 36  
3933 1710 2665    170 180 108  
3933 0 0    130 90 48  
0 0 2603    102 49 162  
3898 1647 2638    82 119 200  
3924 0 0    152 103 39  
3928 0 0    82 112 36  
3912 1700 2677    97 228 105  
3922 1809 2778    78 77 152  
3907 1691 2671    108 139 122  
3926 1690 0    91 118 219  
3922 0 0    81 120 44  
3915 0 0    91 117 35  
3928 1678 2637    86 71 459  
3868 1670 2685    73 122 83  
3880 0 0    43 123 33  
3918 1788 2761    55 89 150  
3920 1684 2654    121 82 175  
3925 1704 2665    93 106 125  
3923 0 0    45 80 37  
3936 1713 2664    196 94 112  
3922 1733 2701    95 78 135  
3897 0 0    73 140 61  
3931 0 0    67 95 42  
3898 1657 2648    62 131 170  
0 0 0    76 112 36  
0 0 2641    81 95 226  
0 0 2659    86 67 88  
3925 0 0    86 106 48  
3909 12931 14338    67 64 41  
3914 1685 2658    83 112 137  
3910 1675 2651    80 99 270  
3926 0 0    94 150 42  
3908 0 0    119 92 54  
3957 1689 0    75 69 62  
3905 0 0    64 139 41  
3910 1676 2651    82 110 184  
3945 0 0    132 66 279  
3916 0 0    94 84 32  
3901 0 0    78 66 37  
3933 0 0    132 65 31  
3939 0 0    82 102 37  
3919 1665 0    64 91 171  
3905 0 0    70 153 41  
3923 1687 2649    84 82 182  
0 0 0    225 108 38  
3949 1707 2647    124 117 95  
3947 1692 2633    109 74 190  
3913 0 0    67 102 41  
3951 1697 2633    80 76 118  
3928 1710 2669    230 231 124  
3982 1705 2614    114 109 344  
3924 1714 2677    80 124 96  
3927 1691 2657    94 93 330  
3927 1699 2658    182 111 165  
3930 1700 2658    71 108 95  
3912 1682 2658    150 202 273  
0 1661 2754    50 114 139  
3912 1696 2673    89 74 86  
3932 0 0    190 170 39  
3925 0 0    71 117 38  
3912 0 0    75 135 36  
3921 1693 2659    98 126 133  
0 1656 0    33 82 38  
3948 1692 2632    130 79 192  
3921 1689 2656    95 125 156  
3947 0 0    159 103 36  
3929 0 0    99 102 38  
0 0 8494    122 88 211  
3943 1698 2641    92 75 139  
3927 0 0    121 107 63  
3919 13112 14517    51 129 37  
3934 0 0    78 85 39  
3915 1701 2672    62 80 89  
3873 1652 11664    94 98 177  
3921 1685 0    49 127 249  
3941 1688 2636    75 103 182  
3886 1692 2691    61 136 80  
3948 13001 14370    123 84 43  
3952 1694 2628    87 70 150  
3949 0 0    117 100 40  
3923 0 0    84 111 35  
3928 0 0    96 56 34  
3924 1658 0    79 101 310  
3922 0 0    98 77 34  
3925 1681 2645    78 75 161  
3948 0 0    169 147 34  
3913 1678 0    67 106 194  
3903 1797 2784    68 171 115  
3921 0 0    118 116 39  
3927 0 0    92 80 56  
3913 0 0    72 84 46  
3934 0 0    115 89 40  
3907 0 0    76 108 37  
3953 1698 2635    110 127 140  
3930 1682 2642    94 64 170  
3899 12811 14223    94 91 45  
3895 1657 2651    93 110 109  
3931 1681 2637    72 76 175  
3916 0 0    60 73 38  
3938 1710 0    98 78 95  
3926 0 0    106 99 35  
3941 1700 2645    102 95 152  
0 1671 0    33 110 32  
3921 1697 2663    95 89 124  
8038 1777 4502    313 121 159  
0 0 0    90 132 34  
3896 0 0    81 77 34  
3924 1614 2578    95 116 158  
3928 1693 2650    81 89 165  
0 0 2650    40 101 167  
0 0 0    135 125 40  
8074 5761 2665    156 120 165  
3948 0 0    132 96 47  
3918 1682 2653    83 112 176  
3948 1727 2666    141 117 87  
3889 1662 2660    51 147 155  
3932 0 0    94 94 35  
3913 0 2620    56 120 53  
3914 1691 2663    78 112 104  
3925 1680 2642    115 121 359  
0 0 2638    97 89 183  
3912 0 0    81 119 41  
3906 1666 2646    70 116 174  
3924 0 0    54 72 47  
3926 1712 2682    64 89 36  
0 0 0    34 29 59  
0 0 2639    69 121 177  
3924 1673 2636    81 111 167  
3933 0 0    100 85 34  
3931 0 0    112 70 38  
3909 1682 2660    93 135 134  
3925 0 0    75 108 49  
3955 0 0    130 110 37  
3912 0 0    103 112 44  
3942 1673 2619    72 47 263  
3911 0 0    87 103 36  
3904 1664 2649    58 80 156  
3921 0 0    99 116 68  
3932 1678 2634    83 93 241  
3920 0 0    101 79 63  
3932 0 0    124 126 5  
3930 0 0    131 109 47  
3938 0 0    102 82 43  
0 0 0    32 128 51  
3934 1667 2620    87 74 302  
4041 0 0    393 129 47  
3939 1684 2632    73 106 145  
3938 0 0    81 83 37  
0 1691 0    52 115 49  
3922 0 0    69 92 36  
3909 1668 2648    80 86 122  
3930 1694 2654    101 116 123  
3918 1692 2663    81 147 129  
3953 0 0    84 66 53  
3916 1689 0    93 143 175  
3927 1688 2649    77 109 139  
3915 0 0    102 83 38  
3908 1671 2660    77 108 216  
3927 0 0    116 126 44  
3946 1713 2655    226 117 160  
3911 0 0    101 101 39  
3911 1676 2649    97 106 165  
3915 0 0    52 151 37  
3920 1684 2651    73 164 171  
3930 0 0    93 78 160  
3921 1710 2674    118 82 95  
3881 0 0    90 101 35  
3898 1664 2651    87 82 205  
3916 1686 2656    81 98 105  
3918 0 0    84 116 61  
3895 0 0    86 75 36  
0 0 0    36 30 37  
3926 1687 2648    110 131 160  
3895 1667 2661    52 144 163  
3915 0 0    81 74 37  
3921 0 0    103 107 38  
3942 0 0    105 102 37  
3936 1717 0    126 123 87  
3905 0 0    81 138 40  
0 0 0    34 90 39  
3908 1674 2653    75 100 146  
3909 1665 2643    84 146 217  
3921 1709 2674    79 123 85  
3932 1697 2652    185 102 143  
3917 0 0    78 55 35  
3929 0 0    122 119 38  
3934 0 0    85 91 37  
3911 1661 2638    64 100 276  
3917 1677 2649    69 64 102  
3957 1708 2638    80 54 110  
3910 1680 2659    115 205 192  
3932 0 0    141 123 39  
0 0 2636    101 112 249  
3886 0 0    69 95 56  
3899 1691 2677    95 153 95  
9642 0 0    208 125 36  
3945 1685 2627    120 89 154  
0 0 0    125 37 47  
0 0 2605    88 61 143  
3929 0 0    154 129 35  
3871 0 0    41 283 40  
0 0 0    26 87 37  
0 1727 0    105 86 39  
3938 1700 2649    81 76 114  
3910 1655 2631    68 110 216  
0 0 2653    107 107 133  
3904 0 0    69 157 35  
3926 1689 2653    131 132 173  
3920 0 0    98 79 36  
3914 1673 2647    65 104 271  
3916 0 0    84 100 34  
3913 0 0    71 99 46  
3930 0 0    114 93 40  
3929 1683 0    116 118 271  
3939 0 0    94 101 36  
3932 1699 2656    69 109 94  
3901 1670 2657    94 72 220  
3933 0 0    93 101 49  
3919 1679 2646    67 119 176  
3924 12975 14378    99 76 39  
3937 1679 2628    89 67 158  
3936 0 0    81 104 32  
3927 1691 0    164 167 163  
3949 1713 2648    175 91 263  
3936 1678 2631    67 67 274  
3927 1698 2656    91 82 146  
3920 1678 2644    101 130 267  
3910 0 0    73 136 37  
3914 7371 8556    32 109 65  
3938 12977 14353    120 136 33  
3956 9310 0    104 71 137  
3959 0 0    202 85 37  
3903 1689 2676    65 97 82  
3940 1705 2652    107 176 146  
3916 0 0    67 69 43  
3940 0 0    91 65 35  
3932 1688 2642    82 90 188  
3941 1693 2638    202 138 206  
3901 1664 2648    64 116 177  
3921 1709 2675    56 100 100  
0 1727 8506    98 78 299  
3926 1686 2648    122 94 163  
3928 0 0    102 102 48  
3913 1667 2643    52 113 270  
3941 1682 2624    94 113 273  
3891 1652 2646    78 116 263  
3935 1688 2640    92 106 174  
3903 0 0    87 113 35  
3920 1680 2647    103 98 177  
3932 1705 2659    113 93 94  
3923 1700 0    110 66 151  
3936 0 0    153 104 32  
3927 0 0    93 114 72  
3908 0 0    51 82 35  
3922 0 0    77 113 33  
3918 1670 2640    50 74 175  
3921 0 0    101 137 49  
3902 0 0    85 121 39  
3923 1704 2667    95 91 86  
3936 1717 2666    133 148 88  
3909 0 0    95 99 37  
3952 1681 2617    62 78 167  
3932 1685 2638    143 59 157  
3930 1713 0    91 138 119  
3846 1625 2675    151 253 72  
3945 1717 2659    151 258 175  
3920 0 0    94 114 39  
3942 0 0    62 79 228  
3909 1687 2666    126 204 270  
3948 0 0    115 71 40  
3915 1701 2675    70 100 93  
3922 1681 2645    96 101 161  
3929 0 0    156 135 40  
3923 1676 2641    88 95 161  
3928 0 0    74 104 37  
3902 1672 2657    117 223 191  
3918 1693 2662    84 138 123  
3944 0 0    129 82 57  
0 0 2647    104 80 164  
3916 1713 2684    82 74 91  
3920 1682 2648    94 135 170  
3915 0 0    88 77 47  
3940 0 0    69 76 38  
3949 1677 2614    79 109 285  
3907 1670 2653    44 109 192  
0 0 2634    79 46 177  
3913 1678 2654    99 139 168  
3923 0 0    133 136 102  
3909 0 0    80 146 47  
3924 1684 2650    63 128 166  
3864 1705 2729    188 101 164  
0 1696 0    89 98 38  
3922 1702 2666    92 197 132  
3931 0 0    77 114 37  
3907 0 0    74 146 31  
0 0 14446    246 215 51  
3922 0 0    62 60 36  
3916 0 0    86 81 44  
3924 1676 0    72 96 179  
3948 1602 2543    205 95 93  
0 0 0    40 100 49  
3879 0 0    65 89 49  
3915 1687 2656    116 118 164  
3920 1797 2765    80 126 138  
3916 0 0    110 106 44  
3915 1716 2688    127 130 89  
3929 0 0    67 129 36  
3904 1701 0    80 119 144  
0 0 2645    73 66 127  
3932 0 0    72 97 38  
3896 1673 2661    55 106 168  
3928 1683 2641    104 109 173  
3929 1705 2665    210 164 120  
0 1682 0    39 26 146  
3907 0 0    83 76 43  
3932 0 0    139 87 41  
3953 1694 2629    168 70 188  
0 0 2655    110 76 101  
3937 1685 2633    94 144 203  
0 0 0    32 28 37  
3897 1666 2657    92 113 156  
3924 1688 2650    86 77 68  
3926 1679 2641    100 118 367  
3910 1695 2670    76 100 131  
3897 1674 2662    107 136 159  
3924 0 0    62 82 34  
3906 1675 2657    55 80 98  
3924 1678 2642    90 104 179  
3928 0 0    102 55 33  
0 0 2635    36 100 165  
3943 1702 2643    108 90 146  
3922 0 0    110 127 42  
0 0 0    60 101 38  
3935 1689 2646    232 140 178  
3905 0 0    82 98 38  
3923 1685 2649    83 75 128  
3890 0 0    97 84 41  
0 0 0    36 97 43  
3923 1678 2642    79 83 167  
3914 12964 14367    102 83 40  
3908 1671 2651    83 83 163  
0 1887 0    209 134 128  
0 1700 0    70 107 42  
3911 1689 0    90 104 170  
3916 0 0    58 68 38  
0 0 0    104 122 33  
3915 1669 2643    57 83 336  
3918 1702 2671    80 109 96  
3916 1673 2644    127 125 202  
3919 1679 0    239 249 414  
3917 1677 2645    89 97 176  
3940 1679 2623    128 121 254  
0 0 2666    40 129 110  
3928 0 0    58 90 74  
3916 0 0    73 79 30  
3923 0 0    69 82 60  
3901 0 0    58 113 35  
3923 0 0    91 83 35  
3917 1680 2650    90 169 129  
3914 1680 2655    118 136 184  
3910 1657 2634    76 88 404  
3923 1722 2687    95 107 82  
3916 0 0    88 109 43  
3919 0 0    92 97 34  
3872 1625 2638    74 109 168  
3922 0 0    93 92 38  
3925 1665 2629    109 159 474  
3952 0 0    92 82 38  
3922 0 0    65 101 41  
0 0 0    33 28 173  
0 0 0    132 219 46  
3927 1679 2634    83 71 183  
3931 1694 2650    132 115 310  
0 0 2703    54 99 256  
0 1688 2657    194 193 262  
3909 1667 2646    50 83 284  
3899 1661 2648    60 63 192  
3902 0 0    74 135 44  
3923 0 0    84 101 40  
3935 0 0    82 87 73  
3923 1694 2660    95 87 90  
3916 1663 2629    82 82 169  
3934 1687 2642    85 96 106  
0 0 0    35 21 36  
3923 1706 2667    175 129 121  
3914 1679 2654    86 73 196  
3913 1676 2651    58 112 157  
3899 0 0    105 103 53  
0 0 0    34 206 40  
3932 1686 2644    63 53 122  
3919 1679 2647    86 95 164  
3933 1811 2768    97 95 140  
3916 1691 2660    94 86 133  
3900 1664 2652    84 144 144  
3929 1685 2642    75 77 182  
3938 1641 2599    95 44 233  
3919 1681 2648    82 121 157  
3923 1705 2671    103 106 72  
3911 12971 14378    73 126 67  
9666 1656 2645    108 123 236  
3948 1712 2653    134 97 94  
0 0 0    33 22 140  
3925 0 0    92 97 40  
3918 1697 2666    87 107 84  
3919 1697 2664    104 104 188  
3903 1685 2668    70 146 119  
0 1723 0    73 73 48  
3893 0 0    105 106 38  
3930 0 0    91 80 34  
3929 0 0    92 94 38  
3908 1683 2666    77 104 177  
3933 0 0    126 129 42  
3937 0 0    100 108 38  
3925 1692 2654    87 157 151  
3922 1677 2640    100 97 198  
3897 1665 2655    95 98 169  
0 0 0    85 119 57  
3908 0 0    71 145 94  
3936 0 0    217 155 31  
3931 1665 2623    57 122 182  
3922 0 0    102 78 34  
0 0 2643    98 81 183  
3926 1680 0    101 91 187  
3931 1692 0    115 101 166  
3899 1661 2649    65 121 187  
3902 1676 2661    74 120 158  
0 0 0    33 26 37  
3892 1668 2671    97 119 128  
0 0 0    30 21 40  
3919 1690 2659    102 119 172  
3916 1678 2649    73 126 197  
0 0 2647    60 89 177  
0 0 0    37 244 39  
0 0 0    71 131 40  
3916 1682 0    69 94 126  
3921 1683 0    104 149 195  
3924 0 0    76 98 34  
3896 1674 2667    77 167 155  
3918 0 0    101 93 36  
3926 0 0    80 146 32  
3885 0 0    59 66 49  
3894 1648 2639    69 59 174  
3934 1697 2664    97 151 102  
3916 11037 12362    91 70 52  
3910 1681 2662    69 119 131  
3917 1690 2660    77 100 90  
3907 1675 0    76 90 152  
3931 1685 2642    83 61 163  
3910 12903 14310    77 139 100  
3929 0 0    146 110 170  
15548 13079 2646    101 92 131  
3913 1671 2647    60 83 187  
3916 0 0    92 104 30  
3932 0 0    94 114 42  
3900 1658 2646    75 119 165  
3897 1648 2638    66 123 300  
3944 1681 2625    89 68 162  
3924 1682 2647    95 104 174  
3924 0 0    86 96 36  
0 0 2703    82 68 315  
3937 0 0    139 88 33  
3933 0 0    78 73 37  
3919 0 0    90 90 35  
3941 0 0    84 93 40  
13410 10967 2630    82 86 275  
3931 0 0    79 111 41  
3927 1695 14869    128 110 177  
3930 1688 2646    54 85 151  
3943 1678 2622    94 77 130  
3891 1676 2673    84 339 363  
3915 0 0    86 82 39  
3931 1689 2629    86 87 126  
3951 0 0    113 71 47  
3937 0 0    102 148 36  
0 7392 0    183 115 44  
3933 1700 2656    74 228 90  
3887 1665 2662    80 137 247  
3923 0 0    96 161 33  
3899 1682 2670    156 165 172  
3917 1662 2632    77 86 233  
3921 1703 2672    96 98 104  
3937 1683 2647    79 90 161  
3920 0 0    62 111 32  
3880 0 0    51 166 35  
0 0 2612    116 63 140  
3941 0 0    103 92 39  
3901 1659 2645    66 85 295  
3907 0 0    86 116 54  
3978 1722 2638    180 73 250  
3914 0 0    80 134 67  
3896 0 0    77 117 295  
3921 1680 2649    88 98 179  
0 1827 2621    86 108 223  
3889 1654 2652    71 124 167  
3926 1679 2638    86 68 168  
3926 1686 2649    62 56 107  
3895 0 0    92 105 36  
0 0 2661    65 75 165  
3933 1700 2655    106 69 130  
3917 1700 2673    121 96 108  
3962 1723 2652    121 116 434  
3910 1656 2643    86 90 232  
3941 1682 2629    89 100 55  
3923 1678 0    58 123 177  
3933 0 0    83 81 49  
3875 1666 2694    166 83 117  
3927 1682 2643    123 86 183  
3930 1704 2663    85 59 89  
3923 0 0    59 66 39  
3910 0 0    79 101 43  
3914 1703 2677    52 121 76  
3904 1681 2665    133 227 201  
3906 1660 0    72 59 179  
3940 1681 2629    98 78 177  
0 1660 2645    95 76 166  
3922 0 0    87 107 36  
3939 1725 2675    176 93 75  
3918 0 0    92 133 38  
3900 1669 0    68 152 174  
3941 1797 2743    78 76 253  
3926 1674 2635    79 83 158  
3914 0 0    168 269 41  
0 0 2651    241 187 173  
3917 1679 2651    87 154 203  
3922 1684 2651    86 117 162  
0 0 0    139 96 37  
3932 0 0    89 120 40  
3921 1795 2763    78 92 147  
3905 1662 2647    64 61 148  
3953 1639 2575    52 75 550  
3899 1668 2660    70 124 183  
3899 13062 14482    68 130 145  
3914 0 0    85 112 63  
3925 1686 2651    115 92 156  
3933 1699 2659    89 101 124  
3938 1691 2642    84 88 141  
9747 7349 2604    106 92 201  
3933 1665 2620    70 65 420  
3928 1685 0    87 97 160  
3900 1704 0    118 75 108  
3931 1709 2664    130 76 100  
3926 1674 2634    92 83 153  
3916 0 0    118 101 42  
3916 1679 0    74 77 158  
3894 1732 2726    60 87 188  
3926 0 0    79 111 33  
3929 1688 2647    97 159 182  
3915 1676 2651    84 144 171  
3982 1707 2620    108 161 38  
3908 0 0    73 145 38  
3908 1673 2652    97 80 199  
3921 1669 2636    69 89 192  
3937 1665 2617    65 71 421  
3919 0 0    81 116 40  
3933 0 0    84 86 37  
3885 0 0    59 134 73  
3927 1690 0    73 91 136  
3911 1664 2639    79 112 317  
3942 1712 2659    119 104 92  
3912 0 0    67 94 40  
0 0 0    206 98 28  
3944 1683 2627    97 55 149  
3922 1675 2640    95 108 248  
3912 1700 2678    213 182 116  
3927 1704 2665    117 86 304  
3919 1673 2643    58 82 204  
3916 0 0    60 94 51  
3927 1682 2643    136 147 197  
3899 1669 2655    64 178 191  
3923 0 0    87 96 41  
3928 1686 2647    92 66 171  
3939 0 0    103 79 39  
0 1700 2658    47 182 173  
3939 1681 0    95 112 356  
3913 1696 0    97 129 110  
3916 0 0    84 111 54  
3935 1795 2751    56 53 148  
3917 1674 2667    85 99 252  
3899 0 0    102 146 38  
3915 1694 2671    50 87 116  
3899 1671 0    72 102 179  
3917 1700 2671    83 192 110  
3919 0 0    76 86 35  
0 1726 2666    62 158 122  
0 0 0    34 29 48  
3928 0 0    72 92 38  
3962 0 0    122 86 30  
3909 0 0    77 111 58  
3922 1692 2657    151 107 164  
3946 1690 2630    107 94 156  
3941 1708 2658    131 95 151  
3931 0 0    115 101 42  
0 0 2670    87 81 102  
3900 0 0    83 123 36  
3815 0 0    79 85 189  
3930 1689 2649    193 126 371  
3918 13126 14527    92 75 45  
3931 0 0    80 88 37  
3934 0 0    94 77 39  
3923 1681 2644    82 117 175  
3928 0 0    96 83 30  
0 0 0    34 30 37  
3911 1592 2575    75 109 256  
3948 0 0    213 137 52  
3929 0 0    107 69 65  
3928 0 0    139 98 44  
3923 1675 2640    87 61 150  
3934 0 0    120 107 39  
3902 0 0    52 130 74  
3936 1683 2640    82 73 178  
0 1682 2660    133 179 340  
3939 0 0    75 85 59  
3960 0 0    123 92 37  
3924 1664 2639    71 84 177  
3928 1780 2741    76 83 149  
3909 1674 2653    87 109 162  
15368 1651 0    59 122 51  
3925 1693 2655    75 84 141  
3924 0 0    78 104 46  
3919 1676 2642    85 97 195  
3922 0 0    70 76 34  
3925 0 0    72 125 37  
0 0 0    101 114 129  
0 0 8494    69 88 192  
0 0 0    126 172 39  
3928 1718 2680    120 118 111  
3928 1704 2667    292 282 175  
3934 0 0    94 82 37  
3913 0 0    80 98 49  
3919 12997 14396    105 88 53  
3913 0 0    113 67 99  
3914 0 0    87 110 30  
3951 1686 2625    150 65 268  
3925 1695 2657    70 95 125  
0 1728 2760    118 79 175  
15526 13098 2687    105 92 72  
3919 1681 2651    70 88 145  
3916 0 0    81 144 40  
3923 0 0    112 81 51  
3928 0 0    81 88 36  
3929 1677 2637    71 91 277  
3894 1683 2677    58 117 85  
3922 1683 2656    118 189 279  
3924 0 0    75 119 38  
15576 0 8575    113 100 121  
3908 1683 2662    62 82 151  
3930 1705 2664    123 118 121  
3932 0 0    87 136 37  
3942 0 0    104 60 40  
3910 0 0    64 121 29  
3915 0 0    116 123 39  
3907 1673 2655    89 133 224  
3925 0 0    74 64 136  
3934 0 0    68 83 61  
3902 0 0    80 82 35  
3931 1690 2647    58 129 187  
3934 0 0    93 70 35  
3933 0 0    134 133 63  
3921 1707 2673    82 127 97  
3921 1688 2656    73 121 118  
3905 1672 2656    81 89 175  
3897 1676 2667    81 195 183  
0 0 0    84 122 36  
3927 1679 2640    97 62 210  
3898 0 0    115 79 64  
3941 1686 2633    176 158 346  
3941 1682 2627    94 47 184  
3939 0 0    109 109 37  
3917 0 0    80 71 37  
3918 1667 2635    66 84 330  
3920 0 0    84 86 42  
3950 0 2624    126 59 72  
3938 0 0    65 79 36  
3921 1680 2646    88 74 282  
3928 1684 2639    96 68 174  
3939 1703 2651    96 75 100  
3919 0 0    82 115 71  
3913 1682 2659    100 112 158  
3937 0 0    111 120 36  
3923 0 0    81 143 36  
3919 1683 2654    82 127 289  
3914 0 0    92 117 35  
3936 1688 2638    79 77 141  
3927 0 0    133 102 36  
0 1750 0    42 90 393  
0 0 2651    94 93 194  
3926 1677 2639    56 82 158  
3928 0 0    153 106 40  
3894 1658 2652    92 128 188  
3935 0 0    81 84 62  
3910 1677 2654    90 86 175  
3889 1680 2678    60 102 106  
3910 0 0    66 92 39  
3920 1671 0    77 63 154  
3927 0 0    119 138 39  
4007 0 0    235 106 71  
3918 0 0    75 110 30  
0 0 2640    68 74 161  
3962 1693 2618    105 59 188  
0 1698 8422    105 84 171  
3908 0 0    92 79 35  
3929 0 0    147 180 41  
3939 1701 2650    122 125 147  
3926 0 0    93 90 34  
3901 1664 0    79 107 264  
3910 0 0    83 115 37  
3932 0 0    93 112 36  
0 1698 0    97 150 40  
3930 1697 2655    67 89 177  
15500 1693 2625    64 53 124  
3919 0 0    76 83 54  
3904 1659 2643    69 133 436  
3918 1667 2639    96 131 356  
3923 0 0    155 89 34  
0 0 0    65 77 174  
3931 1689 2645    99 72 159  
3911 0 0    172 143 37  
3887 0 0    49 109 35  
3906 0 0    97 86 39  
3893 1655 2646    61 112 144  
0 1737 0    179 104 75  
3924 0 0    66 129 42  
3898 1673 2662    79 104 156  
0 1677 0    127 26 289  
3911 1675 2653    60 115 188  
3918 0 0    70 93 55  
0 1725 0    74 80 40  
3949 1607 2549    46 160 234  
3928 0 0    92 93 36  
3934 0 0    85 122 30  
3916 0 0    113 118 46  
3887 0 0    53 95 30  
3936 0 0    112 97 46  
3921 1695 2664    75 62 73  
3867 0 0    102 120 37  
3932 1688 2643    95 109 148  
3919 1777 2751    65 101 176  
3916 1689 2660    69 98 150  
3936 1692 2643    117 95 205  
3910 1674 2652    94 109 165  
3908 1697 2678    94 109 115  
3924 0 0    70 86 42  
3926 1691 2651    115 85 130  
3907 1674 2648    81 120 206  
0 0 2659    107 123 153  
3918 1707 2679    88 119 99  
3941 0 0    116 115 39  
3932 1691 2650    68 118 112  
3919 0 0    108 97 36  
3888 0 0    47 94 39  
3929 1700 0    59 83 133  
3833 12878 14370    63 175 39  
3919 1703 2671    87 84 87  
3912 0 0    120 182 47  
3922 1684 2649    86 96 251  
3925 1681 2641    110 100 186  
3924 1688 2653    94 103 184  
3920 0 0    95 84 42  
3877 1688 2698    91 102 82  
0 0 0    78 117 223  
0 0 2638    105 114 140  
3924 1681 2644    85 76 184  
3899 1670 2659    88 108 210  
3889 1678 2676    59 91 104  
3920 0 0    236 157 35  
0 1701 14275    84 22 90  
0 1685 2659    84 94 113  
3955 0 0    121 111 51  
0 0 2627    97 66 109  
3907 1675 8563    89 211 237  
3926 0 0    111 88 54  
3930 1681 2640    95 112 181  
3918 1696 2664    86 123 113  
3919 1691 2657    94 104 174  
0 7343 2621    209 83 182  
3913 0 0    81 98 40  
3833 1641 2696    95 86 32  
3916 0 0    79 155 36  
3932 0 0    113 84 53  
3918 1683 2650    76 92 202  
3928 1696 2658    94 68 144  
0 1720 0    291 78 37  
3930 1682 2638    103 120 169  
3934 1687 2642    93 62 172  
3905 0 0    71 108 51  
0 1782 14436    98 102 41  
3950 1700 2637    56 63 80  
3916 0 0    67 107 37  
3926 0 0    62 89 41  
0 0 0    59 103 52  
3931 0 0    68 84 36  
3936 0 0    126 80 41  
3905 0 0    81 137 39  
3992 0 0    214 87 42  
3915 1691 2664    70 100 113  
3929 0 0    83 66 38  
3929 1705 2662    91 117 125  
3938 1677 2626    98 81 163  
3896 0 0    77 77 63  
0 0 0    70 121 34  
0 0 0    97 112 175  
3916 1668 2639    59 126 288  
0 0 2661    76 106 168  
0 0 0    65 136 38  
0 0 0    202 27 35  
3914 0 0    85 113 46  
3920 1686 2653    87 106 169  
3928 1730 2689    174 229 78  
3877 0 0    110 67 58  
3912 0 0    72 131 41  
3931 1674 2631    89 106 175  
0 0 2650    32 44 150  
9810 7471 2666    151 69 133  
3909 0 0    116 137 69  
3928 0 0    143 197 37  
3942 0 0    92 64 48  
3920 1701 2668    110 152 116  
3911 0 0    93 115 32  
9969 0 0    181 97 32  
3907 1680 2664    71 95 159  
3862 0 0    115 106 143  
3919 1669 0    61 102 182  
3894 1654 2654    80 107 266  
0 1692 0    89 100 174  
3932 1698 2655    89 90 103  
3929 1673 2633    93 90 331  
3918 1618 0    75 55 297  
3913 0 0    63 97 37  
3919 1670 2639    104 91 261  
3923 0 0    113 192 41  
3936 0 0    96 106 37  
3931 1689 2646    103 79 173  
3902 0 0    75 64 35  
3922 1681 2645    55 88 223  
3915 1645 2619    105 105 405  
0 0 0    34 29 44  
3936 0 0    92 81 44  
3915 1646 2619    74 104 277  
3917 1674 2643    78 65 190  
3905 0 0    55 133 34  
3896 1701 2689    78 66 91  
3918 1654 2622    108 60 190  
3960 1721 2669    169 77 219  
3926 1785 2748    96 91 183  
3913 1694 2673    74 116 124  
3918 1677 2646    58 69 289  
3930 0 0    74 85 36  
3924 1676 2640    88 100 162  
3924 1806 2773    94 129 152  
3906 0 0    44 77 36  
3916 0 0    85 85 37  
3914 1693 2671    87 110 95  
3931 1673 2627    99 117 366  
0 1719 0    75 131 38  
3914 1727 0    164 88 78  
0 0 0    64 88 36  
3934 1689 2642    106 97 187  
3909 0 0    130 155 43  
3937 0 0    54 99 37  
3928 1686 2645    128 72 172  
3917 1677 2648    77 127 205  
3938 0 0    114 96 72  
3923 1687 2650    84 81 133  
9724 1687 2628    139 50 151  
3922 1687 2653    80 84 145  
0 0 0    38 166 305  
3920 0 0    80 167 59  
3936 1671 2621    77 66 187  
3909 0 0    72 82 39  
3927 1702 0    105 49 86  
3917 1668 2638    82 115 152  
3939 1709 2656    92 59 81  
3924 1679 2643    86 71 210  
3945 0 0    203 140 36  
3933 0 0    102 97 49  
3952 0 0    125 105 36  
3918 1684 2654    114 92 164  
3934 0 0    100 85 6  
3946 0 0    220 82 37  
3922 1705 2674    120 95 117  
3921 1683 2651    112 78 136  
3934 1696 2654    132 136 168  
3903 1653 2636    59 86 268  
3944 1719 2661    131 135 117  
3927 1669 2628    85 65 219  
3935 1689 0    68 88 100  
0 0 0    93 82 61  
3931 1688 2644    81 88 184  
3944 0 0    166 103 37  
3909 0 2646    68 209 96  
3896 1664 2656    58 114 184  
3943 0 0    73 80 49  
3934 1700 2651    115 111 87  
3923 0 0    57 74 29  
3912 1677 2652    74 101 164  
0 0 0    110 168 39  
3932 1704 2658    95 112 142  
3940 1716 2665    140 90 104  
3939 0 0    133 124 39  
3928 0 0    244 127 55  
3908 1684 2662    77 99 151  
3936 0 0    95 87 37  
3915 0 0    84 128 52  
3919 0 0    86 70 35  
3928 1699 2659    82 86 121  
3901 1774 2761    84 118 142  
15382 0 0    121 150 41  
3922 0 0    80 98 37  
3931 3787 4824    212 183 151  
3912 1668 2644    79 122 188  
3913 1680 2650    87 111 192  
3910 7351 8539    70 156 287  
3936 0 0    80 85 37  
3983 13083 14420    191 72 40  
3931 0 0    82 104 34  
3930 1677 2635    79 90 157  
3920 0 0    111 119 36  
3946 1686 2626    108 103 289  
3918 1699 2668    50 71 103  
3913 1679 0    82 108 187  
15399 12923 2632    109 105 177  
0 0 0    35 179 40  
3921 0 0    63 101 38  
3897 0 0    54 77 36  
3920 13018 14413    242 284 93  
3939 1698 2644    208 126 219  
3924 1697 0    74 120 111  
3899 0 0    57 128 71  
0 0 0    118 100 63  
3991 1745 2643    203 69 156  
3931 0 0    101 102 44  
3893 1649 0    74 164 309  
3903 1700 2684    131 213 118  
3936 1675 2643    87 82 225  
3931 1716 2672    87 101 84  
3921 1685 2651    90 124 127  
3920 1685 2650    81 141 143  
3921 1671 2641    141 144 347  
3911 0 0    95 101 40  
3922 0 0    162 103 42  
3949 0 0    94 57 41  
0 0 0    34 31 36  
3971 10972 12240    48 51 35  
3919 0 0    68 111 48  
3929 1681 2642    92 87 219  
3935 0 0    185 165 32  
3921 0 0    105 74 36  
3937 0 0    103 99 43  
3934 12967 0    73 90 26  
3953 0 0    123 73 79  
3907 0 0    78 82 36  
3933 0 0    130 57 36  
3903 1663 2649    65 91 164  
3933 0 0    119 123 37  
3908 1676 2654    52 86 157  
3926 0 0    126 108 38  
3915 1694 0    108 100 140  
3948 1698 2638    101 73 110  
3912 1672 0    63 77 166  
3923 1675 2643    105 74 298  
3931 1672 2628    94 99 175  
0 1730 2627    59 124 338  
3897 1685 2673    77 217 111  
3929 1698 2655    99 96 106  
3952 1695 2640    98 79 191  
3953 1708 2644    277 84 150  
3932 1707 2663    116 133 96  
0 0 2674    65 216 165  
3931 0 0    105 123 63  
3894 0 0    82 127 71  
3906 1724 2704    142 156 82  
0 0 0    111 79 35  
3904 0 0    59 100 39  
3910 1684 2662    83 108 145  
15428 1726 0    118 209 68  
3938 0 0    101 79 39  
3905 1676 2657    62 75 124  
3909 1666 2651    103 86 179  
3915 1666 2639    70 113 123  
3917 0 0    189 77 40  
3914 1691 2664    112 142 145  
3924 0 0    94 143 56  
3931 1694 2650    123 199 159  
3922 1688 2652    79 125 179  
3915 0 0    84 90 35  
3936 0 0    103 73 39  
3926 0 0    135 139 33  
3934 0 0    113 83 41  
0 0 2640    41 128 207  
3927 1707 2669    75 110 117  
0 1697 0    130 146 38  
3933 1675 2631    61 93 174  
3924 0 0    86 96 42  
3989 7373 0    82 110 130  
3940 1688 2638    90 97 178  
0 0 0    33 186 38  
3922 1681 2648    89 87 178  
3936 1697 2653    123 124 149  
3927 1696 2659    96 84 133  
3929 1715 2677    67 97 132  
3936 1684 2636    77 107 189  
3931 0 0    197 202 41  
3916 0 0    75 123 37  
15460 0 0    114 123 36  
3923 1684 0    104 103 182  
3925 0 0    129 81 45  
0 0 0    103 73 36  
3931 1672 0    80 57 177  
3912 1674 2650    92 120 193  
3921 1680 2643    84 66 148  
3912 0 0    83 108 38  
3917 0 0    83 93 46  
3920 0 0    107 95 47  
3917 7358 8543    95 138 197  
0 0 0    216 154 163  
3919 1710 0    150 141 108  
3922 1685 2652    114 100 271  
3917 0 0    90 70 36  
3935 0 0    179 95 39  
3894 0 0    69 106 40  
3944 0 0    68 69 45  
3936 1695 2645    264 91 109  
3923 0 0    48 95 43  
3910 0 0    122 194 37  
3924 0 0    82 84 38  
3908 1670 2649    97 115 382  
3899 1652 2640    78 227 437  
3936 1698 2651    118 74 117  
3943 1695 2640    107 93 157  
3908 1682 2661    116 155 120  
0 0 0    75 98 49  
3933 1695 2650    108 83 113  
3933 0 0    86 58 46  
3933 0 0    88 131 46  
0 0 0    114 85 38  
3932 1671 2630    110 116 261  
3950 1706 2647    166 104 139  
3905 1672 2655    63 98 170  
0 0 0    57 121 48  
3909 1682 2663    79 137 231  
3934 1683 2635    93 58 147  
3913 0 0    56 172 38  
3934 0 0    78 87 36  
3966 1810 2736    94 80 98  
3936 0 0    71 56 36  
3892 0 0    55 172 37  
3938 1687 2634    92 122 125  
3890 1745 2745    111 92 41  
3918 0 0    77 119 37  
3943 0 0    106 91 33  
3901 0 0    78 121 36  
3944 0 0    80 84 46  
3917 1677 2649    63 117 188  
3937 0 0    89 75 39  
3912 0 0    97 122 36  
3903 1671 2657    70 110 150  
3918 0 0    107 90 59  
3954 1707 2644    118 61 111  
3933 0 0    77 77 38  
3922 1691 2658    85 111 126  
3933 0 0    144 169 52  
3917 1676 0    92 140 169  
3961 1681 2609    162 56 194  
3914 1692 2668    156 209 136  
3885 0 0    78 172 38  
3923 1666 2631    74 91 365  
3921 1651 2621    90 72 223  
3937 1697 2648    81 82 179  
3927 0 0    71 96 34  
3930 1582 2543    101 82 154  
3926 1667 2627    77 95 344  
0 1758 2648    120 103 184  
3932 1701 2658    99 139 131  
0 1724 2632    112 92 227  
3910 0 0    70 90 46  
3925 1682 2644    84 71 206  
3937 0 0    82 89 54  
3929 0 0    90 108 40  
3920 0 0    86 148 57  
3918 1675 2644    67 95 256  
3932 0 0    109 66 35  
3933 12946 14331    140 130 35  
4018 1679 2548    74 106 213  
3910 1683 2660    94 118 161  
3914 0 0    58 79 37  
0 0 8515    105 139 228  
3916 0 0    77 133 70  
3918 0 0    93 108 36  
3926 1687 2649    104 109 180  
3925 1689 2650    94 112 145  
3932 0 0    89 78 39  
3922 0 0    89 90 47  
3931 1716 2672    112 79 73  
3915 1680 2653    88 111 139  
3918 1662 0    63 82 151  
0 0 0    80 61 34  
3920 0 0    100 82 34  
3911 0 0    84 105 34  
3909 0 0    88 100 38  
3949 1684 2622    83 89 189  
3959 1693 2624    91 91 136  
3957 0 0    198 40 44  
3933 0 0    100 60 36  
3949 1675 2615    108 78 263  
3908 0 0    139 109 65  
3928 0 0    95 127 51  
3935 1734 2688    84 81 81  
3913 0 0    89 146 109  
0 1680 14537    86 90 509  
3948 0 0    62 87 39  
3911 1652 2628    96 63 166  
3940 0 0    108 104 39  
3954 1677 2616    85 106 151  
3898 1671 2663    80 133 178  
3942 1703 0    164 129 264  
3947 0 0    173 172 37  
3929 0 0    51 93 49  
3908 0 0    82 84 42  
3894 1669 2664    75 190 159  
0 0 2643    92 94 143  
3922 1682 2651    74 110 182  
0 0 0    40 22 31  
3921 7107 8278    113 106 180  
3919 1670 2638    125 125 460  
3902 1672 2660    70 82 185  
3936 1688 2641    91 68 157  
3913 1640 2615    81 89 193  
3898 0 0    71 125 34  
3913 0 0    78 117 40  
0 0 0    62 70 42  
3922 1724 0    111 87 81  
3930 1719 2678    96 123 107  
3929 1702 2661    145 98 139  
3817 1788 2863    138 111 91  
3917 1678 2648    106 148 107  
3926 1620 2581    116 100 162  
0 0 0    81 76 41  
3914 1692 0    64 124 136  
3908 7336 8528    70 84 165  
0 0 0    76 25 37  
0 1712 0    106 104 39  
0 0 2661    70 119 93  
3918 0 0    87 44 41  
3915 1685 0    57 83 147  
3951 7297 8448    135 97 149  
3909 0 0    77 129 54  
0 0 2644    39 101 279  
3931 1706 2664    82 107 96  
3928 0 0    60 75 42  
3919 0 0    72 114 62  
3908 0 0    63 124 64  
3933 1713 2665    122 94 144  
3932 0 0    68 77 39  
3893 0 0    45 84 13  
15456 1681 2635    161 99 152  
3926 0 0    136 132 38  
3910 0 0    91 309 33  
3931 1701 2657    83 97 97  
3927 0 0    88 88 37  
3970 1688 2602    169 197 156  
3941 1688 2635    53 80 167  
3923 1680 2645    76 67 159  
3924 1685 2649    87 124 160  
3935 0 0    116 108 43  
3923 1689 2655    122 110 169  
3916 1691 2661    79 83 112  
3932 1687 2644    81 127 169  
3921 0 0    155 137 40  
3916 1677 2648    84 96 163  
0 0 0    54 30 37  
3904 0 0    83 87 35  
3925 0 0    78 91 56  
3939 1691 2640    100 62 181  
3921 1678 2643    81 115 219  
3915 1679 0    107 192 247  
3920 1688 0    77 140 130  
3919 0 0    43 83 44  
3936 0 0    99 89 38  
0 1687 5771    89 118 160  
3908 1706 2685    54 137 85  
3964 0 0    85 62 35  
3934 1618 2572    100 65 176  
3929 1681 2640    96 72 181  
3926 0 0    90 66 54  
3923 1678 2643    85 88 245  
3924 1686 2652    76 80 199  
3930 1665 0    90 77 198  
3898 0 0    64 74 36  
3917 1679 2651    63 115 175  
3941 0 0    79 82 35  
3944 1699 2648    258 161 323  
3933 1804 2761    81 117 119  
3929 1664 2623    73 98 186  
3941 1709 2655    89 70 90  
3923 1690 2654    177 149 183  
3928 1672 2634    103 97 357  
3927 1704 2665    69 136 233  
3927 1711 0    161 231 285  
3918 0 0    72 157 36  
3858 1691 2726    111 82 229  
0 0 0    105 86 60  
3935 0 0    244 196 41  
3913 1662 2637    62 68 179  
3904 0 0    58 117 39  
0 1724 2634    136 84 115  
3946 1713 2657    184 152 155  
3928 0 0    83 72 37  
3949 1697 2637    108 144 122  
0 1698 2649    99 89 168  
3879 0 0    66 221 35  
3957 0 0    79 112 36  
3870 1681 2557    135 189 36  
3926 1691 2655    104 142 151  
9788 1708 2631    91 113 192  
3933 1709 2663    145 118 125  
3916 0 0    135 98 35  
3915 1669 2642    76 74 240  
3924 1692 0    96 72 112  
3942 1728 2675    94 109 76  
0 1732 0    92 189 229  
3933 1713 2668    81 62 91  
3915 1682 2654    183 210 303  
3936 0 0    80 148 37  
0 0 0    37 29 36  
3952 1693 2628    130 55 154  
3915 1687 2660    55 68 155  
3926 0 0    86 100 38  
3927 1681 2644    80 119 156  
9721 0 0    113 80 39  
0 12951 2615    100 75 343  
3928 1710 2669    84 85 91  
3931 12929 14311    102 66 67  
3930 1682 2640    86 74 170  
3944 1686 2633    128 111 183  
3913 1659 2632    76 116 266  
3901 1778 2767    101 120 167  
3914 1687 2660    103 145 143  
3905 0 0    97 88 40  
3904 1668 2652    64 117 167  
3932 0 0    69 76 38  
3926 1684 2646    86 88 159  
3950 1679 2618    83 71 258  
3894 0 0    82 95 39  
3914 0 0    142 211 39  
3926 0 0    94 83 34  
3914 1669 2643    66 189 286  
3914 1775 2750    66 72 180  
3922 1718 2686    99 107 73  
3973 1810 0    98 90 149  
3907 1688 2668    83 93 117  
3883 1653 2658    48 98 155  
0 0 2677    33 137 90  
3898 1657 2649    86 102 176  
3910 1672 2656    54 100 180  
3910 1664 0    68 99 191  
3910 1769 2747    60 121 117  
3931 0 0    61 81 47  
3901 1710 2696    84 99 77  
3958 0 0    199 101 36  
0 0 0    195 169 120  
3907 1675 2656    93 133 195  
0 0 2628    133 47 168  
3916 0 0    134 150 39  
3932 1675 2632    76 102 175  
3914 0 0    86 116 35  
3955 0 0    96 94 190  
3908 0 0    61 143 38  
3933 0 0    120 128 40  
3948 0 0    55 94 342  
3931 1678 2635    81 117 190  
3917 0 0    68 99 43  
3917 0 0    64 86 124  
3925 13090 14486    54 92 41  
3935 0 0    140 109 43  
3912 1662 2638    85 96 293  
3922 1679 0    97 111 175  
3903 0 0    105 79 45  
3935 1680 0    57 69 200  
3909 13058 14470    78 106 39  
3943 1707 2657    90 117 125  
0 0 0    34 174 38  
3934 1689 0    220 109 165  
3919 1799 2771    78 119 178  
0 0 2627    74 115 81  
3935 1673 2630    107 80 189  
3916 1695 2666    83 134 107  
3950 0 0    183 85 49  
3903 0 0    76 98 35  
3928 1687 2646    125 117 313  
3925 0 0    61 82 110  
3906 0 0    75 103 39  
3927 1710 0    221 98 121  
3873 1741 2755    81 122 187  
3942 1678 2621    77 66 146  
3905 1667 2653    82 179 246  
3926 1674 2635    59 62 183  
3913 1679 2652    83 86 145  
3916 0 0    79 130 35  
3933 1678 2638    77 99 135  
3934 0 0    105 76 38  
0 0 0    31 24 160  
0 1728 8665    67 178 186  
0 0 2648    114 75 276  
0 0 0    190 90 32  
3932 0 0    64 95 57  
3940 0 0    88 73 41  
3926 0 0    111 84 63  
15544 13074 2643    147 92 342  
3953 1736 2670    95 67 71  
3903 0 0    50 81 46  
3922 0 0    114 118 37  
3920 0 0    237 126 40  
3902 1677 2663    79 106 147  
3926 1678 2638    77 114 177  
3920 0 0    87 102 41  
3918 1719 2687    146 247 109  
3931 1678 2635    77 93 183  
3931 0 0    74 70 49  
3912 1687 2663    87 98 133  
0 0 0    36 24 38  
3944 0 0    98 54 39  
3916 1696 2670    84 125 145  
3910 1671 2648    61 85 193  
3932 1688 2644    78 88 164  
3957 1679 2608    98 83 252  
3919 1675 2649    52 110 168  
3915 0 0    146 204 58  
3925 1667 2634    95 79 200  
3952 1688 2627    93 65 173  
3936 1690 0    100 71 175  
3902 1676 2662    84 117 148  
3876 0 0    90 85 38  
3924 0 0    67 70 53  
3929 0 0    106 101 53  
3946 1704 2645    117 109 115  
3908 1679 2659    209 207 217  
0 0 0    33 25 36  
3926 1697 2656    116 90 137  
3929 1679 2638    104 111 206  
3922 0 0    87 86 61  
3916 0 0    81 96 40  
0 0 2650    72 81 195  
3865 0 0    114 215 58  
0 0 0    28 18 50  
3898 1684 2675    76 116 86  
3925 0 0    74 110 39  
3898 1665 2654    48 97 146  
3912 0 0    72 65 40  
3933 1683 2631    146 140 180  
3928 1666 2624    111 82 445  
0 1680 2640    68 103 150  
3942 1646 2704    95 79 529  
3941 0 0    91 81 48  
3907 1672 2654    85 92 174  
3911 1669 2676    75 106 240  
3935 1694 2646    103 86 122  
0 0 0    33 209 35  
3917 0 0    103 136 39  
0 1763 2650    47 85 154  
3922 1683 2650    105 114 180  
0 0 0    67 162 41  
3944 1701 2642    90 130 137  
9738 7369 2636    146 77 211  
0 1725 0    87 131 36  
3927 1695 2656    105 96 152  
3884 0 0    53 64 45  
3921 0 0    87 90 39  
3940 1708 2655    44 63 96  
3918 1809 2778    47 131 99  
3921 0 0    81 88 37  
0 0 2656    68 66 108  
3919 0 0    76 86 37  
3938 1708 2659    103 116 97  
0 0 0    356 70 64  
3942 1699 2643    82 93 131  
3922 1692 2659    79 50 132  
3881 1641 2645    71 104 287  
0 1715 2686    195 117 166  
0 1770 0    34 29 36  
3919 1683 2655    103 177 168  
3910 1670 2647    49 112 184  
3906 0 0    60 78 63  
0 1720 2631    99 99 38  
3921 0 0    66 123 43  
3950 1700 2638    127 116 175  
0 0 0    33 35 38  
3914 1681 2654    99 90 178  
3936 1691 2646    115 101 163  
3903 0 0    59 59 40  
3921 0 0    129 83 35  
3921 0 0    122 76 48  
3904 0 0    99 62 32  
3943 0 0    169 173 37  
3944 1694 2639    118 75 198  
3940 0 0    112 97 27  
3928 1677 2636    102 73 225  
3926 0 0    79 112 68  
3916 1701 2679    74 119 79  
0 0 0    82 111 28  
3928 1703 2664    52 107 102  
3936 0 0    96 107 56  
3913 0 0    53 117 26  
3902 1689 2673    76 92 75  
3927 1692 2651    73 87 132  
3916 0 0    114 117 53  
3910 1701 2679    77 101 96  
3895 1651 2642    60 109 212  
3945 1691 2631    83 63 134  
3920 1689 2658    119 167 173  
3916 0 0    87 125 36  
3931 1692 2647    88 132 164  
3931 0 0    92 68 36  
3918 1669 2638    69 80 181  
3896 1670 2661    57 104 162  
3935 1687 0    123 61 208  
0 0 2642    226 88 178  
3925 1709 0    95 91 96  
3885 0 0    78 100 39  
3894 0 0    52 334 49  
3910 0 0    88 105 39  
3966 1742 0    180 141 138  
3911 1670 2645    85 84 244  
3922 1674 0    87 84 166  
0 0 0    33 21 109  
0 0 0    34 28 153  
3919 0 0    83 89 37  
0 1700 2620    39 33 31  
15495 1738 0    81 78 219  
0 0 2661    108 85 96  
3936 1670 2621    61 56 184  
0 0 0    32 87 40  
3920 1702 2671    99 112 81  
9780 7411 2640    97 81 48  
3923 1807 2771    87 100 118  
3937 1689 2635    87 104 53  
3875 1646 2661    60 115 181  
3903 1649 2632    71 94 430  
3930 1728 2687    98 127 86  
3920 1700 2671    94 115 84  
3910 1654 2640    69 82 124  
3935 1698 2650    96 111 150  
0 0 0    139 115 48  
3904 1661 2644    71 98 176  
3921 0 0    130 90 60  
3903 1680 2664    70 120 128  
3934 1672 2629    71 105 323  
3906 7321 8513    150 148 193  
3871 1626 2642    51 109 202  
3913 7380 8572    88 180 68  
3932 1681 2636    85 120 181  
3913 1711 2682    100 110 81  
3929 0 0    141 138 47  
3918 1660 2630    64 68 200  
0 0 0    33 68 93  
3917 1657 2624    64 97 231  
3924 0 0    79 107 39  
0 0 0    34 20 28  
3900 1779 2770    53 117 233  
3937 1707 2657    162 91 106  
3931 0 0    65 78 61  
0 0 2643    64 97 156  
0 1697 14355    97 79 52  
3943 1674 2619    54 100 274  
3917 12981 14376    80 101 149  
0 1718 0    97 93 35  
3912 1663 2638    86 102 389  
3909 0 0    53 97 82  
3943 1812 2760    94 69 101  
3944 0 0    90 65 36  
3908 0 0    86 80 38  
3936 0 0    64 49 43  
3932 0 0    86 72 40  
3932 1677 2635    83 106 168  
3926 0 0    99 67 43  
3913 0 0    88 97 40  
3916 0 0    92 126 38  
3936 0 0    85 68 34  
3924 1695 2657    67 86 110  
3936 1691 2642    96 61 127  
3915 0 0    69 92 46  
0 0 0    36 29 37  
3933 0 0    85 131 161  
3908 1692 2668    59 120 110  
3923 1680 2646    91 111 187  
3940 1694 2641    90 109 178  
3936 0 0    140 142 37  
3927 1700 2661    120 161 142  
3931 1687 2644    87 72 166  
3927 1698 2659    136 63 134  
3918 0 0    57 94 43  
3911 1677 2660    96 77 209  
0 1714 2654    77 123 210  
0 0 0    102 69 241  
3856 0 2644    115 192 36  
3926 1691 2652    125 107 156  
3920 0 0    138 237 34  
3897 1680 2671    112 128 50  
3925 0 0    201 225 34  
3922 1683 2647    52 92 117  
3934 1684 2639    77 65 158  
3917 7393 0    185 126 151  
3927 7258 8434    138 87 132  
3918 0 0    84 75 36  
0 0 0    39 31 31  
3906 1778 2763    83 116 141  
3923 0 0    101 105 50  
3921 0 0    59 89 37  
3927 1678 2641    72 108 110  
0 0 0    34 26 38  
3917 0 0    104 106 35  
3933 7264 8432    71 99 175  
3892 0 0    58 128 70  
3924 1794 2759    127 113 165  
9794 7434 2644    121 122 223  
3946 1716 2658    81 131 53  
3906 1649 2630    87 57 261  
3879 1683 0    75 114 273  
3907 0 0    81 100 55  
3919 0 0    72 121 52  
3930 0 0    82 101 72  
3927 0 0    71 75 40  
3915 1705 2676    59 89 107  
3951 0 0    117 65 64  
3937 1699 2647    82 118 164  
0 0 2647    69 129 135  
3947 0 0    209 134 59  
3941 1690 2638    135 110 175  
3926 0 0    101 132 37  
3914 0 0    79 119 59  
0 1730 2624    154 104 190  
0 0 2647    66 86 173  
3951 0 0    89 61 17  
5934 0 0    136 78 40  
3920 0 0    85 111 31  
3940 1691 2641    88 87 117  
3946 0 0    99 64 35  
3914 1664 2637    89 81 192  
3928 1677 0    110 99 263  
3901 1667 2655    61 125 164  
0 0 0    35 23 62  
3926 0 0    97 57 29  
3918 0 0    78 82 38  
3925 1674 2636    76 92 300  
3926 0 0    75 76 49  
3924 0 0    103 123 32  
3923 0 0    100 81 39  
3920 1684 2650    115 91 137  
0 0 2679    134 172 129  
3912 0 0    85 158 42  
0 0 0    32 25 36  
3909 1693 0    77 79 144  
0 0 0    83 30 36  
3950 1682 2627    77 104 187  
3929 0 0    88 67 40  
3910 0 0    48 127 37  
3928 1685 2646    95 104 196  
3932 1698 2655    185 109 125  
3921 1701 2668    99 78 93  
3937 0 0    157 82 32  
0 0 0    150 181 89  
3906 0 0    149 223 38  
3890 0 0    71 105 68  
3936 1686 2639    74 77 243  
0 0 2636    121 95 180  
0 1723 2484    112 164 160  
3919 0 0    235 172 36  
3923 0 0    114 111 38  
3939 0 0    73 88 43  
3916 1694 2665    117 93 131  
3917 0 0    80 66 58  
0 0 0    81 118 38  
0 0 2650    75 103 191  
3864 1650 2673    51 152 119  
3932 7511 8690    219 279 196  
3938 0 0    146 106 36  
3912 1683 2659    91 78 223  
3913 1670 2645    88 131 184  
3891 1673 2667    106 323 283  
3906 1668 2647    97 148 323  
3895 1685 2677    80 110 80  
3940 1687 2640    86 76 193  
3915 0 0    83 98 69  
0 1722 0    63 134 36  
1120 1701 5505    149 72 171  
3922 1705 2673    77 107 101  
3905 1676 2658    131 148 159  
3905 1685 2667    74 160 164  
3935 1692 2644    103 155 136  
3925 1669 2638    92 128 414  
3918 0 0    80 157 39  
3927 1688 2649    109 131 167  
0 0 0    35 27 36  
3894 0 0    54 109 188  
3927 1681 2642    93 91 200  
3909 0 2575    72 116 36  
0 0 0    35 27 35  
3918 1687 2662    90 148 277  
0 1717 0    82 87 41  
3920 0 0    56 128 62  
0 0 2663    52 107 98  
3904 0 0    85 135 75  
3925 0 0    88 76 59  
3954 0 0    121 121 43  
3941 0 0    177 61 195  
3940 1683 2633    67 36 318  
3961 1693 2620    110 76 183  
3930 0 0    89 88 35  
3930 0 0    112 91 37  
3933 0 0    209 154 40  
3930 0 0    64 79 41  
3908 0 0    67 88 36  
3920 0 0    124 109 46  
3899 1663 0    80 142 165  
3924 1724 2688    73 97 83  
3942 0 0    93 133 91  
3922 1694 2659    118 92 164  
3918 0 0    64 66 38  
3917 0 0    100 89 34  
3924 1681 2647    75 112 190  
3922 1684 5441    78 99 153  
3898 0 0    80 95 34  
3930 1708 2667    101 89 118  
3931 1704 2662    81 92 148  
3946 1689 2629    93 98 164  
3904 0 0    72 101 41  
3936 0 0    102 94 37  
3939 0 0    218 85 36  
3924 0 0    165 102 35  
3926 1673 2637    77 91 191  
3911 1700 2681    66 108 101  
3887 0 0    63 106 61  
3945 0 0    77 91 38  
3905 0 0    56 52 232  
3921 0 0    85 77 42  
3948 1678 2620    58 124 41  
0 0 8454    63 124 149  
3940 1677 2625    67 71 181  
3913 0 0    84 110 51  
3928 1677 2634    63 130 153  
3931 1712 2668    129 171 90  
3951 0 0    78 65 49  
3933 1722 2677    149 141 81  
3926 1677 2640    75 85 145  
0 0 0    31 133 38  
0 0 0    31 25 54  
3927 0 0    96 90 54  
3911 1692 2673    75 128 104  
3934 0 0    118 127 34  
0 0 0    34 92 39  
3913 1680 0    57 83 136  
3947 1663 2603    57 73 208  
3929 0 0    95 81 35  
3901 1660 2647    55 99 207  
15469 7443 2676    34 57 49  
0 1715 0    87 132 65  
3936 1698 2651    185 223 175  
3908 0 0    71 154 38  
3933 1691 2648    108 112 193  
3906 1677 2662    66 76 148  
3928 1690 0    76 158 154  
0 1673 2654    83 69 168  
3909 1671 2652    71 118 180  
3900 1679 2668    86 98 129  
3926 1685 2646    61 118 133  
0 0 0    80 103 145  
3912 7432 8624    103 111 170  
15302 12842 2649    99 131 152  
3935 1682 2635    79 68 175  
3916 1675 2645    83 104 255  
3935 1700 2652    57 103 123  
3928 0 0    108 108 34  
3911 12937 14344    69 83 44  
3888 1680 2679    147 154 74  
3922 1700 2668    89 105 100  
3940 1728 2678    199 55 72  
3869 1657 8692    93 111 35  
3919 1752 2721    54 88 96  
3957 1692 2635    178 68 267  
3913 1699 2674    112 226 137  
3949 0 0    108 108 44  
3925 1683 2645    48 126 126  
3911 0 0    92 115 37  
3932 1692 2656    105 103 78  
3918 0 0    88 102 37  
3930 1688 2644    91 109 165  
3913 0 0    91 82 38  
3901 0 0    65 145 56  
3903 1892 2883    63 88 184  
3907 1650 2642    62 123 395  
3908 1692 2672    70 124 100  
3901 1682 2670    85 139 127  
3935 0 0    98 61 36  
3944 1712 2656    194 93 105  
3937 1690 2640    116 121 176  
3921 1703 2666    65 71 84  
3931 0 0    99 104 38  
3924 1680 2649    174 142 166  
4022 15169 0    298 165 44  
3928 1676 2636    67 125 180  
3932 0 0    101 77 32  
3936 1679 2636    89 73 165  
3933 1688 2643    90 123 171  
3902 0 0    62 143 40  
3927 0 0    84 99 41  
15526 7342 2635    161 128 344  
3908 1675 2654    81 130 202  
3925 0 0    174 122 37  
3954 1690 2625    74 69 131  
3938 1690 2641    149 69 386  
3898 0 0    69 106 56  
3944 1694 2637    120 90 178  
3985 1673 2578    90 125 183  
3927 0 0    93 60 46  
3935 1703 2655    157 152 158  
0 0 0    92 132 39  
9633 7253 0    131 66 164  
3911 1674 2652    73 127 177  
3960 1696 2626    81 57 144  
3946 0 0    106 140 42  
3915 1682 2654    88 133 145  
3928 1808 2769    107 92 167  
3954 0 0    110 44 44  
3917 0 0    100 163 39  
3964 1696 2628    88 57 152  
3906 0 0    85 114 38  
0 0 0    27 85 108  
3897 1762 2754    77 124 214  
3939 1705 2656    106 80 128  
3851 0 0    84 127 73  
0 0 0    92 92 39  
3935 0 0    101 87 34  
3922 0 0    79 67 56  
3914 1703 2678    48 117 87  
3915 7306 8492    71 117 139  
3989 1746 2655    126 70 76  
0 0 0    140 170 39  
3929 1683 2638    86 131 175  
3909 0 0    160 217 41  
3928 1692 2652    99 119 214  
3928 0 0    113 127 36  
3944 7365 8525    70 114 142  
3914 1680 2654    82 76 183  
3921 0 0    60 118 37  
3926 1711 0    131 109 85  
3925 0 0    80 107 35  
3902 0 0    63 110 50  
0 1711 0    80 72 56  
3904 1580 2565    80 102 321  
3927 0 0    117 112 29  
3926 0 0    83 124 38  
0 0 0    75 80 61  
3933 1696 2657    130 93 146  
0 1696 0    63 121 35  
4021 1733 2600    130 126 270  
3914 1683 0    61 145 150  
3936 1738 2691    91 106 114  
3925 13076 14473    102 92 38  
3922 0 0    98 128 40  
3921 1705 2675    91 104 85  
3947 0 0    94 73 57  
0 0 0    33 123 38  
3931 0 0    91 136 37  
3946 1698 2641    149 130 174  
0 13042 0    138 230 40  
3926 1727 2691    149 250 96  
3939 1688 2637    84 72 132  
3950 1692 2637    204 100 208  
3913 1684 2659    103 126 204  
9477 1712 2617    187 131 289  
3933 1703 2658    94 67 129  
3896 0 0    64 144 39  
3902 1684 2670    79 139 101  
3930 0 0    103 111 39  
3908 1661 2643    63 74 162  
3906 0 0    65 128 47  
3901 1695 2683    114 160 123  
3928 0 0    61 102 39  
3912 0 0    74 102 35  
3920 1704 2672    122 100 100  
3893 1669 0    94 217 184  
3908 1683 2662    106 227 168  
3937 0 0    101 56 39  
3928 1689 2651    98 122 183  
3907 1673 2655    103 111 199  
3919 0 0    122 115 52  
3896 0 0    70 97 40  
3951 1679 2617    130 65 246  
3923 0 0    89 140 36  
3881 0 0    69 114 40  
3916 0 0    63 106 31  
3915 1697 2671    87 135 112  
0 0 0    34 29 39  
0 0 2655    48 137 194  
3912 1686 2661    98 99 162  
3919 1696 2667    118 80 99  
3925 1689 2653    98 106 158  
0 1702 0    245 118 42  
3919 1680 2649    119 176 310  
3911 0 0    99 128 37  
3923 0 0    77 67 76  
3931 0 0    87 67 51  
3885 1653 2654    70 103 189  
3918 1690 2663    70 86 126  
3938 1698 2646    108 86 146  
3927 0 0    92 87 35  
3928 1672 2630    61 128 162  
3930 0 0    142 180 38  
3916 0 0    84 101 40  
3965 1794 2717    75 89 332  
3934 1705 2658    75 111 121  
0 0 0    34 22 163  
3900 1664 0    78 135 152  
0 0 0    35 28 42  
0 1727 0    91 84 56  
3903 1724 2710    66 95 195  
0 0 0    71 96 203  
3926 1660 2621    73 57 185  
3905 1674 2656    84 120 148  
3934 1670 0    103 70 324  
3911 1693 0    96 104 123  
3926 0 0    36 102 38  
3907 1797 2781    79 85 126  
3907 0 0    58 72 34  
3902 0 0    86 145 40  
3930 0 0    69 111 34  
3857 0 0    88 165 82  
3921 1631 2596    113 96 220  
3910 0 0    70 107 42  
3917 1686 2657    79 80 135  
0 0 0    77 82 34  
3938 0 0    107 109 39  
0 1694 2657    84 77 102  
3928 1669 2629    111 74 398  
3927 1688 2655    111 122 164  
3916 0 0    76 105 58  
3929 1677 2638    85 63 176  
3934 1689 2642    94 100 171  
3915 1679 2655    79 89 277  
3911 1768 2747    77 77 166  
3916 0 0    90 85 37  
3908 1703 2683    100 153 82  
3905 1696 2680    68 96 110  
3921 0 0    75 117 39  
3921 0 0    133 109 34  
3923 0 0    66 86 36  
3927 0 0    171 101 27  
0 13136 0    93 84 47  
0 0 0    98 21 55  
3935 0 0    97 104 37  
3926 0 0    58 118 60  
15542 13083 2655    90 180 165  
3902 0 0    61 87 35  
3928 0 0    101 104 34  
3938 1807 2758    84 114 150  
3910 1672 2649    98 122 350  
3912 1802 0    78 121 105  
3911 1671 2644    73 96 121  
3944 0 0    93 89 37  
3967 1695 2618    104 81 148  
3909 0 0    101 107 38  
3940 1684 2634    78 113 184  
3896 1675 2664    60 127 124  
3920 1714 2681    82 136 72  
3930 1685 2648    98 62 188  
3925 1674 2636    59 82 160  
3900 1704 2689    130 210 80  
3942 1679 2623    89 74 191  
3919 0 0    122 124 35  
3911 1678 0    152 113 300  
3929 1766 2727    99 56 333  
3947 12990 14361    97 55 66  
0 0 2645    60 108 155  
3934 1799 2756    79 94 149  
3906 1677 2657    79 104 124  
3948 0 0    80 82 38  
3916 0 0    117 110 36  
3941 0 0    67 75 51  
3941 1700 2645    103 94 129  
3903 0 0    66 114 37  
3936 1709 2661    81 160 73  
0 0 0    71 82 272  
3923 0 0    81 74 37  
3918 1687 2655    96 101 189  
3901 1670 2658    68 116 163  
3927 1698 2656    222 171 150  
3917 0 0    90 121 49  
3949 0 0    125 94 49  
3908 0 0    154 159 40  
3895 1653 2646    63 87 265  
3898 0 0    46 128 43  
0 0 2659    97 114 130  
3968 1707 2628    271 97 38  
3909 1670 2649    100 135 179  
3983 1693 2596    58 110 128  
3921 1679 2644    162 72 141  
3940 1685 2637    78 82 171  
3913 0 0    72 141 34  
3913 0 0    48 94 61  
3913 1688 2661    107 113 99  
3930 1699 2657    92 93 144  
3920 0 0    94 108 50  
3883 0 0    79 203 39  
15528 1748 0    83 94 76  
3935 1677 2630    113 97 150  
3913 1666 2640    141 142 71  
3889 0 0    84 127 39  
3942 1696 2641    97 85 158  
0 0 0    66 94 72  
3913 12914 14321    87 93 48  
3936 0 0    127 88 51  
3926 1685 2647    62 76 147  
3905 1677 2660    94 121 167  
1965 1811 4779    80 155 91  
3924 1691 2657    97 101 161  
3888 0 0    81 137 40  
3921 1683 2650    96 136 223  
0 0 0    117 184 44  
3927 0 0    98 77 82  
3905 1658 2640    100 111 175  
3930 0 0    89 83 39  
3934 1699 2651    88 84 100  
3928 1688 2647    163 121 178  
3901 1701 2686    75 86 95  
3897 1677 2668    112 93 132  
3912 1693 0    73 119 126  
3920 1685 2656    143 144 160  
3918 1669 2634    67 47 174  
3943 1687 2632    80 98 169  
3914 0 0    65 127 43  
3908 0 0    49 135 37  
3927 1699 2658    156 113 159  
3926 0 0    79 100 34  
3876 1644 2655    109 267 356  
3910 1664 2641    99 113 251  
3897 0 0    111 189 40  
3904 1676 2659    83 186 225  
3947 1709 2651    138 85 130  
3932 1701 2657    118 65 121  
3928 0 0    91 86 38  
3930 1691 2651    113 83 195  
3951 0 0    109 74 40  
0 1734 2650    98 179 417  
3895 0 0    70 79 69  
0 0 2663    104 127 117  
3934 1705 2657    114 86 115  
3920 1803 2772    83 89 157  
3923 1693 2659    94 95 127  
3933 1691 2645    123 64 175  
3929 1674 2631    90 109 158  
3947 1695 2634    87 85 139  
3914 0 0    82 125 35  
0 1690 2625    63 55 181  
3926 0 0    59 75 35  
3984 1723 0    106 83 120  
3925 0 0    79 93 35  
3935 1729 2685    159 105 96  
3923 0 0    198 100 38  
3948 0 0    103 108 42  
3905 0 0    130 113 35  
0 0 0    165 160 233  
3922 1693 2660    82 94 174  
3916 1662 2632    59 95 206  
3931 1681 2638    106 80 220  
3926 1705 2674    92 147 120  
3921 0 0    88 93 38  
3911 0 0    76 81 37  
3912 0 0    69 60 45  
3942 0 0    93 66 40  
3920 1698 2668    90 89 137  
3918 1685 2653    78 103 149  
3926 1707 2668    79 139 94  
3932 0 0    110 87 28  
3907 0 0    60 93 35  
3927 0 0    92 70 37  
0 0 0    29 79 37  
3958 1676 2606    103 84 76  
3920 1689 2654    96 110 194  
3919 0 0    85 85 37  
3909 0 0    44 83 94  
3952 1689 2626    114 87 176  
0 0 2643    77 107 158  
3921 1685 2653    76 91 161  
3983 1718 0    83 44 44  
3906 0 0    60 96 52  
3862 1783 2810    196 141 218  
3900 1676 0    103 106 157  
3923 1670 2636    71 120 299  
3892 0 0    99 98 46  
3925 0 0    108 140 40  
3932 1678 2633    97 87 175  
0 1735 0    100 66 108  
0 13099 0    74 82 36  
3915 0 0    73 104 51  
3936 0 0    198 88 42  
3934 1689 0    127 120 168  
9697 0 0    103 78 33  
15582 13131 2664    183 134 144  
0 0 0    76 179 34  
3902 0 0    68 98 36  
3928 0 0    223 104 35  
3916 0 0    83 151 43  
3987 1694 2595    153 68 273  
3922 1673 2633    71 126 169  
3918 0 0    107 106 37  
3907 0 0    83 98 296  
3925 1688 2651    88 123 169  
3935 1707 2659    101 133 101  
3922 1681 2650    120 115 211  
3919 1681 2651    123 83 123  
3916 1682 2653    95 119 261  
3925 1685 2647    86 112 176  
9747 1726 0    132 104 67  
3937 0 0    112 85 45  
3896 0 0    146 169 208  
3923 0 0    76 101 37  
0 0 0    109 95 187  
0 1791 2642    59 114 176  
3920 0 0    208 143 34  
3916 1676 2652    84 96 202  
0 0 0    60 76 39  
3894 0 0    68 84 41  
3915 0 0    87 109 37  
3904 0 0    72 85 38  
3923 0 0    84 96 34  
3957 1690 2621    103 65 162  
3910 0 0    67 93 36  
3925 1695 2656    111 79 134  
3937 1692 2643    152 65 298  
3935 1727 2677    106 107 67  
3916 1696 2670    92 93 100  
3923 1685 2653    141 91 160  
3933 1751 2707    77 99 148  
0 0 0    33 27 37  
11642 0 0    50 30 37  
0 0 0    34 78 33  
3902 1667 2652    78 90 239  
3943 1697 2641    116 84 166  
3931 1695 2652    106 91 127  
3927 1692 2654    106 119 166  
3939 1815 2767    87 110 118  
3937 0 0    117 74 35  
3914 1683 2659    70 80 156  
3956 0 0    94 69 40  
3932 1712 2667    92 97 103  
3922 1701 2664    77 141 102  
3921 1698 2665    135 141 51  
0 0 2675    79 92 86  
3935 0 0    67 82 35  
3938 0 0    78 110 61  
3930 1676 2633    86 156 203  
3951 1698 2642    99 94 190  
3901 1681 15049    78 67 208  
3933 0 0    58 104 37  
3919 0 0    119 161 40  
3912 1682 2656    93 89 162  
3904 0 0    59 90 68  
3908 0 0    102 137 39  
0 0 0    99 148 131  
3942 1729 2671    299 199 117  
3907 0 0    70 125 33  
3947 0 0    166 156 46  
3912 0 0    48 64 36  
3936 1680 2645    141 119 295  
3905 0 0    81 54 38  
3919 0 0    57 98 58  
3958 0 0    99 100 32  
3907 1669 2650    119 92 273  
0 0 0    70 79 40  
3868 0 0    100 142 51  
3921 0 0    87 98 63  
3913 0 0    78 104 41  
3914 12898 14295    94 110 31  
3945 1682 2625    100 57 254  
0 0 2656    64 113 233  
3925 0 0    110 101 38  
0 0 0    32 80 36  
3899 0 0    45 141 38  
3902 1687 2669    102 99 138  
3930 0 0    165 110 52  
0 0 2682    144 100 80  
3922 0 0    128 87 38  
3928 1690 2652    76 84 96  
3924 0 0    79 114 44  
3913 1704 2679    74 96 83  
3924 0 0    97 146 36  
3938 0 0    121 77 38  
3925 1657 2614    117 145 327  
3925 0 0    160 165 35  
3907 0 0    96 109 45  
3903 1662 2645    116 94 187  
3922 1694 2659    76 92 146  
3931 1701 2656    86 70 115  
3920 0 0    82 98 40  
3971 1689 2603    79 70 152  
3910 1667 2643    83 124 348  
3924 1665 2631    74 81 251  
3918 1685 2663    114 96 351  
3942 0 0    105 65 35  
3926 0 0    109 97 36  
3894 1674 2665    67 153 157  
3921 1708 2675    142 174 95  
3941 0 0    133 102 51  
3923 13133 14534    73 99 39  
3875 1652 2663    111 147 73  
3934 0 0    69 171 59  
3914 0 0    99 109 38  
3955 1682 2616    92 52 185  
3911 1674 2657    71 122 138  
3926 0 0    168 94 41  
3945 0 0    94 94 52  
3933 1684 2640    95 111 188  
3919 1675 2642    97 153 223  
0 1678 0    33 21 68  
3921 0 0    87 132 41  
3918 1685 2652    81 106 165  
3916 1670 0    67 83 160  
3920 0 0    81 117 49  
3939 0 0    85 99 35  
3911 1671 2647    68 75 210  
3930 0 0    117 113 35  
3941 0 0    95 78 66  
3887 1635 2633    58 174 500  
3926 1685 2646    89 99 162  
3914 0 0    78 114 37  
3910 1688 2666    67 94 91  
1215 0 0    68 100 38  
3914 0 0    81 96 38  
3898 1672 2662    80 101 186  
0 0 2617    87 79 407  
3912 0 0    62 95 40  
3912 1689 2665    167 154 170  
3932 0 0    174 119 28  
3916 0 0    77 169 67  
0 1680 0    110 86 35  
3914 0 0    46 102 31  
3917 1668 2636    63 105 176  
0 0 2651    90 99 250  
3891 0 0    59 138 28  
3934 1708 2661    64 69 95  
3935 0 0    147 112 40  
3928 1788 2751    102 79 370  
3944 0 0    70 76 255  
3913 0 0    90 100 43  
3911 1686 2660    90 113 149  
3901 0 0    182 163 40  
3906 1682 2663    71 103 175  
3914 1681 2655    80 151 163  
3924 0 0    68 66 48  
3911 0 0    88 131 47  
3918 0 0    88 203 31  
3915 1683 2657    45 80 152  
3938 0 0    59 93 56  
4019 1787 2656    87 90 135  
0 0 0    72 129 48  
3919 1682 2649    112 113 194  
3916 1666 2639    77 82 262  
3921 1684 2659    61 87 128  
3922 1691 2658    102 98 161  
3915 0 0    73 82 38  
0 1724 2641    89 77 169  
3956 0 0    141 79 46  
3903 0 0    78 121 48  
3918 0 0    61 111 49  
3922 1697 2663    69 113 103  
3938 1700 2650    196 114 194  
3916 1683 2657    86 70 170  
3935 0 0    245 126 37  
3893 1652 2647    55 145 213  
3937 1690 0    109 129 36  
3924 1677 2642    81 77 237  
3922 0 0    78 96 65  
3895 1670 2665    57 83 134  
3921 0 0    131 163 40  
0 0 0    34 106 5  
3926 1678 2645    73 101 253  
3938 0 0    100 105 41  
3926 1670 2630    76 43 197  
0 1733 2636    56 97 202  
3916 0 0    95 80 45  
3922 1695 2662    75 87 116  
3926 1691 2652    83 106 102  
3933 0 0    145 105 43  
3899 1670 0    90 82 151  
3870 0 0    63 79 38  
3919 0 0    121 105 37  
3928 1699 2660    112 79 105  
3925 7336 8512    87 77 100  
3909 0 0    71 137 38  
3904 0 0    75 123 34  
3904 1662 2647    62 95 211  
3895 1663 0    72 156 185  
3921 1699 2670    99 161 102  
3954 1783 2718    68 68 204  
3937 0 0    86 99 73  
3927 1690 2653    85 45 195  
3911 0 0    60 113 41  
3915 1694 0    112 72 131  
3933 1695 2651    109 47 104  
3924 0 0    125 165 37  
3921 1692 2660    99 113 214  
3903 0 0    63 91 34  
3916 0 0    88 122 36  
0 0 2627    35 54 162  
3923 0 0    105 112 35  
3938 1684 2635    106 86 350  
3909 0 0    70 90 235  
3918 0 0    78 111 63  
3941 1682 2629    57 88 208  
3914 1672 2649    77 78 193  
3929 0 0    81 74 48  
3927 1686 2645    71 89 149  
3932 1692 2653    107 105 137  
3918 0 0    78 125 37  
3924 1685 2644    107 78 161  
3929 1670 2628    70 72 230  
3917 1710 2681    130 137 90  
3920 1669 2640    64 93 178  
0 1757 0    77 83 119  
3914 0 0    58 94 35  
0 1709 2652    104 96 143  
3918 0 0    89 89 41  
3938 1715 2664    105 67 85  
3919 0 0    75 107 47  
3905 1692 0    102 121 150  
3904 1669 2653    74 94 146  
3945 1678 2620    94 61 186  
3933 1707 2661    70 94 91  
3924 0 0    84 57 41  
3905 0 0    61 147 38  
0 1651 0    84 134 51  
3912 1688 2663    114 116 124  
3917 0 0    86 67 38  
3936 1683 2637    109 88 202  
3955 0 0    141 97 38  
3921 1666 2638    77 69 149  
3928 1683 2645    68 115 143  
3943 1667 2607    169 110 177  
3928 0 0    98 63 43  
3925 1705 2669    68 98 90  
3932 1699 2661    115 84 115  
3915 1690 2663    145 152 155  
3895 0 0    73 100 40  
3936 0 0    114 87 37  
3903 1666 9510    71 190 210  
3886 0 0    73 103 37  
0 0 2670    90 94 90  
3927 1796 2759    100 94 155  
3903 0 0    73 140 68  
0 0 0    33 26 42  
3899 1684 2672    88 154 126  
3918 0 0    187 176 69  
3925 0 0    127 154 36  
3932 1710 0    93 68 97  
3941 1674 2621    64 156 246  
3914 1679 2656    64 142 168  
3933 0 0    117 79 54  
3912 1680 2657    66 85 122  
3922 1670 2635    70 85 143  
3940 1686 2633    73 91 108  
3915 1678 2648    107 87 149  
3918 1675 2645    96 109 230  
3906 0 0    82 125 62  
3924 1698 2661    91 137 98  
3920 0 0    116 74 35  
3910 0 0    66 78 59  
3919 1686 2655    70 91 143  
3918 0 0    52 131 35  
3875 0 0    68 83 320  
3916 0 0    78 117 38  
3896 1657 2645    44 98 161  
3925 1684 2645    70 96 165  
0 1700 2641    171 160 197  
3919 0 0    118 131 35  
3950 0 0    121 96 35  
3924 0 0    64 70 61  
3905 1653 2635    52 99 405  
3934 0 0    73 95 33  
0 0 0    76 123 35  
3926 0 0    82 111 56  
3927 1689 2650    76 113 134  
3917 0 0    53 81 40  
0 1758 0    90 54 37  
3907 0 0    60 85 36  
3902 1659 2643    70 92 187  
3925 1678 2641    97 90 178  
3932 0 0    100 109 33  
3920 1693 2659    76 117 139  
3926 1681 2642    86 94 187  
3943 1705 2651    79 77 144  
3938 12955 0    99 106 37  
3900 1676 2665    61 85 164  
3907 1671 2658    75 89 231  
3898 1634 2628    163 130 124  
0 1841 2614    113 96 253  
3900 0 0    67 110 38  
3905 0 0    81 111 35  
3926 1679 2641    81 75 160  
3935 1675 2631    104 101 175  
3927 0 0    197 150 56  
3935 0 0    149 115 36  
3914 1704 2679    57 98 101  
3906 1679 2660    67 93 202  
3898 0 0    78 157 35  
3899 1677 2664    62 87 150  
3932 1668 2621    72 69 270  
3915 0 0    82 94 34  
3934 0 0    97 122 44  
0 1711 0    78 25 156  
3916 1672 2644    80 90 177  
0 0 0    87 111 37  
3998 1771 2662    173 97 131  
3932 1708 2665    240 207 156  
0 0 0    34 27 37  
3912 1670 2643    57 166 200  
3936 0 0    106 127 38  
3919 13005 14401    135 69 32  
3932 1679 2639    89 80 198  
3926 1697 2659    104 62 88  
3937 1695 2646    206 102 243  
0 0 0    34 28 39  
3942 1716 2663    103 80 98  
3948 0 0    138 80 41  
3939 0 0    66 69 33  
3929 0 0    70 85 42  
3932 0 0    84 141 48  
3924 1787 2756    61 94 205  
3854 0 0    84 140 42  
3912 0 0    81 82 41  
3911 1692 0    78 108 107  
3916 0 0    80 141 198  
3865 0 0    77 48 169  
3926 1698 2660    90 82 201  
3933 1692 2647    105 93 152  
3928 0 0    89 118 37  
3909 0 0    86 103 41  
3944 1674 2616    58 43 306  
3934 0 0    53 89 48  
3931 1703 2661    81 96 192  
3937 1693 0    102 80 134  
0 0 0    103 66 41  
3920 1787 2755    84 122 156  
3914 0 0    83 120 38  
3915 0 0    69 117 45  
0 0 2532    96 189 234  
3948 0 0    92 70 35  
3919 1675 2642    63 85 226  
3918 1686 2657    77 107 216  
3938 1663 14398    43 61 175  
3932 1684 2640    85 98 200  
3938 1697 2647    79 80 125  
0 0 0    85 101 60  
3948 0 2655    96 89 40  
3902 0 0    105 87 37  
0 0 0    74 131 168  
3929 0 0    134 215 47  
0 1705 0    81 94 37  
3926 1676 2642    85 94 196  
3906 1669 2652    86 122 148  
3895 0 0    67 94 35  
3910 0 0    85 110 43  
3943 0 0    146 70 37  
3896 1660 2653    70 70 159  
3924 1678 2638    191 148 277  
3916 0 0    70 98 56  
15529 13086 2672    88 62 40  
3924 1710 2675    247 286 140  
3929 1675 2633    112 97 221  
3915 0 0    142 200 25  
3929 1672 0    98 108 181  
0 0 0    35 32 39  
0 1728 0    70 72 41  
3921 0 0    83 75 38  
3957 7410 8552    142 89 247  
3955 1692 2625    80 118 113  
3941 1680 0    119 123 368  
0 0 2643    90 135 265  
3913 1792 2768    98 165 189  
0 1735 2590    68 84 100  
3929 0 0    79 60 33  
0 1648 0    159 101 67  
3933 0 0    120 76 37  
0 0 2652    81 71 155  
0 0 0    96 111 417  
0 0 0    94 64 37  
3911 1675 2650    61 69 208  
3935 1715 2671    119 160 98  
3917 0 0    83 110 35  
3930 0 0    73 94 34  
3938 1700 2653    63 91 133  
3847 7239 8487    51 88 196  
0 0 14439    104 132 30  
3942 1692 2638    200 88 192  
3919 0 0    87 88 42  
3921 1702 2669    138 100 120  
3900 1655 2640    67 124 213  
3906 1662 2649    56 93 194  
3912 1705 2681    65 108 83  
3920 1678 2648    56 72 181  
3923 1711 2676    85 102 82  
3911 1704 2680    82 123 111  
3917 0 0    73 111 48  
