0 0 0    35 25 34  
0 0 0    30 25 40  
0 0 0    34 25 38  
0 0 0    35 27 38  
0 0 0    34 29 34  
0 0 0    36 29 37  
0 0 0    33 25 40  
0 0 0    33 32 38  
0 0 0    34 23 37  
0 0 0    35 21 40  
0 0 0    31 25 38  
0 0 0    34 24 38  
0 0 0    33 21 36  
0 0 0    33 31 38  
0 0 0    36 29 35  
0 0 0    35 28 37  
0 0 0    33 20 36  
0 0 0    32 22 39  
0 0 0    36 26 40  
0 0 0    32 23 46  
0 0 0    35 27 40  
0 0 0    35 28 38  
0 0 0    34 24 37  
0 0 0    40 27 24  
0 0 0    35 27 36  
0 0 0    32 28 39  
0 0 0    32 25 40  
0 0 0    32 24 40  
0 0 0    35 26 36  
0 0 0    37 29 35  
0 0 0    35 30 37  
0 0 0    33 27 41  
0 0 0    34 25 40  
0 0 0    32 22 39  
0 0 0    36 28 35  
0 0 0    34 31 38  
0 0 0    35 28 36  
0 0 0    37 27 37  
0 0 0    34 28 38  
0 0 0    36 30 39  
0 0 0    35 31 38  
0 0 0    35 29 29  
0 0 0    33 25 37  
0 0 0    33 21 38  
0 0 0    32 25 37  
0 0 0    32 26 40  
0 0 0    33 26 37  
0 0 0    37 28 37  
0 0 0    33 28 42  
0 0 0    32 25 37  
0 0 0    37 28 28  
0 0 0    33 26 36  
0 0 0    33 28 37  
0 0 0    34 28 36  
0 0 0    34 29 37  
0 0 0    36 29 32  
0 0 0    32 25 37  
0 0 0    32 20 38  
0 0 0    32 22 38  
0 0 0    36 30 30  
0 0 0    36 29 35  
0 0 0    36 31 34  
0 0 0    32 24 34  
0 0 0    31 19 39  
0 0 0    33 28 38  
0 0 0    34 26 39  
0 0 0    35 31 42  
0 0 0    34 23 36  
0 0 0    37 24 33  
0 0 0    35 28 36  
0 0 0    33 27 41  
0 0 0    32 21 37  
0 0 0    36 29 34  
0 0 0    31 29 37  
0 0 0    33 26 39  
0 0 0    35 25 35  
0 0 0    33 26 36  
0 0 0    34 27 35  
0 0 0    35 26 35  
0 0 0    37 27 39  
0 0 0    35 30 40  
0 0 0    32 22 36  
0 0 0    37 25 32  
0 0 0    34 27 35  
0 0 0    34 27 35  
0 0 0    32 25 42  
0 0 0    35 27 36  
0 0 0    35 29 36  
0 0 0    34 25 39  
0 0 0    29 22 43  
0 0 0    33 27 38  
0 0 0    34 29 39  
0 0 0    32 23 35  
0 0 0    33 27 39  
0 0 0    34 27 35  
0 0 0    34 23 35  
0 0 0    38 30 38  
0 0 0    32 26 40  
0 0 0    34 27 40  
0 0 0    40 24 28  
0 0 0    31 28 46  
0 0 0    34 28 38  
0 0 0    36 31 36  
0 0 0    36 24 39  
0 0 0    40 31 29  
0 0 0    33 25 39  
0 0 0    35 29 40  
0 0 0    34 30 35  
0 0 0    33 27 43  
0 0 0    33 24 37  
0 0 0    35 27 35  
0 0 0    35 30 37  
0 0 0    36 29 35  
0 0 0    33 23 34  
0 0 0    33 24 39  
0 0 0    33 26 37  
0 0 0    35 33 36  
0 0 0    34 27 35  
0 0 0    35 27 37  
0 0 0    32 22 38  
0 0 0    33 28 37  
0 0 0    34 30 40  
0 0 0    37 31 35  
0 0 0    32 27 40  
0 0 0    36 29 37  
0 0 0    33 28 40  
0 0 0    33 25 37  
0 0 0    34 28 37  
0 0 0    35 26 38  
0 0 0    36 29 36  
0 0 0    33 27 43  
0 0 0    37 29 30  
0 0 0    34 27 36  
0 0 0    35 27 37  
0 0 0    34 29 42  
0 0 0    31 25 38  
0 0 0    32 25 38  
0 0 0    35 26 38  
0 0 0    33 24 37  
0 0 0    35 32 35  
0 0 0    32 23 36  
0 0 0    36 30 36  
0 0 0    36 31 36  
0 0 0    33 25 36  
0 0 0    31 25 37  
0 0 0    32 29 40  
0 0 0    33 27 36  
0 0 0    33 24 37  
0 0 0    33 24 39  
0 0 0    35 31 37  
0 0 0    34 31 38  
0 0 0    36 26 41  
0 0 0    34 25 35  
0 0 0    33 22 33  
0 0 0    34 29 36  
0 0 0    33 29 36  
0 0 0    34 29 38  
0 0 0    34 25 37  
0 0 0    34 28 33  
0 0 0    34 27 37  
0 0 0    36 30 34  
0 0 0    32 23 38  
0 0 0    36 26 39  
0 0 0    33 23 38  
0 0 0    33 23 38  
0 0 0    34 26 38  
0 0 0    33 26 37  
0 0 0    35 23 37  
0 0 0    35 29 39  
0 0 0    33 25 41  
0 0 0    33 25 38  
0 0 0    36 28 35  
0 0 0    31 25 42  
0 0 0    36 28 35  
0 0 0    40 30 38  
0 0 0    34 29 37  
0 0 0    33 25 48  
0 0 0    35 26 35  
0 0 0    34 27 37  
0 0 0    33 25 35  
0 0 0    36 31 32  
0 0 0    35 32 36  
0 0 0    30 20 41  
0 0 0    33 28 35  
0 0 0    35 32 36  
0 0 0    37 31 27  
0 0 0    34 30 39  
0 0 0    35 29 36  
0 0 0    35 25 40  
0 0 0    35 24 33  
0 0 0    33 25 40  
0 0 0    35 27 36  
0 0 0    34 31 35  
0 0 0    29 22 40  
0 0 0    34 33 39  
0 0 0    33 25 35  
0 0 0    34 21 37  
0 0 0    35 20 40  
0 0 0    27 25 50  
0 0 0    35 28 37  
