2843 65
0 50
0 51
0 47
0 58
0 54
2444 67
2781 63
2520 58
0 52
0 48
0 57
2668 53
2701 52
0 55
13713 56
0 56
0 55
0 60
2500 60
0 49
0 56
2511 61
0 58
2613 55
0 54
2496 54
2510 54
0 58
0 58
2628 61
0 57
0 54
0 50
2628 58
2552 70
0 57
0 53
2552 62
0 54
2612 65
0 49
0 50
2552 63
0 47
2611 59
2627 56
2533 60
0 49
0 59
0 55
0 55
2529 64
0 51
3116 55
2696 56
2594 61
0 54
0 57
0 53
0 54
0 47
2528 55
2478 62
0 50
0 53
2679 55
2439 60
0 52
0 41
2671 63
0 52
0 54
0 61
0 47
0 60
2551 68
0 56
2537 58
0 48
0 56
0 51
0 54
0 57
0 52
2720 70
0 53
0 54
0 53
2559 57
2511 59
3063 58
2392 64
0 51
2659 58
2519 59
0 59
2618 61
2699 73
2885 59
2765 64
0 59
2727 57
2767 65
0 56
2523 56
2556 61
0 54
0 54
2512 57
2541 67
0 56
0 55
0 53
2828 64
0 56
0 57
0 56
0 59
0 52
2982 60
0 55
2781 58
2510 63
0 58
0 48
2492 64
2502 61
0 53
0 51
2480 88
2511 64
0 53
0 47
2539 51
2509 57
2503 57
2567 56
2575 62
2521 52
2527 60
0 48
0 55
0 53
2705 50
2482 52
0 46
2601 53
2685 58
2614 57
2537 70
0 46
2443 53
2496 52
2473 52
0 52
0 50
2618 63
0 55
2683 58
0 51
0 51
0 55
2639 67
2471 58
0 52
0 52
0 52
0 58
0 55
0 61
2638 61
2525 54
0 55
0 48
2795 64
0 56
2568 63
0 48
2634 64
0 48
2578 60
2556 68
3139 55
0 50
0 57
0 54
0 55
2492 60
2865 71
2662 60
0 58
0 50
0 49
2731 56
2656 50
2477 54
2457 58
2661 61
0 57
2564 64
2525 61
0 53
0 60
2758 53
0 57
0 54
0 55
0 51
2601 61
2482 57
2526 54
0 51
2540 70
2553 61
2601 68
0 51
0 52
0 45
0 50
0 56
2536 56
2584 61
0 50
2686 58
2492 63
0 55
2506 71
2640 59
0 48
0 50
0 54
2650 59
2451 65
0 54
2537 93
2544 60
0 51
2530 54
2477 57
0 50
2598 68
0 60
2521 57
2522 62
0 57
0 51
0 53
2560 57
0 57
0 57
2446 71
2620 64
2471 53
2623 60
0 65
0 55
2645 62
2919 59
2496 66
0 52
0 56
2556 55
0 51
0 50
2517 59
2696 58
0 53
2547 63
0 56
2482 64
2697 60
2925 59
0 48
0 52
2725 65
2584 66
0 49
0 52
0 53
2633 62
0 55
0 54
0 51
0 52
2618 60
0 54
2526 56
0 56
2928 61
2556 67
0 58
2548 61
2674 57
0 55
2488 62
0 51
0 63
2663 55
0 54
2615 64
2576 65
2489 63
0 49
2535 70
0 53
2490 58
2498 73
2627 63
2733 59
0 53
2453 53
0 50
0 55
0 42
0 57
0 53
2687 54
0 49
0 54
2508 55
0 57
0 61
2553 59
2528 60
2474 66
0 52
0 55
2438 68
2418 55
0 51
2568 52
2536 59
2635 63
0 55
0 63
0 59
0 53
0 45
0 58
0 61
2487 51
2587 65
2494 67
2626 61
2962 55
2565 59
2492 66
0 51
0 53
2448 61
0 57
2719 59
0 59
2621 58
0 53
2510 55
2738 52
0 57
0 53
2500 60
0 64
2536 69
0 52
2490 78
2721 57
2526 56
0 50
0 51
2490 53
2570 63
2565 67
2458 59
0 57
2714 51
0 57
2829 64
0 56
2551 57
3040 60
0 59
0 56
3057 63
2681 60
2543 60
0 51
2623 62
0 62
2818 54
0 50
2683 60
2494 55
0 53
2489 58
2639 59
0 51
2428 61
0 52
0 55
2657 72
2528 57
2554 59
2574 58
2551 59
2822 58
2543 63
2569 60
2582 55
2553 55
0 44
2616 55
0 56
0 51
0 51
0 57
2497 82
2610 64
0 47
0 52
0 54
2735 60
2453 62
2823 76
2591 58
0 57
2605 57
0 52
2604 58
2583 57
2744 55
2605 54
2678 57
2625 68
2492 59
0 54
2575 72
2504 63
2590 50
0 53
0 52
0 57
3201 63
2596 57
0 49
2754 62
0 51
2530 51
0 55
0 51
2453 55
0 54
0 49
2595 55
2663 63
2544 54
2870 58
0 54
2448 57
2809 59
2484 58
2533 63
0 51
2530 57
2523 65
2593 56
0 54
0 54
2572 72
0 53
0 48
3139 62
2635 61
0 55
2562 65
0 47
2579 54
2485 55
2545 61
2607 59
2655 56
0 62
2539 50
0 48
2494 58
2491 60
0 56
0 55
2627 58
0 49
0 53
0 49
2619 60
2566 62
2594 65
0 53
0 52
0 61
0 54
0 52
0 54
2639 76
2524 62
0 58
2579 57
0 56
2776 57
2588 59
2652 64
2638 61
2789 60
0 52
0 54
2704 54
0 51
3272 65
0 57
2802 57
0 54
2487 57
2635 62
2623 58
0 49
2556 56
0 53
0 51
2580 70
2557 64
0 52
0 57
0 54
2712 60
0 62
0 53
0 57
0 53
2504 52
0 57
2503 55
0 54
2608 55
0 57
2525 56
2737 60
0 48
2609 67
2823 54
0 53
3043 55
2520 54
0 57
0 53
0 49
2697 71
2818 56
2558 77
0 53
0 53
2552 54
2586 58
0 47
0 56
2687 58
2573 72
2588 59
2574 56
0 53
2536 66
2470 54
2593 56
2656 57
0 51
2685 70
0 54
0 60
2505 64
0 56
2621 59
0 58
0 53
2546 58
0 57
0 47
2760 60
2529 56
0 56
2502 56
2756 58
0 52
0 53
0 55
2572 64
0 62
2636 59
0 54
2599 61
2770 58
2597 62
2773 54
0 48
2597 65
0 51
0 59
2856 61
0 56
0 53
2643 73
2493 60
2595 70
2581 54
2810 59
2665 59
0 59
2612 57
0 47
0 54
0 48
2628 72
2549 68
0 61
0 56
3030 55
2507 58
2634 57
0 54
2681 58
0 55
2934 62
2646 60
2555 69
2484 61
0 48
2544 58
0 53
2582 71
0 56
2572 62
0 47
0 55
0 48
2674 56
2575 67
2876 62
0 56
2666 62
0 52
0 58
0 51
2440 61
2641 63
0 51
2672 65
2626 61
2674 63
2701 60
2585 64
2505 60
0 55
0 57
0 53
0 50
0 52
2452 60
2562 58
2895 58
0 51
2627 57
2655 66
2688 59
2821 65
2695 53
2618 60
2660 57
2510 51
0 55
0 52
0 54
0 54
2622 64
2693 73
2697 54
2821 55
0 52
2510 67
0 51
2618 62
2504 63
0 52
2554 57
2683 59
2577 58
0 55
2630 64
2585 57
2954 59
0 52
0 57
2547 59
0 59
2613 60
0 52
0 51
2698 68
0 51
2618 46
2583 61
2508 68
0 57
2464 60
2472 60
2760 63
0 58
0 54
2738 55
2572 57
0 56
2777 63
2508 61
2693 56
2510 61
3123 64
2687 59
0 51
2511 58
0 60
2695 57
2510 60
0 54
2765 64
3037 60
0 58
2550 54
2808 54
0 49
2543 59
2571 59
0 56
0 56
0 49
2616 59
0 60
0 53
0 56
2672 52
0 54
0 54
0 54
2513 53
2701 58
2651 64
2690 59
2551 61
2583 76
2642 59
0 52
2482 51
0 58
8399 59
2521 52
2562 54
0 55
0 49
0 56
0 51
0 52
0 57
2809 56
2631 57
0 55
0 47
2726 62
0 55
0 53
2541 62
2940 61
0 55
2564 61
2649 60
2717 57
2595 64
0 55
2616 57
0 52
2551 62
2473 48
0 54
2593 64
2549 56
0 57
0 52
2587 61
0 54
2830 66
0 55
2567 55
0 50
2522 63
2632 65
0 52
0 53
2642 58
0 51
2678 55
2677 67
0 53
2592 55
0 53
0 55
0 54
2566 57
2581 58
0 58
0 55
0 59
2509 66
2509 65
0 54
2410 60
2512 63
0 55
2532 64
2509 67
0 46
0 57
2554 59
0 51
0 55
0 48
2600 65
0 53
3245 60
2907 63
0 55
2597 64
2756 77
2587 54
0 48
0 54
2523 62
0 49
2503 59
0 53
0 57
2610 57
0 54
2623 63
0 60
0 49
2438 57
2614 60
2545 59
0 58
0 49
2594 57
0 52
0 49
2520 78
2678 64
0 52
2660 54
0 50
2708 70
0 48
0 54
2572 61
0 49
0 49
2630 61
0 52
2704 63
0 48
2693 62
0 47
0 53
2574 63
2774 59
2954 56
0 54
2657 52
2571 50
0 59
0 52
2561 54
2630 60
0 56
0 53
0 53
0 51
2565 62
2652 70
0 47
2584 75
0 52
0 52
0 61
2685 55
0 52
0 54
2766 56
0 55
2647 58
2510 60
2496 52
0 57
2551 56
2658 72
0 48
2602 58
0 56
0 54
2574 63
2468 57
2576 60
2480 56
2672 54
0 58
2663 51
0 55
2484 67
2444 73
0 61
2555 54
0 55
0 56
2706 65
2978 60
0 51
2717 63
2542 55
2542 64
2557 60
2841 53
0 59
2630 64
0 52
2548 59
0 56
0 51
0 56
0 54
2539 62
0 49
0 52
2601 65
2599 73
0 54
2624 57
0 52
0 51
0 56
2607 59
0 52
0 49
0 59
0 52
0 58
0 52
0 48
2782 63
0 52
0 53
2556 60
0 65
0 46
0 51
2500 56
0 52
0 54
0 52
0 57
2606 57
0 49
2593 62
0 53
2562 56
2639 57
2639 60
2616 64
2587 58
0 53
2460 52
2711 60
2442 54
2477 58
0 55
2692 59
0 57
0 54
0 58
2624 64
2740 65
2559 53
2916 67
0 58
0 52
2547 57
3079 57
0 55
0 54
2652 71
0 49
0 53
0 61
2539 57
2558 63
0 55
2501 50
2810 63
0 58
0 50
2564 57
2464 59
0 53
2538 71
0 50
0 50
0 45
0 56
2589 72
0 55
0 58
2459 62
2863 58
0 56
0 56
2514 65
0 51
2600 71
0 57
0 58
0 43
0 51
2551 55
2522 54
0 55
0 55
0 58
2536 62
0 52
0 59
0 52
0 50
2556 64
0 52
0 48
0 53
0 50
0 59
2631 66
2596 55
2571 58
2637 56
2724 61
0 54
2628 67
2822 61
0 52
3228 63
0 50
0 58
2475 64
0 56
0 48
0 53
0 55
0 48
0 53
0 46
0 56
0 55
0 56
0 49
0 53
0 50
2536 60
0 54
2513 57
0 54
0 49
0 48
2588 68
2753 70
0 54
2582 53
0 49
2629 60
0 52
0 60
0 52
2586 65
0 55
2680 71
0 51
2980 57
2767 68
2667 60
2563 67
2905 66
2625 60
0 55
2473 54
0 51
0 54
0 59
0 51
2486 52
2550 61
0 52
0 57
2623 77
0 58
2592 55
2839 58
0 61
0 49
2525 76
0 51
0 59
2575 58
2737 61
2785 53
2497 52
0 53
2493 62
2598 52
2621 54
0 58
0 56
2628 59
0 49
0 53
2765 60
0 57
0 56
2539 56
0 50
0 55
0 50
2599 53
2800 56
2529 58
0 56
2489 63
0 53
2575 55
0 60
0 55
2555 62
0 55
11486 48
0 62
0 60
2703 53
2468 68
0 54
2659 65
2701 59
2574 52
0 47
0 58
2638 56
2709 60
2690 59
2598 60
0 55
0 51
2502 57
0 51
0 45
2656 60
0 53
2683 59
2654 55
0 57
3136 56
2567 56
2534 62
2545 56
2491 67
0 49
3041 58
2448 61
0 52
2536 59
2768 62
0 49
0 52
0 53
2629 59
15770 55
0 64
0 57
2537 58
0 54
0 54
0 54
2665 68
2666 59
0 51
0 56
0 53
2449 62
2520 64
2485 58
2740 53
0 48
0 57
0 53
0 53
0 58
0 50
2606 73
0 56
0 53
0 54
0 50
2598 57
2502 61
0 49
2556 63
2661 58
0 48
2571 55
0 58
0 51
2704 57
0 45
2474 63
2484 63
2554 60
0 57
2634 57
0 58
2673 59
0 55
2616 54
2513 57
0 60
0 61
2522 58
2606 59
0 57
0 56
2802 64
2573 57
2563 51
2523 60
0 54
0 57
0 58
2460 61
2722 58
2685 53
0 51
0 55
0 55
0 53
2616 67
0 52
2544 59
0 52
2568 54
0 53
0 55
2625 58
0 54
0 50
0 53
2513 55
0 47
0 48
3037 63
2795 56
0 54
0 50
0 52
2456 70
0 56
2789 57
0 57
0 54
2670 59
2598 64
0 51
2495 59
2497 56
2594 58
0 52
0 53
0 54
0 50
0 59
0 50
0 54
0 55
2469 76
2497 59
2650 57
3334 63
0 52
0 53
0 57
0 51
0 54
2460 58
2602 57
0 57
2647 60
0 56
0 50
0 52
0 49
2586 67
2533 61
2561 69
2548 59
2698 57
0 54
2656 57
2569 57
2467 59
0 51
2452 67
0 57
2616 66
0 52
0 54
0 52
2442 59
0 49
0 51
2618 59
2535 60
0 55
0 53
2663 57
2651 54
3014 59
0 57
2797 61
0 53
0 52
0 49
0 50
2490 67
2442 59
0 49
2447 62
2578 70
0 48
2551 56
2608 55
0 48
0 55
0 46
2497 54
0 51
0 48
0 46
0 54
2581 56
0 51
0 51
0 51
0 56
0 58
2510 55
0 51
0 50
2515 54
2484 61
0 57
2575 59
2524 65
0 54
0 51
0 54
0 57
0 51
0 60
2624 57
2583 72
0 54
0 53
0 51
2547 62
2886 60
2698 59
2548 63
0 56
2536 64
2518 51
2553 73
2606 61
2544 57
0 61
2558 63
2687 56
2565 62
2487 63
0 54
0 58
0 48
0 51
2478 64
2593 56
2528 60
0 56
0 52
0 52
2572 49
0 55
2549 59
0 46
0 54
0 56
0 60
0 55
0 49
2957 62
0 54
0 57
2620 71
0 57
0 51
0 51
2827 54
0 51
2493 59
0 51
2483 59
0 48
2561 58
2564 62
0 53
0 56
2593 57
2604 53
2440 56
2527 67
0 53
0 58
0 54
2444 57
0 55
2879 63
2517 51
2717 69
2621 76
2412 61
0 53
2648 57
0 51
0 49
0 60
2738 58
0 56
0 51
0 56
2558 59
0 58
2629 56
2813 54
2555 55
2632 59
2571 64
0 54
0 51
2611 55
0 58
0 54
0 44
2467 52
0 61
2650 64
0 57
0 55
0 56
0 61
0 51
0 58
0 53
2626 60
2491 51
2596 63
0 52
2505 62
0 59
2568 61
0 58
2555 54
2708 64
0 55
0 52
2521 61
0 56
2541 59
0 50
2463 79
2560 55
2678 52
0 51
2674 58
0 58
0 48
0 54
0 48
2477 65
2702 54
0 56
2637 58
0 52
2658 52
0 53
2718 56
0 51
0 60
15147 50
0 49
0 63
0 53
0 52
0 57
2654 64
0 54
0 53
0 50
0 49
0 43
0 55
0 52
2557 57
0 50
2953 63
0 52
0 54
0 61
0 46
2647 59
3009 51
2723 57
2634 71
2540 62
2624 66
0 58
2582 73
0 53
0 50
0 51
0 53
0 55
0 58
0 57
2772 59
2525 57
2505 55
0 49
2757 62
2486 51
0 52
0 47
0 56
0 55
0 53
2702 57
0 53
0 57
0 54
0 50
0 49
0 56
0 50
2577 75
2693 52
3161 62
0 69
2580 60
0 54
2549 58
2487 54
2487 74
0 52
2719 56
2539 59
2648 51
2550 60
0 51
2615 78
2566 57
2588 65
0 51
2528 57
0 53
0 47
2514 56
0 54
0 55
0 59
0 58
0 56
2664 59
0 51
0 50
0 61
0 50
2645 57
0 53
0 56
0 45
2839 53
0 57
0 51
2835 59
0 56
0 54
0 46
0 54
2466 53
0 49
0 57
2609 55
3325 59
0 54
2667 64
0 60
0 59
2716 60
2518 57
2647 61
2523 54
0 54
2843 62
2544 54
0 57
0 48
2653 59
0 50
3012 69
2796 54
0 51
2384 66
2620 72
2612 58
0 52
0 51
0 52
2768 56
0 53
2706 64
0 52
0 47
2540 59
0 54
2670 60
0 51
0 52
2564 58
0 55
0 46
2491 58
0 57
2584 53
0 56
0 57
0 54
2578 55
0 56
2435 54
0 60
2687 65
2608 54
0 53
2637 58
2476 53
2521 71
2549 65
0 52
2723 62
0 48
0 47
2600 54
0 52
3149 59
2791 62
2596 60
2502 82
2621 60
0 59
2558 62
0 52
0 52
0 64
0 46
2708 58
0 48
0 54
0 56
0 58
0 50
2672 59
2568 60
2679 64
2990 59
2617 53
2637 61
2566 62
0 51
0 56
2588 63
2583 62
0 54
2424 57
2612 61
2570 72
0 47
2580 53
0 51
0 57
0 58
0 55
0 57
2637 60
2588 52
2487 52
2752 59
0 59
2571 56
0 54
2563 68
0 61
2567 61
0 57
2502 53
0 58
0 60
2640 60
2551 58
0 50
2460 56
0 53
3000 67
2470 63
2668 51
2597 70
0 59
0 52
2686 60
2541 68
2606 57
2616 59
0 53
2460 58
2583 62
2487 54
2650 64
2648 58
0 56
0 51
0 61
0 53
0 53
2659 69
0 53
0 52
2479 56
0 46
0 47
0 52
0 54
2669 59
2511 52
0 54
0 53
2755 51
0 54
0 60
2692 59
0 54
0 53
2478 57
2747 62
2574 61
2569 82
2554 61
2599 55
2672 87
0 56
2612 59
0 55
0 46
2617 60
0 51
2625 66
0 56
0 50
2583 71
2673 52
0 54
0 51
2516 57
2548 62
0 46
0 54
2809 69
2997 62
0 52
0 54
2684 56
2572 59
2622 59
2505 62
3147 64
2496 70
0 47
0 53
0 53
2701 65
2541 59
2626 64
0 62
0 60
2575 58
0 51
0 50
2643 80
0 48
0 54
0 57
0 55
0 55
0 54
3207 56
2681 63
2510 54
2527 74
0 56
2717 53
0 54
0 55
0 58
2489 58
2607 66
0 55
2653 59
2588 52
0 50
0 53
0 46
2659 65
0 53
0 50
0 51
3123 62
2631 66
0 58
0 55
0 48
0 56
2582 65
0 51
0 57
0 51
2583 52
2543 66
0 52
0 51
0 55
2653 55
2505 63
0 54
0 51
0 50
0 49
0 54
0 52
0 58
0 52
2744 55
2498 62
0 53
0 57
0 52
2768 54
2957 58
0 54
2671 53
2477 57
2525 58
0 50
2473 60
0 56
2787 57
0 53
2582 59
0 54
0 61
2665 55
0 51
0 62
0 52
0 52
2641 60
0 55
2791 52
0 59
0 49
0 52
0 54
2543 56
2545 58
0 57
2588 67
0 52
0 58
2442 57
2659 66
0 51
2591 57
2737 62
2512 68
0 54
0 60
0 54
2616 68
0 52
0 55
0 53
0 53
0 59
0 59
2604 65
0 51
0 50
0 58
0 58
0 56
0 52
0 48
2581 72
0 53
2578 50
2693 66
0 50
2445 55
0 49
0 48
2610 57
2697 62
2601 56
2634 69
0 49
0 48
2719 69
2514 65
2621 54
3121 62
2454 58
0 54
0 54
2699 57
0 51
2500 60
2624 57
2551 65
2972 61
0 54
0 53
2495 65
0 51
2578 57
2459 60
2763 61
2608 56
0 54
2821 68
0 52
0 55
0 46
0 52
0 55
0 55
0 48
2814 71
0 57
0 51
3271 68
2541 57
2798 61
2928 57
2534 56
0 49
2554 63
0 51
3231 75
2577 55
2610 54
0 50
0 56
2655 54
2622 62
2605 87
2638 48
2560 65
0 50
0 49
0 54
2684 62
2757 53
2673 69
2582 57
0 52
2490 58
2714 65
2533 57
2490 68
0 55
2724 58
0 48
2479 70
2556 58
0 53
2555 70
0 54
0 49
0 52
0 55
0 57
0 53
2550 56
0 53
0 60
0 50
2791 59
0 47
0 44
0 54
0 48
0 53
3114 53
0 53
2588 64
2522 65
2583 61
2608 59
0 61
0 56
2602 58
2680 60
0 56
0 55
0 53
2560 57
0 54
2618 67
0 52
0 56
0 53
0 50
0 50
0 57
2532 62
2867 67
0 53
0 56
0 44
0 54
2472 57
0 57
2512 64
0 57
2646 55
0 49
0 51
0 59
0 52
0 53
0 51
2512 60
0 53
0 56
0 48
0 50
0 53
2797 57
2622 62
0 53
3481 64
2622 61
2644 59
9942 51
0 52
0 59
2523 60
2566 59
0 52
0 54
2747 55
0 55
2616 67
0 56
0 47
2553 65
0 50
0 47
3030 61
2573 58
0 58
0 57
0 48
0 51
0 49
2623 56
2452 49
0 49
2611 53
0 47
0 51
2535 56
2987 56
0 53
2690 61
0 52
3257 58
2630 64
0 52
0 47
0 57
2585 55
0 56
0 55
0 48
0 49
0 55
0 58
2509 60
2544 58
0 57
3116 58
0 54
2429 62
0 51
2847 71
0 52
2541 55
0 63
0 60
2535 58
2580 52
2546 59
0 56
0 49
3235 58
0 50
0 52
0 46
2610 60
2569 58
0 49
0 49
0 53
3193 70
0 54
2880 63
0 59
0 47
0 55
2929 64
2598 69
0 53
0 51
2567 61
3045 66
0 59
2621 56
2579 57
0 52
0 57
0 56
0 51
2612 63
2995 56
2663 56
0 53
0 54
3070 58
0 50
0 55
0 50
2579 60
0 56
0 60
2663 74
0 49
2989 61
2532 53
2460 52
0 53
2567 65
0 51
0 48
2587 63
0 54
2530 57
0 55
2744 59
0 59
0 53
0 58
0 54
2609 56
0 56
2445 70
2580 71
2572 59
2608 61
0 58
2507 61
2548 61
0 54
2566 53
2595 57
2583 57
0 57
0 53
2492 61
2610 58
2541 58
0 57
2548 52
2536 60
0 54
2645 63
2494 74
2725 62
2573 55
3113 62
0 51
2629 56
2507 67
0 53
2535 55
2513 70
0 51
0 54
2441 54
0 51
0 51
0 50
0 52
0 57
0 50
2666 56
2421 65
2577 54
2704 61
2637 68
2753 58
0 51
3205 60
0 48
2623 54
2599 66
0 56
0 58
3060 81
11149 50
0 52
0 54
2614 55
2661 62
2519 56
0 60
0 51
0 46
2739 55
0 55
2795 64
0 56
3000 52
2596 58
0 54
0 50
2422 52
2699 64
0 53
0 48
2560 62
2964 59
0 55
2578 66
0 55
0 56
0 54
2697 57
0 54
0 56
0 56
0 53
2640 58
2647 60
0 58
0 50
2731 65
0 57
0 55
0 46
0 53
2609 58
2615 54
2660 57
2546 59
0 47
0 59
2575 68
2764 61
0 54
0 48
2573 59
2517 74
2652 58
2523 73
0 56
0 48
2611 65
2626 59
0 47
0 53
2554 55
0 50
3110 56
2602 53
0 50
0 52
0 53
0 52
0 58
0 53
2811 52
0 56
2613 62
2576 55
2896 70
2522 76
0 56
2715 55
2476 63
0 50
0 54
2571 72
0 54
2581 63
0 61
0 53
2546 68
0 51
3018 60
2686 63
0 61
2588 63
2801 61
0 57
0 56
2478 55
2794 69
0 52
0 50
0 57
2582 55
0 55
0 61
0 49
0 54
0 56
2700 56
2575 63
0 48
0 54
0 55
0 59
3079 61
2736 54
0 53
0 55
0 54
0 49
2526 61
2584 71
0 51
0 53
2498 62
2660 55
2744 69
2999 58
0 49
2686 72
2673 57
0 60
0 49
2546 60
2753 72
0 51
0 58
2633 65
2482 56
2591 62
0 48
0 52
0 54
2642 57
0 51
3197 63
0 57
0 48
0 55
2600 56
0 47
2504 58
2648 57
2522 59
0 49
2531 63
2455 59
0 50
0 49
2730 65
2719 58
2507 65
0 49
2654 63
0 49
2727 61
0 54
0 54
0 52
0 54
0 53
2721 57
0 61
0 52
2478 58
2624 62
2741 57
0 57
0 55
3192 73
0 54
2663 61
2520 69
0 54
0 52
0 55
2613 67
0 53
2551 61
0 52
0 60
2485 60
0 55
0 54
2709 62
2648 63
0 52
0 54
0 55
0 53
2547 58
2648 76
0 56
0 59
0 60
0 53
0 53
2547 62
0 52
2657 53
2614 56
2399 63
2567 67
2537 51
2477 54
0 55
2592 71
0 54
2446 55
2590 57
0 59
2489 60
3221 60
0 54
2486 69
0 52
0 47
0 54
2535 56
0 52
2677 57
2534 59
0 50
2532 58
2996 62
2498 62
2566 66
0 52
2453 53
0 58
2892 58
0 58
2537 54
2472 60
2639 62
0 54
0 52
0 46
2672 58
0 50
2704 59
0 58
2698 59
2558 61
0 54
0 51
2607 52
2484 74
2647 66
0 54
2578 68
2572 63
0 55
2530 57
0 56
0 52
0 57
2585 65
3062 60
0 60
2485 80
2735 62
2586 62
2620 63
2713 62
2535 60
0 50
2658 59
0 58
0 56
2672 63
2675 61
0 54
2751 62
2482 56
0 49
2570 73
2492 55
0 45
0 52
0 62
0 43
2671 56
2614 59
2685 55
0 48
0 54
0 51
2537 60
2703 59
0 52
0 56
2547 61
0 57
0 49
2524 61
2972 53
0 53
0 54
2627 70
2605 55
0 46
0 53
2557 53
2623 54
0 51
2518 64
0 57
2527 72
0 56
0 49
2764 57
0 52
2717 66
2539 55
0 56
0 50
2534 54
2461 62
0 53
0 54
0 57
0 55
2434 66
2596 66
0 49
0 50
2454 76
0 50
0 52
2580 78
2629 53
2539 54
2601 61
0 54
0 48
2480 57
2645 57
2555 68
2502 63
0 56
2598 59
0 56
0 55
0 58
0 62
2601 59
0 50
0 58
0 47
2790 57
0 54
0 59
2547 58
0 54
0 51
0 54
2549 61
2483 59
0 62
0 54
0 48
0 54
0 50
0 57
0 52
0 49
2575 63
2620 54
2577 59
0 56
0 53
2573 84
2601 54
0 55
0 54
2584 62
2521 61
2554 61
2603 59
0 56
2559 63
2565 58
2591 63
2614 59
0 53
0 51
0 55
0 54
3464 66
2615 56
0 54
2546 58
0 55
2526 60
2702 62
2687 67
0 54
0 54
0 50
2714 69
0 48
2484 62
2504 81
0 58
2552 60
0 58
0 51
2673 59
2450 61
0 55
2529 56
2492 55
0 59
2617 52
2595 62
2927 52
2646 72
2589 68
2761 57
0 51
0 59
0 62
2798 58
0 53
2504 66
2697 58
2857 69
2372 64
0 46
2498 63
0 54
0 51
2652 62
0 47
0 62
0 56
0 54
2565 56
0 55
2519 59
0 48
2594 62
0 61
0 54
0 52
2591 57
0 55
2639 55
0 54
0 50
0 57
0 52
0 48
0 53
2563 62
2621 65
0 54
2486 52
0 50
0 52
0 53
0 42
0 53
2508 54
0 54
2588 60
2633 60
0 52
0 54
2487 61
2615 63
0 49
0 59
2479 53
2514 60
0 57
2613 70
2766 60
2506 64
0 58
2574 55
0 54
2689 75
2571 60
2520 56
0 52
2748 75
0 54
2655 60
2586 55
2547 56
0 49
0 52
0 60
0 52
0 61
2524 59
0 55
2508 60
2456 57
2520 58
3211 59
2730 53
0 53
2540 71
2535 62
0 56
0 53
2624 63
0 54
0 54
0 50
2537 57
2723 57
0 46
0 56
0 56
0 62
0 59
2473 58
2489 62
2588 61
2994 61
0 49
0 55
2524 56
0 61
0 49
0 52
0 54
0 51
0 56
0 60
0 52
0 53
2531 61
0 47
2776 55
2496 65
0 63
0 54
0 49
0 59
2573 59
0 49
0 48
0 52
0 65
2694 70
2761 64
2533 59
2691 56
0 54
0 49
0 53
0 53
2540 69
2709 71
2705 58
3205 64
0 58
0 52
2539 60
3133 58
0 53
2588 56
0 51
2675 66
2518 65
0 53
0 49
2566 65
2618 70
2716 58
0 55
2751 59
0 51
2636 60
0 51
2484 57
2627 57
0 57
0 54
0 55
0 52
2520 61
0 52
2659 57
2523 61
2573 65
0 53
0 52
0 53
0 52
2567 60
2407 68
0 60
2508 58
2564 55
2588 54
2623 50
2588 61
2593 68
2502 74
2720 67
0 62
2532 69
0 52
0 60
0 54
0 52
2566 64
0 45
2918 55
2482 64
2509 58
2492 56
2662 52
2459 67
0 57
0 52
0 56
0 54
2750 69
0 55
2520 57
2679 60
3032 59
0 52
2662 63
0 51
0 55
0 49
2475 64
2609 56
0 53
0 54
2477 55
0 51
2603 67
0 54
0 58
0 51
0 54
2722 62
2798 62
0 54
2567 57
0 56
2620 62
0 52
0 55
3104 61
3040 52
2521 67
0 56
0 51
0 58
2745 59
0 56
2513 57
0 54
2572 68
0 55
0 50
0 50
0 56
2541 65
2713 56
0 57
0 51
0 55
2535 65
2796 63
0 56
2794 57
10145 54
2619 63
0 50
0 54
0 46
2509 63
2667 53
0 49
0 51
0 47
0 59
2549 59
2922 54
0 52
0 52
0 52
0 56
0 47
2641 59
0 51
2755 63
0 52
2769 60
2656 63
0 53
0 60
0 50
2798 58
2567 70
0 56
0 57
0 48
2461 61
2552 58
0 52
0 61
0 54
0 59
0 55
3036 64
0 44
2600 68
2681 63
2585 67
0 57
2865 70
2553 59
2692 60
2540 61
