1794 1950 1807    520 512 637  
1796 1949 1804    522 516 638  
1795 1950 1804    521 511 641  
1795 1952 1805    522 505 640  
1795 1949 1805    519 506 638  
1795 1950 1803    516 507 639  
1795 1951 1804    520 521 638  
1793 1949 1806    521 513 641  
1794 1949 1806    517 506 636  
1794 1950 1806    516 514 640  
1792 1950 1807    523 512 642  
1794 1948 1803    522 512 640  
1795 1949 1803    518 510 640  
1793 1951 1806    524 516 640  
1795 1950 1803    525 512 642  
1793 1949 1806    515 513 635  
1795 1951 1805    525 511 639  
1793 1950 1806    520 512 636  
1793 1950 1807    519 513 635  
1793 1949 1805    521 508 641  
1795 1950 1806    521 515 640  
1793 1950 1805    519 513 635  
1795 1951 1805    519 512 643  
1793 1950 1806    524 512 637  
1794 1950 1806    520 516 638  
1793 1950 1805    523 519 637  
1795 1951 1805    529 507 640  
1794 1949 1805    518 514 641  
1793 1950 1807    516 520 639  
1794 1949 1806    521 512 639  
1794 1952 1806    521 513 640  
1795 1950 1805    521 519 639  
1793 1950 1806    521 510 638  
1793 1950 1806    516 512 640  
1793 1950 1805    522 515 640  
1794 1949 1806    513 514 640  
1794 1950 1806    519 508 640  
1792 1948 1805    523 510 642  
1793 1950 1806    520 520 638  
1796 1951 1805    520 513 641  
1794 1949 1807    514 512 636  
1793 1950 1805    519 515 640  
1796 1950 1805    521 508 639  
1793 1950 1808    520 514 636  
1795 1950 1805    520 515 636  
1795 1950 1805    518 513 640  
1793 1951 1806    519 514 638  
1793 1950 1806    519 509 638  
1793 1949 1806    521 504 638  
1794 1950 1805    516 512 638  
1794 1949 1807    516 511 639  
1793 1950 1805    516 514 638  
1794 1950 1805    517 505 638  
1795 1950 1805    522 506 640  
1795 1950 1806    526 520 643  
1795 1949 1803    522 511 637  
1793 1949 1805    519 506 637  
1793 1951 1805    516 510 638  
1794 1950 1805    521 513 640  
1794 1950 1805    523 509 637  
1796 1950 1805    522 515 638  
1794 1950 1805    520 515 639  
1794 1948 1804    518 513 640  
1794 1948 1805    519 516 636  
1795 1951 1806    524 515 639  
1794 1949 1805    521 514 640  
1793 1949 1806    516 514 638  
1795 1949 1804    524 514 636  
1794 1950 1806    522 510 637  
1793 1949 1806    515 515 638  
1793 1950 1806    521 513 639  
1793 1950 1805    521 507 637  
1793 1950 1806    519 512 637  
1793 1950 1807    519 518 641  
1796 1951 1806    517 514 640  
1794 1950 1805    516 510 640  
1793 1950 1805    516 524 640  
1795 1949 1805    518 509 641  
1792 1950 1806    519 517 641  
1793 1951 1807    516 513 638  
1794 1950 1805    520 514 639  
1793 1948 1804    522 513 639  
1795 1951 1804    519 517 639  
1794 1949 1806    523 514 639  
1794 1949 1805    520 515 640  
1794 1949 1806    515 516 634  
1794 1950 1804    525 519 641  
1793 1949 1806    518 509 638  
1795 1951 1807    522 504 636  
1793 1951 1805    523 514 640  
1794 1952 1806    516 507 638  
1794 1949 1805    521 513 639  
1794 1949 1804    519 510 636  
1795 1951 1805    520 509 644  
1794 1950 1805    524 514 638  
1794 1949 1805    518 507 637  
1793 1949 1804    523 505 639  
1794 1950 1804    514 507 635  
1793 1950 1806    522 517 638  
1793 1949 1806    525 513 639  
1794 1949 1806    523 513 642  
1794 1951 1805    519 515 637  
1795 1950 1804    516 511 640  
1794 1951 1806    522 511 640  
1793 1950 1805    517 513 638  
1795 1951 1805    525 514 641  
1791 1948 1806    519 506 639  
1793 1949 1807    522 515 638  
1795 1949 1805    518 513 636  
1793 1951 1806    524 512 640  
1794 1949 1806    523 511 636  
1791 1949 1805    514 511 637  
1795 1952 1805    522 518 638  
1792 1949 1807    517 513 640  
1794 1950 1806    523 511 639  
1793 1949 1806    519 512 639  
1793 1949 1805    519 515 638  
1794 1951 1807    519 509 638  
1793 1949 1806    517 513 637  
1794 1951 1806    520 516 639  
1794 1949 1804    522 519 637  
1794 1949 1805    511 506 638  
1794 1951 1805    523 516 637  
1793 1950 1805    520 518 638  
1792 1950 1806    522 514 642  
1793 1950 1805    520 509 638  
1794 1950 1804    519 512 639  
1794 1950 1804    528 512 639  
1793 1950 1806    521 516 637  
1795 1950 1804    521 514 643  
1793 1950 1806    528 510 637  
1795 1951 1805    518 511 636  
1794 1950 1805    514 517 636  
1795 1950 1805    519 510 638  
1795 1950 1804    521 509 638  
1794 1950 1806    519 509 640  
1796 1950 1804    522 518 639  
1794 1948 1804    516 510 641  
1793 1950 1807    519 513 638  
1794 1950 1804    520 512 636  
1795 1950 1805    527 512 636  
1792 1950 1806    518 513 636  
1793 1949 1805    522 514 640  
1793 1950 1805    515 513 638  
1794 1952 1806    517 509 636  
1795 1951 1804    519 517 642  
1793 1952 1806    520 517 640  
1795 1950 1804    523 510 640  
1794 1951 1804    520 513 639  
1794 1951 1805    515 514 640  
1794 1952 1804    520 517 636  
1794 1951 1805    517 510 637  
1793 1948 1804    517 516 640  
1795 1950 1805    521 512 640  
1795 1951 1806    518 508 638  
1795 1950 1804    524 519 638  
1794 1949 1804    517 509 636  
1796 1952 1805    523 521 638  
1796 1951 1803    516 517 636  
1792 1949 1805    518 513 638  
1797 1952 1804    520 516 642  
1795 1950 1803    516 510 635  
1792 1950 1806    515 519 636  
1794 1950 1805    516 515 643  
1795 1950 1804    518 513 638  
1794 1948 1803    518 518 638  
1793 1950 1805    519 511 638  
1792 1950 1804    515 508 640  
1794 1950 1808    514 512 635  
1794 1949 1805    520 509 638  
1794 1950 1804    522 514 637  
1796 1951 1804    518 513 636  
1794 1950 1804    518 511 637  
1794 1949 1804    513 511 635  
1795 1950 1805    523 517 639  
1794 1950 1804    521 509 640  
1793 1950 1804    520 514 635  
1795 1950 1806    519 515 640  
1795 1950 1804    519 514 635  
1795 1951 1806    515 511 640  
1793 1949 1805    515 513 639  
1794 1949 1803    520 514 642  
1794 1950 1805    515 509 637  
1795 1951 1806    519 513 637  
1796 1951 1803    517 509 638  
1793 1949 1805    521 509 639  
1796 1950 1804    528 508 639  
1797 1951 1803    525 512 635  
1796 1951 1805    519 512 634  
1793 1949 1805    515 511 637  
1794 1951 1805    519 511 637  
1794 1949 1805    525 509 638  
1794 1952 1805    524 512 640  
1794 1951 1806    525 513 640  
1795 1949 1804    513 513 637  
1795 1950 1804    514 514 642  
1792 1950 1806    517 514 635  
1795 1951 1806    521 508 639  
1793 1950 1806    522 509 637  
1794 1949 1805    518 511 640  
1794 1951 1803    518 517 636  
1794 1950 1804    520 513 639  
1793 1952 1807    522 515 639  
1795 1951 1805    523 513 637  
1793 1949 1805    517 517 638  
1793 1951 1805    530 514 637  
1794 1951 1804    522 517 639  
1795 1952 1805    518 508 635  
1795 1949 1804    519 515 637  
1793 1948 1805    516 514 639  
1794 1951 1805    518 508 638  
1795 1949 1805    515 513 637  
1796 1952 1805    524 507 640  
1794 1950 1806    520 512 637  
1792 1951 1806    520 512 636  
1794 1950 1805    514 510 641  
1794 1949 1804    515 511 639  
1793 1950 1806    516 509 639  
1794 1950 1805    520 514 637  
1793 1951 1806    515 512 635  
1794 1950 1805    522 515 639  
1793 1950 1805    521 512 639  
1795 1951 1806    520 514 638  
1794 1952 1806    523 507 640  
1793 1950 1804    518 509 638  
1793 1950 1802    520 514 638  
1794 1951 1806    524 510 638  
1796 1950 1805    520 507 636  
1795 1951 1804    519 516 640  
1794 1951 1806    524 512 639  
1794 1951 1804    516 505 638  
1794 1952 1805    518 511 638  
1794 1951 1805    521 512 636  
1794 1950 1805    515 511 637  
1794 1952 1806    519 513 639  
1793 1949 1804    514 511 639  
1794 1951 1804    515 511 639  
1793 1949 1805    514 515 638  
1795 1950 1803    528 509 642  
1793 1950 1805    518 502 639  
1794 1951 1806    512 513 636  
1793 1950 1805    522 509 638  
1795 1951 1805    522 513 637  
1794 1950 1805    525 514 641  
1794 1950 1804    518 524 638  
1793 1951 1805    523 511 638  
1794 1950 1805    521 510 637  
1794 1950 1806    519 512 639  
1795 1949 1804    514 512 638  
1794 1950 1805    521 519 641  
1794 1950 1805    524 514 637  
1794 1950 1806    524 513 638  
1793 1951 1807    526 510 639  
1793 1950 1805    521 513 640  
1793 1950 1806    522 509 643  
1793 1950 1806    520 511 638  
1794 1950 1805    524 511 637  
1794 1949 1804    518 516 638  
1795 1951 1806    510 512 638  
1795 1951 1806    517 512 638  
1794 1948 1806    516 517 640  
1792 1947 1805    525 510 641  
1794 1950 1805    522 513 639  
1796 1950 1804    521 511 636  
1793 1950 1805    519 512 638  
1794 1947 1804    522 516 638  
1794 1950 1805    523 510 638  
1793 1950 1807    520 521 638  
1793 1951 1805    515 511 639  
1795 1949 1805    521 519 642  
1795 1949 1805    518 506 637  
1795 1948 1805    520 507 639  
1795 1950 1804    524 515 638  
1795 1949 1804    521 517 639  
1795 1951 1806    514 515 641  
1794 1952 1805    523 514 637  
1793 1949 1806    517 509 639  
1794 1949 1803    514 519 634  
1795 1949 1804    521 509 639  
1797 1950 1805    522 506 638  
1791 1948 1805    518 513 637  
1794 1950 1805    518 519 640  
1793 1949 1805    525 515 635  
1794 1949 1806    521 515 637  
1794 1950 1802    521 509 638  
1794 1950 1806    520 517 639  
1795 1950 1805    518 514 638  
1795 1950 1805    518 507 639  
1794 1951 1805    520 510 636  
1796 1951 1805    519 510 641  
1794 1950 1805    522 510 639  
1794 1950 1806    516 510 642  
1794 1951 1805    519 518 639  
1796 1950 1805    516 507 638  
1795 1950 1804    521 513 639  
1794 1950 1806    521 511 637  
1795 1952 1805    519 511 635  
1795 1951 1805    522 520 642  
1795 1950 1804    521 509 634  
1794 1951 1806    518 514 638  
1794 1950 1805    524 510 635  
1794 1951 1806    519 510 641  
1794 1951 1807    518 513 638  
1795 1951 1805    519 516 639  
1797 1952 1807    513 518 635  
1791 1949 1806    518 514 638  
1795 1952 1807    526 515 633  
1794 1949 1806    523 516 639  
1792 1950 1806    520 512 636  
1793 1950 1806    512 515 637  
1794 1950 1805    522 514 640  
1793 1949 1806    526 512 639  
1796 1951 1805    514 515 638  
1794 1950 1805    517 509 637  
1793 1949 1807    519 514 639  
1793 1949 1805    522 513 638  
1794 1951 1806    517 512 637  
1794 1950 1804    522 514 639  
1793 1950 1806    517 507 640  
1795 1949 1804    516 513 638  
1793 1950 1806    519 516 638  
1793 1950 1805    526 510 638  
1793 1950 1806    514 520 639  
1794 1949 1805    522 517 639  
1794 1949 1805    516 510 638  
1793 1950 1808    517 516 639  
1794 1950 1806    523 511 641  
1793 1949 1806    524 512 637  
1794 1950 1805    519 510 639  
1793 1948 1804    512 520 640  
1795 1950 1804    519 512 637  
1793 1950 1807    517 518 637  
1795 1951 1807    518 519 640  
1793 1950 1805    518 508 638  
1794 1950 1804    519 513 640  
1792 1950 1806    513 510 639  
1794 1950 1806    518 506 638  
1795 1950 1806    521 513 638  
1794 1951 1806    525 521 638  
1794 1950 1805    519 515 635  
1794 1950 1806    519 507 639  
1793 1950 1807    526 515 638  
1795 1950 1806    519 509 638  
1794 1949 1805    522 516 638  
1794 1950 1806    517 507 639  
1793 1949 1805    524 512 639  
1794 1950 1805    518 515 635  
1796 1949 1805    516 510 641  
1797 1953 1805    520 505 636  
1796 1950 1805    526 519 642  
1794 1949 1805    517 512 638  
1794 1948 1807    520 513 638  
1795 1951 1806    525 516 642  
1794 1951 1808    519 516 638  
1794 1951 1805    517 512 639  
1794 1951 1804    512 511 639  
1794 1950 1806    521 513 641  
1797 1951 1804    521 505 639  
1792 1947 1806    524 517 639  
1795 1950 1805    522 517 635  
1795 1950 1803    516 513 637  
1794 1949 1805    516 506 634  
1793 1950 1806    516 508 635  
1794 1950 1805    515 516 639  
1796 1950 1805    519 510 641  
1794 1949 1804    521 509 638  
1792 1948 1805    518 516 639  
1794 1950 1805    515 509 637  
1793 1949 1804    513 508 638  
1795 1950 1806    523 513 641  
1794 1950 1805    521 510 641  
1793 1949 1806    513 512 641  
1795 1950 1805    522 518 641  
1793 1950 1806    518 516 641  
1794 1950 1806    520 515 639  
1795 1949 1805    515 503 638  
1793 1950 1805    515 515 638  
1793 1949 1806    525 513 640  
1794 1950 1805    518 515 638  
1793 1952 1806    519 517 639  
1793 1950 1805    525 511 639  
1794 1950 1804    521 516 641  
1795 1951 1806    516 507 639  
1794 1950 1805    519 511 640  
1794 1950 1804    521 513 639  
1795 1951 1804    514 512 637  
1794 1950 1804    516 505 638  
1794 1950 1804    516 512 634  
1793 1950 1807    522 512 642  
1793 1951 1804    522 513 638  
1793 1950 1804    517 512 640  
1794 1951 1805    517 520 638  
1793 1951 1806    515 515 639  
1795 1952 1805    516 509 639  
1795 1951 1804    515 512 637  
1795 1950 1805    517 514 637  
1792 1951 1807    521 513 637  
1794 1951 1805    520 510 639  
1794 1951 1806    522 512 639  
1795 1951 1804    512 511 637  
1794 1950 1805    512 513 637  
1794 1952 1805    520 507 641  
1795 1949 1805    519 507 640  
1793 1950 1805    516 511 638  
1793 1950 1805    521 515 639  
1794 1951 1806    519 505 637  
1794 1949 1804    517 515 639  
1795 1950 1805    521 514 638  
1794 1951 1805    516 517 640  
1793 1949 1805    524 514 641  
1794 1951 1805    521 513 639  
1794 1951 1806    513 512 639  
1795 1951 1806    524 520 639  
1793 1950 1804    511 514 636  
1795 1950 1806    521 514 638  
1794 1951 1804    522 514 640  
1795 1951 1805    514 510 640  
1792 1949 1806    519 507 634  
1794 1951 1805    519 513 640  
1792 1948 1806    519 508 638  
1794 1951 1805    527 515 639  
1793 1950 1805    517 509 635  
1794 1950 1805    518 511 645  
1793 1949 1806    523 513 637  
1795 1952 1806    518 514 635  
1793 1950 1806    517 515 637  
1795 1951 1806    525 512 636  
1796 1951 1806    514 512 636  
1795 1950 1804    517 511 636  
1795 1951 1804    520 518 640  
1794 1950 1805    521 509 644  
1795 1950 1805    521 511 634  
1795 1950 1806    517 513 638  
1793 1950 1806    517 514 637  
1795 1950 1805    507 514 635  
1793 1951 1807    515 508 636  
1794 1950 1807    520 513 638  
1794 1949 1805    517 513 637  
1793 1950 1806    523 513 638  
1796 1951 1805    520 513 638  
1793 1950 1806    525 518 642  
1793 1949 1805    520 512 640  
1794 1950 1804    514 519 637  
1793 1950 1805    520 508 636  
1793 1950 1806    517 514 635  
1796 1952 1805    521 515 642  
1793 1950 1805    517 508 636  
1796 1951 1804    519 514 639  
1794 1950 1805    522 508 638  
1795 1951 1804    518 513 639  
1794 1950 1806    514 512 638  
1794 1951 1805    519 506 641  
1794 1952 1805    525 515 639  
1794 1951 1807    521 514 642  
1795 1950 1805    523 514 638  
1794 1949 1806    522 511 637  
1793 1950 1806    518 514 638  
1794 1951 1806    521 511 638  
1793 1949 1805    520 517 636  
1793 1950 1806    518 508 637  
1794 1950 1804    520 511 641  
1796 1950 1805    521 515 641  
1794 1951 1805    520 512 640  
1795 1951 1806    516 506 636  
1795 1950 1804    519 509 638  
1795 1950 1803    524 512 639  
1795 1951 1804    518 508 641  
1795 1952 1806    525 516 637  
1795 1950 1804    519 516 639  
1793 1950 1805    522 516 639  
1794 1951 1805    521 512 639  
1794 1949 1806    520 511 638  
1795 1950 1804    521 517 640  
1797 1952 1804    519 513 640  
1793 1950 1807    524 509 637  
1794 1950 1806    515 516 638  
1794 1950 1807    522 510 641  
1795 1950 1805    519 506 639  
1794 1950 1805    519 512 638  
1795 1950 1805    523 519 640  
1794 1951 1806    520 514 640  
1795 1951 1805    528 512 640  
1794 1949 1806    520 517 641  
1795 1951 1805    517 518 638  
1793 1950 1806    517 520 638  
1794 1950 1806    524 519 642  
1795 1950 1805    517 512 638  
1795 1950 1804    518 504 635  
1795 1950 1804    518 515 636  
1794 1950 1806    517 515 638  
1791 1950 1806    519 513 640  
1795 1950 1806    518 511 637  
1796 1950 1804    515 510 639  
1793 1950 1804    516 520 638  
1796 1951 1805    522 513 638  
1794 1951 1805    516 505 640  
1794 1950 1803    517 506 640  
1793 1949 1805    521 507 637  
1794 1950 1808    515 510 633  
1795 1950 1805    522 516 640  
1792 1949 1806    517 511 640  
1793 1949 1808    515 513 639  
1793 1950 1806    517 517 639  
1794 1949 1804    514 513 637  
1792 1949 1806    517 510 639  
1794 1951 1805    512 508 637  
1793 1951 1807    513 514 637  
1795 1951 1805    522 519 635  
1793 1950 1806    518 507 640  
1795 1950 1805    522 512 638  
1794 1951 1807    518 514 639  
1796 1951 1805    518 513 637  
1794 1951 1806    522 508 633  
1794 1949 1805    521 514 639  
1793 1949 1804    519 513 639  
1793 1949 1806    520 504 637  
1794 1950 1806    512 517 637  
1794 1951 1806    521 514 636  
1794 1951 1806    519 515 637  
1795 1950 1805    521 513 639  
1795 1950 1805    519 508 634  
1794 1950 1805    518 516 639  
1795 1950 1806    514 512 638  
1794 1950 1806    516 514 637  
1797 1951 1803    523 514 641  
1793 1949 1806    514 512 638  
1794 1950 1804    524 516 638  
1794 1949 1805    523 512 642  
1793 1949 1805    520 513 639  
1794 1951 1806    522 509 637  
1795 1950 1805    522 509 639  
1794 1950 1806    523 514 640  
1794 1949 1805    520 513 638  
1793 1951 1808    517 511 639  
1793 1949 1806    515 512 636  
1794 1950 1804    523 511 639  
1794 1950 1804    520 512 640  
1794 1951 1806    525 510 637  
1794 1949 1805    526 510 642  
1795 1951 1805    517 505 639  
1794 1951 1805    517 512 638  
1795 1949 1804    522 514 638  
1796 1952 1806    520 514 639  
1795 1950 1804    517 510 637  
1796 1951 1806    522 514 640  
1795 1950 1806    525 511 637  
1795 1951 1805    520 513 638  
1795 1950 1805    523 516 637  
1796 1952 1807    524 514 639  
1793 1951 1806    521 513 640  
1795 1949 1803    514 516 638  
1797 1951 1804    516 512 636  
1795 1949 1804    512 512 636  
1795 1951 1806    515 516 638  
1793 1950 1805    518 514 640  
1793 1950 1806    519 517 642  
1794 1950 1807    525 509 638  
1795 1950 1806    517 512 637  
1792 1949 1805    520 507 638  
1792 1950 1805    511 514 640  
1794 1949 1805    521 513 639  
1795 1950 1804    513 504 637  
1794 1948 1806    512 510 637  
1792 1949 1806    522 509 634  
1794 1951 1805    520 515 638  
1794 1949 1805    516 508 637  
1792 1949 1806    523 515 636  
1795 1950 1807    524 513 638  
1793 1950 1805    522 514 635  
1795 1951 1807    519 509 642  
1795 1950 1804    516 516 640  
1795 1950 1806    516 514 641  
1795 1950 1805    516 517 638  
1792 1949 1806    517 513 638  
1794 1950 1807    525 512 641  
1793 1948 1806    514 510 634  
1793 1949 1806    519 514 642  
1797 1951 1806    517 508 639  
1794 1949 1806    510 511 639  
1794 1950 1804    522 512 636  
1795 1950 1806    517 511 638  
1796 1950 1806    528 515 640  
1795 1950 1806    516 509 639  
1793 1950 1806    524 511 636  
1794 1949 1806    519 514 638  
1793 1950 1805    517 510 639  
1794 1950 1806    518 518 639  
1795 1950 1805    517 514 641  
1793 1950 1807    520 516 637  
1793 1949 1807    522 516 639  
1794 1949 1805    519 510 639  
1794 1949 1806    515 511 639  
1794 1950 1805    517 513 636  
1794 1950 1806    517 517 637  
1794 1950 1805    511 511 638  
1794 1949 1806    521 512 641  
1794 1949 1806    515 505 637  
1795 1949 1805    514 517 639  
1795 1950 1805    521 508 638  
1794 1950 1807    517 515 640  
1794 1950 1805    517 510 635  
1795 1950 1805    519 515 640  
1795 1952 1806    521 517 637  
1795 1950 1804    517 502 635  
1795 1952 1806    521 509 638  
1795 1950 1805    509 506 635  
1795 1951 1806    519 516 638  
1793 1948 1805    518 515 639  
1795 1948 1803    514 509 640  
1793 1948 1805    518 517 636  
1793 1950 1807    522 511 637  
1795 1949 1804    521 509 638  
1794 1950 1805    515 509 638  
1795 1950 1806    525 505 639  
1793 1949 1807    514 518 637  
1793 1951 1807    520 510 637  
1794 1951 1806    520 510 637  
1793 1950 1805    516 511 642  
1793 1950 1806    517 519 635  
1793 1950 1807    525 514 639  
1793 1949 1805    523 520 641  
1792 1949 1804    519 509 635  
1795 1949 1805    516 506 638  
1793 1950 1806    522 515 641  
1793 1949 1805    522 513 641  
1794 1951 1805    518 513 638  
1793 1949 1806    519 514 640  
1795 1950 1805    517 515 640  
1795 1950 1807    516 516 641  
1793 1950 1807    518 512 642  
1794 1950 1805    519 518 637  
1795 1951 1805    515 517 642  
1794 1951 1804    515 511 634  
1794 1950 1805    521 519 639  
1793 1950 1806    519 510 638  
1792 1949 1804    520 516 640  
1794 1950 1804    519 511 638  
1795 1951 1805    521 510 640  
1793 1951 1805    519 513 639  
1794 1950 1804    529 519 642  
1795 1950 1803    524 511 638  
1793 1949 1804    521 515 638  
1794 1950 1805    518 510 639  
1793 1951 1805    520 508 640  
1794 1951 1806    518 516 640  
1795 1950 1805    523 515 641  
1793 1952 1807    518 511 638  
1793 1950 1806    519 517 638  
1794 1949 1806    520 509 638  
1793 1950 1805    524 519 640  
1791 1950 1806    515 518 634  
1795 1951 1804    513 512 640  
1794 1951 1804    517 516 638  
1793 1951 1806    518 505 638  
1792 1950 1806    515 519 639  
1794 1951 1805    521 512 634  
1795 1952 1806    522 511 638  
1792 1949 1806    520 510 639  
1793 1949 1805    518 505 636  
1794 1950 1805    520 514 635  
1793 1950 1803    516 516 638  
1792 1950 1806    519 511 638  
1797 1951 1803    521 512 638  
1792 1950 1807    518 510 635  
1794 1948 1805    520 509 640  
1795 1951 1804    522 506 640  
1795 1950 1805    518 511 639  
1794 1951 1806    525 511 639  
1794 1949 1805    515 515 638  
1792 1949 1806    521 513 638  
1795 1950 1805    517 514 639  
1793 1949 1805    518 514 640  
1794 1951 1804    520 510 637  
1793 1950 1804    517 514 639  
1792 1950 1805    519 514 641  
1794 1951 1807    516 520 636  
1795 1950 1805    516 512 640  
1795 1951 1806    520 517 641  
1793 1951 1806    518 521 639  
1793 1949 1804    522 514 642  
1795 1950 1806    515 505 639  
1794 1949 1805    512 508 638  
1793 1951 1804    520 508 639  
1794 1949 1805    521 510 636  
1794 1950 1805    515 514 636  
1793 1950 1805    519 517 639  
1793 1949 1805    526 513 639  
1794 1950 1804    513 511 640  
1793 1950 1806    521 511 640  
1793 1950 1804    514 517 639  
1793 1949 1805    515 515 637  
1794 1948 1803    522 510 639  
1793 1950 1805    518 517 638  
1794 1950 1806    519 512 641  
1794 1950 1804    517 513 636  
1794 1950 1805    516 504 636  
1793 1950 1805    523 512 640  
1792 1950 1808    514 517 639  
1794 1948 1805    518 510 638  
1795 1951 1804    521 515 638  
1795 1951 1803    517 512 641  
1794 1951 1806    513 510 636  
1793 1950 1806    518 513 638  
1794 1950 1805    523 519 640  
1792 1949 1807    516 514 640  
1793 1950 1806    520 506 633  
1794 1952 1806    523 507 638  
1794 1950 1806    518 511 636  
1792 1950 1806    519 516 640  
1791 1950 1808    519 512 638  
1793 1951 1807    517 514 638  
1794 1951 1806    519 504 639  
1795 1951 1804    520 507 638  
1794 1950 1805    517 511 640  
1792 1949 1805    516 510 640  
1794 1950 1805    517 507 639  
1795 1951 1805    517 508 639  
1793 1949 1806    520 511 635  
1794 1949 1806    514 510 639  
1794 1950 1804    518 514 641  
1796 1952 1805    518 512 637  
1794 1951 1805    522 515 642  
1795 1951 1805    518 509 642  
1792 1949 1805    513 513 637  
1793 1950 1806    524 517 639  
1794 1949 1806    520 510 637  
1794 1950 1805    515 511 642  
1794 1951 1806    519 519 640  
1794 1950 1804    511 511 637  
1793 1950 1806    514 514 639  
1792 1950 1807    517 514 636  
1794 1951 1805    524 510 641  
1794 1951 1805    520 512 639  
1793 1949 1805    518 510 640  
1794 1950 1805    520 512 639  
1795 1950 1804    511 517 640  
1794 1951 1805    517 518 639  
1794 1951 1805    514 514 636  
1793 1948 1806    522 516 637  
1794 1951 1805    515 515 639  
1794 1950 1805    514 513 639  
1796 1951 1806    517 515 637  
1793 1951 1804    522 513 642  
1793 1951 1804    515 516 638  
1794 1948 1806    518 517 639  
1793 1949 1804    517 512 640  
1793 1949 1803    516 509 641  
1793 1950 1806    523 513 639  
1791 1949 1806    515 517 636  
1795 1950 1805    522 505 638  
1792 1949 1806    517 512 635  
1794 1951 1805    514 523 639  
1794 1950 1805    515 508 637  
1794 1951 1806    517 513 637  
1792 1950 1808    516 513 641  
1794 1949 1805    523 512 639  
1794 1950 1805    519 508 640  
1792 1949 1805    519 511 638  
1795 1951 1806    523 515 639  
1795 1950 1805    520 513 638  
1794 1950 1804    519 509 637  
1795 1950 1804    514 516 636  
1794 1950 1804    518 514 637  
1791 1949 1806    522 509 639  
1793 1948 1805    518 506 637  
1794 1950 1806    521 514 637  
1793 1949 1805    517 512 638  
1794 1951 1806    519 516 637  
1794 1950 1805    525 516 642  
1794 1950 1805    517 518 637  
1794 1951 1806    520 513 638  
1793 1951 1806    518 508 638  
1797 1952 1803    521 512 639  
1795 1951 1806    521 516 639  
1793 1950 1805    512 509 638  
1794 1950 1807    521 513 638  
1795 1950 1803    524 508 635  
1795 1951 1805    518 512 637  
1792 1949 1807    516 517 638  
1792 1950 1808    516 511 639  
1792 1950 1805    520 515 639  
1794 1950 1805    522 512 637  
1793 1949 1805    516 503 637  
1793 1950 1806    516 515 638  
1794 1951 1806    520 508 638  
1793 1949 1805    518 517 641  
1795 1950 1806    520 512 639  
1794 1950 1807    526 517 638  
1793 1949 1804    518 516 640  
1794 1951 1806    522 511 638  
1796 1952 1804    519 506 638  
1794 1950 1805    522 509 637  
1793 1952 1806    520 513 642  
1792 1948 1806    518 513 637  
1794 1949 1806    520 515 640  
1794 1950 1804    518 512 639  
1793 1949 1803    522 507 638  
1795 1950 1805    519 509 637  
1793 1949 1805    522 510 638  
1794 1950 1806    520 514 642  
1795 1950 1806    517 519 634  
1792 1951 1807    523 508 638  
1794 1950 1804    519 517 642  
1795 1950 1805    518 512 639  
1795 1950 1805    515 512 639  
1794 1950 1806    522 510 640  
1794 1950 1807    522 510 642  
1794 1949 1804    521 503 633  
1794 1949 1804    521 515 644  
1793 1951 1806    514 514 639  
1795 1949 1806    521 512 639  
1795 1951 1805    520 514 640  
1794 1949 1804    518 511 640  
1792 1950 1806    514 510 637  
1793 1950 1806    516 508 638  
1793 1948 1805    523 514 640  
1793 1949 1806    516 511 640  
1791 1949 1806    517 512 638  
1793 1949 1804    513 513 638  
1793 1949 1806    516 513 639  
1793 1950 1806    512 507 640  
1794 1950 1806    521 521 636  
1795 1950 1806    521 513 642  
1795 1950 1804    521 511 637  
1794 1949 1805    518 515 642  
1794 1949 1804    515 512 638  
1794 1951 1806    518 514 637  
1794 1951 1805    516 511 635  
1795 1950 1805    520 510 635  
1793 1948 1805    514 512 640  
1795 1949 1805    517 506 638  
1795 1951 1806    518 515 640  
1796 1951 1804    523 506 638  
1795 1949 1804    518 515 640  
1793 1949 1805    518 509 636  
1794 1951 1805    521 512 641  
1794 1949 1804    515 517 640  
1795 1949 1805    518 509 640  
1793 1949 1805    522 509 642  
1792 1949 1805    515 509 634  
1795 1949 1805    520 511 639  
1793 1949 1806    515 511 641  
1792 1950 1805    512 518 635  
1793 1949 1805    517 513 640  
1794 1949 1805    520 514 641  
1794 1950 1806    523 514 642  
1793 1949 1805    518 510 638  
1794 1949 1804    517 508 638  
1792 1950 1807    515 519 638  
1794 1948 1806    512 516 638  
1795 1950 1806    513 514 639  
1793 1950 1805    526 512 641  
1793 1949 1805    517 516 639  
1794 1950 1806    516 510 638  
1795 1949 1804    520 512 640  
1793 1949 1807    521 517 636  
1794 1949 1805    515 515 636  
1794 1950 1806    525 514 641  
1793 1951 1804    522 517 640  
1792 1949 1807    526 514 641  
1794 1949 1806    519 504 638  
1793 1950 1806    516 507 636  
1794 1950 1806    518 517 639  
1793 1949 1806    511 510 636  
1795 1949 1805    511 508 637  
1795 1948 1804    516 511 636  
1793 1949 1805    516 516 639  
1792 1950 1806    522 513 640  
1794 1950 1806    518 514 636  
1792 1950 1807    514 511 638  
1794 1949 1805    514 512 640  
1794 1950 1805    518 512 640  
1792 1948 1806    519 516 637  
1793 1949 1806    513 510 639  
1792 1949 1806    517 511 637  
1793 1948 1804    518 511 637  
1793 1951 1807    521 513 638  
1794 1950 1804    522 518 639  
1794 1949 1804    519 513 639  
1794 1950 1806    519 517 640  
1795 1951 1806    518 510 635  
1795 1950 1804    521 508 640  
1793 1949 1807    518 515 639  
1794 1950 1806    511 505 637  
1795 1950 1805    521 514 640  
1794 1950 1807    517 510 638  
1796 1951 1804    518 511 638  
1795 1951 1805    513 513 638  
1792 1948 1804    518 507 641  
1794 1949 1806    518 512 637  
1794 1951 1806    518 521 636  
1793 1951 1806    514 511 635  
1794 1949 1805    517 512 639  
1794 1951 1806    521 510 639  
1794 1950 1805    520 517 637  
1794 1950 1804    516 507 639  
1795 1951 1805    521 515 637  
1793 1949 1804    517 511 636  
1793 1949 1805    519 515 635  
1796 1950 1803    519 515 639  
1795 1951 1804    519 511 640  
1793 1949 1805    519 512 642  
1795 1949 1804    514 510 639  
1792 1950 1805    520 521 639  
1795 1950 1803    520 518 640  
1795 1949 1805    515 511 638  
1793 1949 1805    524 509 638  
1796 1950 1804    519 519 637  
1793 1949 1806    517 516 638  
1795 1951 1806    517 511 638  
1792 1949 1806    520 517 639  
1794 1952 1807    513 515 638  
1792 1950 1806    519 514 637  
1794 1949 1804    521 515 641  
1792 1949 1806    516 513 638  
1793 1949 1805    517 512 638  
1793 1951 1804    515 513 641  
1793 1951 1805    527 518 638  
1793 1950 1805    520 517 642  
1793 1949 1805    517 507 641  
1793 1949 1806    515 508 640  
1793 1950 1805    514 519 635  
1792 1949 1805    514 508 641  
1794 1950 1804    511 510 636  
1793 1950 1805    520 511 640  
1793 1949 1805    517 514 639  
1793 1951 1805    524 517 637  
1793 1951 1806    523 508 642  
1793 1950 1806    520 511 643  
1792 1951 1807    521 515 641  
1795 1949 1805    517 517 639  
1794 1949 1804    517 517 640  
1793 1949 1805    531 518 638  
1793 1949 1806    521 517 635  
1796 1951 1803    518 506 638  
1794 1950 1804    518 512 637  
1796 1950 1804    523 513 639  
1794 1950 1803    518 508 637  
1794 1950 1804    519 513 641  
1795 1951 1805    524 508 636  
1795 1950 1804    519 516 639  
1793 1949 1806    520 513 642  
1795 1950 1804    518 510 637  
1794 1950 1804    515 516 639  
1793 1951 1807    518 508 638  
1793 1949 1807    517 508 636  
1794 1950 1804    513 513 640  
1794 1950 1805    515 508 640  
1793 1950 1806    516 513 640  
1792 1949 1805    520 512 640  
1794 1949 1805    517 510 637  
1794 1948 1803    515 517 639  
1794 1950 1805    521 519 640  
1795 1950 1804    517 512 639  
1794 1950 1806    519 514 639  
1794 1951 1805    523 512 638  
1794 1951 1806    520 515 640  
1793 1951 1806    518 513 637  
1794 1950 1804    516 512 641  
1796 1951 1806    522 511 640  
1794 1950 1804    524 516 638  
1794 1949 1804    523 519 638  
1795 1950 1803    519 511 639  
1793 1950 1804    521 515 641  
1793 1949 1806    519 517 638  
1796 1951 1806    515 512 642  
1792 1948 1806    515 512 637  
1794 1949 1803    525 513 639  
1794 1949 1803    516 513 637  
1794 1950 1805    521 510 641  
1793 1950 1805    520 514 639  
1793 1950 1805    521 512 641  
1792 1949 1805    518 514 638  
1794 1949 1805    517 507 637  
1793 1949 1804    519 506 639  
1793 1949 1805    522 514 637  
1793 1950 1805    517 509 638  
1794 1949 1804    516 514 639  
1794 1950 1805    517 516 641  
1794 1950 1805    521 515 641  
1795 1950 1805    523 512 639  
1794 1952 1806    517 509 638  
1793 1950 1805    513 508 637  
1793 1949 1805    521 510 636  
1796 1951 1805    518 514 639  
1794 1951 1805    521 509 639  
1793 1950 1805    516 509 639  
1792 1949 1805    512 511 635  
1793 1949 1807    517 510 638  
1795 1949 1804    522 518 641  
1794 1950 1804    516 511 636  
1795 1949 1805    520 511 639  
1794 1948 1805    523 515 637  
1793 1948 1806    517 501 635  
1795 1949 1804    515 516 642  
1794 1951 1805    514 511 640  
1795 1950 1804    522 512 638  
1793 1948 1803    520 515 640  
1792 1948 1804    520 510 639  
1794 1950 1805    523 515 639  
