1821 1918 1750    47 46 11  
1814 1915 1753    44 46 12  
0 0 1759    44 46 9  
1808 1908 1751    45 45 12  
1811 1911 1752    47 46 11  
1817 1914 1749    46 47 13  
1807 1910 1756    45 46 11  
1808 1910 1756    46 46 11  
1809 1913 1757    45 45 11  
1814 1917 1757    47 47 12  
1809 1913 1753    46 46 13  
1810 1911 1754    46 46 10  
1815 1913 1749    45 45 12  
1812 1911 1751    47 46 12  
1820 1920 1752    46 47 12  
1801 1904 1756    44 46 11  
1814 1914 1754    45 45 11  
1813 1915 1755    46 45 13  
1818 1915 1752    47 47 12  
1812 1918 1760    45 46 11  
1815 1913 1752    46 46 11  
1813 1914 1753    45 46 12  
1814 1915 1754    49 46 13  
1807 1910 1756    46 47 12  
1807 1915 1759    45 46 12  
1808 1915 1758    45 46 11  
1813 1911 1751    47 47 13  
1773 1878 1757    46 46 11  
1817 1911 1748    46 47 13  
1813 1916 1757    46 47 11  
1812 1911 1752    45 45 11  
1812 1912 1752    48 46 12  
1811 1919 1763    46 47 11  
1807 1909 1757    45 46 11  
1811 1911 1753    45 46 12  
1810 1912 1754    46 46 12  
1814 1916 1752    47 47 12  
1811 1914 1754    45 47 12  
1807 1914 1760    46 47 11  
1814 1915 1754    46 46 12  
1789 1892 1755    47 45 11  
1817 1920 1758    46 46 12  
1808 1908 1754    46 46 12  
1813 1917 1756    45 46 11  
1808 1912 1757    46 45 11  
1812 1917 1756    47 46 11  
1815 1913 1752    46 47 12  
1783 1887 1754    44 46 10  
1818 1914 1750    45 46 13  
1805 1908 1758    47 46 12  
1812 1910 1752    45 47 11  
1813 1919 1759    46 46 10  
1813 1912 1751    46 46 13  
1797 1897 1754    45 46 11  
1810 1912 1755    47 47 12  
1809 1914 1757    44 47 12  
1811 1910 1752    46 47 11  
1811 1910 1751    44 45 11  
1811 1912 1753    48 47 12  
1811 1911 1755    47 47 12  
1805 1909 1756    45 46 11  
1816 1913 1751    45 45 12  
1806 1911 1755    46 46 13  
1813 1914 1752    47 47 11  
1808 1915 1759    44 46 12  
1811 1911 1751    46 47 11  
1812 1915 1756    45 45 10  
1810 1912 1756    47 46 11  
1813 1911 1751    46 47 13  
1804 1909 1758    45 47 11  
1798 1902 1755    44 45 10  
1813 1917 1754    46 45 12  
1810 1915 1758    47 47 11  
1815 1912 1748    45 46 13  
1810 1914 1756    46 47 12  
1812 1922 1762    45 46 11  
1810 1911 1754    47 46 11  
1803 1910 1760    45 47 12  
1815 1911 1750    46 47 13  
1804 1909 1758    45 46 11  
1773 1881 1758    45 45 11  
1803 1906 1754    47 47 12  
1809 1909 1751    45 47 12  
1811 1909 1752    46 46 11  
1815 1917 1756    45 46 11  
1812 1911 1753    48 46 12  
1809 1911 1754    46 48 13  
1808 1912 1756    45 46 12  
1811 1911 1752    46 46 12  
1817 1917 1753    46 45 11  
1816 1916 1753    47 47 12  
1812 1916 1755    44 46 11  
1808 1913 1757    46 46 10  
1811 1912 1756    45 45 11  
1811 1914 1757    48 47 11  
1812 1915 1756    46 46 12  
1813 1917 1758    45 46 11  
1811 1918 1759    45 45 11  
1808 1912 1755    46 46 11  
1817 1914 1748    47 47 12  
1785 1890 1757    44 46 11  
1808 1908 1753    46 46 12  
1806 1911 1757    45 45 11  
1799 1901 1754    47 45 10  
1814 1913 1753    47 48 13  
1809 1912 1754    47 47 13  
1813 1918 1757    45 45 11  
1814 1914 1753    47 46 12  
1807 1911 1758    48 47 13  
1809 1909 1754    45 47 13  
1809 1909 1753    45 46 10  
1820 1917 1751    45 46 11  
1814 1912 1750    48 47 12  
1813 1919 1761    46 46 11  
1816 1920 1757    45 46 12  
1808 1913 1758    45 46 12  
1821 1917 1747    47 45 12  
1812 1909 1751    49 48 13  
1811 1913 1755    45 46 12  
1807 1910 1757    45 46 11  
1814 1913 1752    45 45 11  
1817 1915 1749    48 47 13  
1813 1913 1752    47 47 13  
1816 1920 1760    46 47 12  
1802 1906 1759    45 45 9  
1813 1911 1751    46 46 11  
1815 1916 1753    48 47 12  
1811 1913 1755    44 46 12  
1809 1912 1754    47 46 12  
1815 1916 1754    46 46 12  
1813 1913 1750    48 47 12  
1812 1908 1749    46 47 13  
1810 1913 1757    45 46 11  
1813 1917 1757    45 45 11  
1800 1902 1755    46 46 11  
1797 1904 1760    47 46 11  
1812 1918 1759    45 46 11  
1799 1904 1757    45 45 9  
1816 1918 1755    45 46 12  
1812 1914 1756    47 46 12  
1809 1911 1756    45 47 12  
1816 1916 1754    46 46 13  
1810 1911 1756    44 46 12  
1811 1914 1755    47 46 13  
1814 1911 1751    47 47 12  
1819 1924 1759    45 46 11  
1815 1915 1754    45 46 11  
1813 1913 1753    46 46 13  
1810 1914 1758    47 46 11  
1814 1911 1751    46 47 13  
1810 1908 1752    45 48 13  
1812 1914 1755    45 46 12  
1819 1915 1748    47 46 12  
1792 1900 1761    46 46 10  
1811 1913 1755    45 47 13  
1762 1871 1760    45 46 10  
1808 1914 1759    46 46 12  
1809 1913 1757    47 47 11  
1812 1912 1753    47 47 13  
1816 1917 1755    46 46 11  
1812 1910 1752    45 46 12  
1808 1914 1758    47 46 12  
1811 1911 1751    48 47 12  
1811 1911 1752    45 47 13  
1813 1918 1757    46 47 11  
1816 1917 1754    44 45 11  
1815 1916 1754    48 47 12  
1814 1915 1755    45 46 11  
1814 1916 1754    47 47 13  
1818 1915 1751    45 46 12  
1807 1911 1756    46 46 12  
1817 1915 1750    48 48 13  
1810 1906 1750    44 47 12  
1815 1913 1750    45 46 11  
1811 1910 1751    44 46 11  
1815 1913 1752    48 46 12  
1810 1908 1750    45 47 12  
1810 1906 1749    46 47 12  
1812 1910 1749    46 46 12  
1810 1911 1755    47 45 11  
1811 1913 1753    46 47 12  
1810 1912 1754    44 47 12  
1811 1909 1752    46 47 11  
1817 1917 1752    45 46 12  
1809 1911 1756    48 46 12  
1812 1911 1754    45 47 12  
1806 1905 1752    46 46 12  
1818 1915 1749    45 46 11  
1815 1914 1751    47 45 12  
1816 1918 1755    47 46 11  
1809 1910 1753    44 46 12  
1812 1913 1755    46 46 10  
1814 1914 1751    45 45 12  
1813 1910 1752    48 46 11  
1812 1917 1759    45 47 11  
1815 1916 1753    46 46 11  
0 0 1759    44 46 10  
1802 1906 1757    46 45 11  
1815 1918 1757    48 47 12  
1816 1915 1753    46 47 13  
1803 1906 1755    45 46 9  
1814 1911 1753    45 45 11  
1805 1911 1759    47 45 10  
1809 1911 1758    45 47 11  
1817 1918 1754    46 46 11  
1814 1914 1755    45 45 11  
1814 1914 1754    47 45 12  
1809 1912 1755    47 48 13  
1817 1917 1754    45 46 11  
1815 1917 1755    45 45 10  
1809 1911 1755    46 46 13  
1812 1912 1753    48 47 12  
1811 1911 1753    45 47 12  
1811 1916 1756    46 46 11  
1822 1919 1750    46 46 12  
1813 1913 1753    46 45 12  
1794 1894 1753    46 46 11  
1814 1913 1754    45 47 12  
1811 1915 1760    45 46 11  
1817 1916 1753    45 45 12  
1809 1915 1759    47 47 11  
1813 1912 1752    45 47 12  
1812 1913 1753    46 46 11  
1802 1910 1759    45 45 11  
1812 1915 1759    46 46 11  
1815 1918 1757    46 46 11  
1811 1911 1753    45 47 13  
1798 1902 1757    45 45 10  
1810 1910 1753    45 46 12  
1807 1915 1760    47 47 11  
1806 1912 1760    45 46 11  
1803 1908 1756    46 47 13  
1805 1912 1759    45 45 11  
1812 1908 1750    47 46 12  
1788 1890 1755    46 46 11  
1811 1913 1757    44 46 11  
1807 1911 1756    45 46 11  
1801 1905 1756    44 45 10  
1805 1911 1759    47 46 11  
1817 1919 1755    45 47 12  
1813 1911 1752    45 46 11  
1812 1913 1752    45 45 11  
1807 1907 1754    46 45 12  
1809 1911 1753    46 47 12  
1806 1904 1752    44 47 12  
1781 1883 1755    45 46 10  
1811 1914 1758    45 45 12  
1809 1908 1753    48 47 12  
1813 1912 1752    45 47 11  
1809 1912 1756    46 46 11  
1812 1912 1753    44 45 11  
1811 1909 1750    46 45 11  
1810 1913 1756    46 46 11  
1799 1902 1754    44 46 11  
1804 1904 1752    45 45 11  
0 0 1758    44 45 10  
1808 1912 1757    49 46 12  
1814 1912 1749    46 47 13  
1803 1902 1752    45 45 9  
1818 1920 1754    45 45 11  
1809 1911 1755    47 46 12  
1816 1916 1754    46 47 12  
1809 1910 1752    45 46 12  
1813 1911 1751    45 46 11  
1812 1909 1749    46 46 12  
1810 1914 1757    48 46 11  
1810 1912 1753    45 46 11  
1813 1913 1751    45 46 11  
1812 1917 1756    45 45 12  
1812 1912 1753    47 46 12  
1809 1908 1752    46 47 12  
1816 1919 1755    46 47 13  
1811 1911 1752    46 46 11  
1813 1915 1754    45 46 12  
1815 1912 1748    48 47 12  
1812 1913 1754    46 47 13  
1815 1914 1752    46 47 12  
1813 1912 1749    44 45 11  
1810 1913 1756    46 46 11  
1812 1910 1750    46 47 13  
1814 1914 1755    45 45 11  
1814 1915 1753    46 46 11  
1810 1910 1752    46 46 12  
1807 1909 1755    48 47 12  
1789 1893 1758    44 46 10  
1803 1905 1752    46 46 11  
1817 1918 1754    46 46 11  
1811 1909 1750    48 47 13  
1810 1913 1755    46 47 12  
1818 1914 1748    46 47 13  
1807 1909 1754    46 46 12  
1808 1910 1755    45 45 11  
1808 1914 1760    48 47 12  
1807 1912 1757    44 46 11  
1812 1915 1755    46 46 11  
1812 1915 1756    44 45 10  
1815 1913 1749    47 46 12  
1801 1906 1757    46 47 12  
1797 1896 1749    44 47 13  
0 0 1751    44 46 10  
1808 1914 1758    45 45 11  
1813 1913 1753    49 46 12  
1811 1911 1753    45 47 13  
1810 1916 1757    46 46 11  
1778 1879 1754    44 45 11  
1817 1913 1748    47 45 12  
1819 1915 1747    47 47 13  
1810 1913 1756    45 47 13  
1811 1915 1755    45 46 11  
1800 1907 1761    45 46 11  
1817 1917 1752    48 46 12  
1811 1911 1754    45 47 12  
1818 1914 1750    46 47 11  
1814 1913 1751    44 46 12  
1814 1913 1752    47 46 11  
1809 1909 1755    46 47 13  
1786 1894 1761    44 45 10  
1815 1916 1754    45 45 11  
1808 1912 1758    45 45 11  
1814 1911 1751    48 47 13  
1807 1915 1760    46 47 12  
1803 1908 1757    45 47 11  
1808 1913 1756    45 45 12  
1801 1905 1758    47 45 11  
1798 1903 1759    46 46 12  
1816 1914 1751    47 46 12  
1813 1918 1757    45 46 11  
1815 1917 1753    46 46 12  
1803 1911 1761    47 47 10  
1820 1918 1750    45 47 12  
1820 1916 1749    46 47 13  
1812 1913 1753    45 45 12  
1802 1908 1759    47 46 11  
1814 1910 1747    47 47 13  
1811 1912 1755    46 47 12  
1806 1909 1756    45 45 10  
0 0 1763    44 45 10  
1821 1916 1749    48 47 14  
1811 1913 1756    45 46 11  
1802 1904 1756    45 46 10  
1812 1912 1753    46 46 13  
1810 1918 1761    47 46 11  
1809 1916 1759    46 46 12  
1803 1905 1754    44 46 12  
1809 1915 1758    45 45 10  
1818 1915 1748    46 47 12  
1812 1911 1752    48 47 13  
1807 1911 1755    46 47 13  
1810 1914 1758    46 46 10  
1810 1916 1759    44 45 11  
1806 1910 1757    47 46 12  
1803 1907 1754    45 47 12  
1814 1915 1755    45 46 12  
1815 1917 1752    46 46 13  
1816 1919 1754    46 45 10  
1818 1916 1752    47 47 10  
1815 1916 1754    45 46 11  
1796 1899 1756    45 47 11  
1814 1910 1749    45 45 12  
1814 1913 1753    48 46 12  
1814 1916 1756    46 46 12  
1813 1912 1752    46 47 12  
1807 1902 1749    44 46 11  
1805 1906 1754    46 45 12  
1815 1915 1753    47 47 12  
1810 1911 1754    45 47 12  
1808 1912 1755    45 46 10  
1812 1915 1756    45 46 11  
1814 1914 1751    48 47 12  
1809 1912 1757    46 46 12  
1812 1915 1756    46 47 11  
1817 1912 1751    45 46 12  
1809 1914 1758    46 45 11  
1809 1913 1755    47 46 12  
1812 1916 1757    44 47 12  
1807 1909 1754    45 46 11  
1813 1914 1754    45 46 13  
1813 1910 1750    47 46 12  
1811 1912 1753    46 47 13  
1811 1914 1755    46 46 12  
1812 1907 1750    45 46 12  
1814 1910 1748    47 46 13  
1819 1916 1751    48 46 12  
1814 1916 1756    44 46 11  
1816 1915 1752    46 47 12  
1814 1916 1754    45 46 12  
1815 1916 1754    47 45 10  
1810 1914 1755    48 48 13  
1809 1911 1755    45 46 12  
1817 1914 1750    46 46 12  
1811 1912 1754    46 46 11  
0 0 1757    46 46 11  
1812 1915 1756    45 47 12  
1809 1909 1753    46 47 12  
1813 1915 1754    44 45 11  
1810 1913 1757    48 46 12  
1812 1916 1756    44 47 12  
1817 1916 1753    46 47 12  
1812 1916 1757    45 46 11  
1812 1911 1753    47 46 11  
1815 1912 1748    47 47 13  
1804 1909 1758    44 46 12  
1810 1908 1751    45 46 11  
1778 1882 1755    44 45 10  
1809 1906 1750    47 46 11  
1777 1879 1754    45 47 11  
1810 1914 1756    46 47 11  
1814 1918 1756    46 46 11  
1809 1909 1752    48 46 13  
1814 1917 1757    47 46 12  
1808 1912 1757    45 46 11  
1809 1912 1756    46 46 11  
1809 1914 1758    45 45 11  
1818 1918 1753    47 45 10  
1808 1912 1758    45 46 12  
1812 1915 1753    46 46 11  
1809 1909 1753    45 46 12  
1809 1908 1751    46 45 12  
1817 1922 1758    47 46 11  
1810 1912 1755    44 46 11  
1801 1908 1761    45 46 10  
1810 1909 1752    44 46 11  
1810 1912 1755    48 47 12  
1813 1912 1751    45 47 12  
1813 1912 1753    46 47 13  
1809 1915 1759    44 45 10  
1806 1918 1767    46 45 10  
1805 1905 1752    48 48 14  
1821 1917 1748    45 48 13  
1817 1915 1751    46 46 11  
1813 1915 1756    45 45 11  
1812 1910 1752    48 47 13  
1816 1913 1748    46 47 13  
1815 1910 1748    46 46 12  
1808 1912 1759    45 45 10  
1814 1916 1756    47 46 12  
1810 1914 1759    47 46 11  
1808 1912 1757    44 46 10  
1808 1909 1752    45 46 11  
1812 1911 1753    45 46 11  
1813 1914 1755    49 47 13  
1810 1914 1758    45 46 11  
1810 1911 1753    46 46 12  
1797 1900 1754    45 46 11  
1814 1912 1751    46 45 11  
1810 1913 1755    47 47 13  
1814 1918 1757    46 47 13  
1820 1915 1750    46 47 12  
1811 1911 1752    45 46 12  
1812 1917 1758    47 46 11  
1811 1910 1754    45 47 11  
1815 1918 1754    47 46 11  
1812 1918 1759    45 45 10  
1804 1907 1756    45 45 11  
1813 1912 1753    48 48 14  
1814 1913 1751    45 46 12  
1815 1912 1751    46 46 11  
1811 1912 1755    45 46 11  
1813 1912 1753    48 47 12  
1812 1914 1756    46 47 12  
1815 1912 1751    47 47 13  
1815 1919 1757    45 46 11  
1813 1918 1756    47 45 11  
1814 1909 1747    48 47 14  
1812 1912 1753    45 46 11  
1813 1917 1758    46 45 10  
1820 1921 1754    45 45 10  
1808 1907 1752    48 46 12  
1809 1913 1756    45 47 12  
1808 1912 1755    46 46 11  
1812 1912 1752    45 45 11  
1809 1910 1753    47 46 12  
1784 1892 1760    46 46 11  
1811 1913 1756    45 46 12  
1816 1916 1754    46 46 11  
1800 1909 1762    44 45 10  
1812 1911 1753    47 47 12  
1808 1910 1755    45 47 11  
1810 1912 1755    45 46 11  
1813 1913 1755    45 46 11  
1809 1910 1756    47 45 10  
1810 1910 1753    48 48 15  
1813 1916 1756    46 47 13  
1811 1914 1756    45 46 10  
1812 1907 1750    45 46 13  
1810 1910 1753    48 47 12  
1811 1918 1760    44 46 12  
1809 1904 1748    45 47 12  
1817 1914 1752    45 46 12  
1806 1915 1761    46 45 11  
1819 1915 1749    48 47 13  
1819 1917 1750    45 47 12  
1813 1915 1755    45 46 11  
1791 1898 1759    45 45 11  
1809 1914 1760    48 47 11  
1806 1908 1755    45 46 12  
1810 1913 1755    45 46 10  
1811 1910 1752    45 46 12  
1815 1914 1753    47 46 12  
1810 1917 1762    47 46 11  
1810 1911 1754    45 47 12  
1811 1915 1758    46 46 11  
1816 1915 1753    45 46 12  
1813 1916 1755    47 46 10  
1817 1914 1755    45 47 12  
1808 1913 1760    46 46 11  
1813 1912 1753    45 46 13  
1815 1914 1751    47 45 12  
1817 1917 1753    46 46 12  
1808 1911 1755    46 47 13  
1808 1909 1754    45 46 10  
1810 1908 1750    46 47 13  
1810 1911 1754    48 47 12  
1820 1919 1751    45 48 13  
1810 1915 1757    46 46 10  
1810 1908 1751    45 47 13  
1807 1911 1759    47 45 11  
1811 1910 1751    47 48 13  
1810 1913 1757    44 46 10  
1810 1910 1751    46 46 12  
1819 1916 1751    46 45 11  
1809 1915 1759    48 47 12  
1808 1910 1754    46 47 12  
1814 1915 1754    46 47 12  
1814 1917 1755    45 45 12  
1813 1915 1754    47 46 12  
1805 1913 1760    46 47 12  
1817 1917 1755    45 45 11  
1816 1913 1749    46 47 11  
1803 1909 1759    45 45 11  
1806 1912 1760    48 46 11  
1813 1916 1755    45 46 11  
1805 1909 1755    45 47 11  
1814 1914 1754    45 46 12  
1812 1915 1757    47 47 12  
1814 1913 1752    47 47 12  
1816 1915 1752    46 47 13  
1814 1918 1758    45 45 11  
1815 1913 1752    46 46 13  
1816 1916 1755    47 46 11  
1820 1919 1754    45 47 12  
1816 1916 1753    45 46 10  
1809 1911 1753    45 45 12  
1809 1914 1756    47 46 11  
1809 1911 1756    47 48 13  
1816 1918 1757    45 47 12  
1810 1915 1758    45 46 10  
1807 1914 1760    45 44 10  
1815 1917 1754    48 47 12  
1814 1916 1754    45 46 10  
1813 1917 1756    46 46 11  
1810 1915 1756    45 45 11  
1816 1913 1748    48 47 13  
1805 1909 1756    46 46 12  
1810 1912 1754    46 47 13  
1809 1918 1760    45 45 10  
1811 1911 1753    45 46 12  
0 0 1756    46 46 10  
1811 1915 1755    45 46 11  
1815 1915 1754    46 46 11  
1809 1909 1752    46 46 13  
1817 1916 1753    48 47 12  
1807 1913 1759    46 46 11  
1819 1917 1749    45 46 12  
1815 1918 1756    45 45 11  
1818 1913 1748    46 45 11  
1809 1914 1758    47 46 12  
1814 1916 1755    45 47 13  
1811 1916 1758    46 46 10  
1813 1915 1757    45 46 12  
1815 1914 1752    48 47 13  
1742 1845 1755    45 46 12  
1818 1918 1753    46 46 12  
1814 1912 1751    45 46 11  
1814 1914 1753    46 46 12  
1807 1911 1758    47 47 11  
1814 1917 1757    46 47 13  
1805 1905 1751    45 46 11  
1808 1908 1752    44 46 12  
1814 1919 1757    47 45 11  
1810 1911 1755    47 47 12  
1814 1913 1754    46 47 12  
1817 1914 1749    46 47 13  
1819 1918 1752    47 46 12  
1810 1916 1759    47 47 11  
1810 1915 1760    44 47 12  
1805 1907 1755    45 46 11  
1808 1915 1760    45 45 11  
1809 1911 1757    48 46 12  
1805 1909 1756    46 47 13  
1815 1919 1758    45 46 11  
1815 1915 1753    46 46 11  
1818 1913 1749    47 47 13  
1815 1921 1758    47 46 11  
1814 1910 1750    45 47 12  
1812 1913 1754    46 47 11  
1812 1911 1752    45 46 12  
1818 1916 1751    48 46 12  
1814 1917 1756    46 47 12  
1810 1915 1758    45 47 12  
1817 1915 1751    45 46 11  
1799 1908 1763    46 45 11  
1811 1911 1754    47 48 13  
1815 1915 1755    45 47 12  
1810 1913 1756    46 47 11  
1812 1917 1759    44 46 11  
1815 1918 1754    48 45 11  
1804 1906 1754    46 47 13  
1813 1911 1749    46 47 13  
1808 1912 1757    45 46 11  
1815 1911 1752    46 46 13  
1799 1902 1756    46 47 12  
1812 1915 1755    45 46 12  
1815 1913 1751    46 47 11  
1818 1918 1753    45 46 12  
1814 1912 1752    49 46 11  
1805 1909 1757    45 46 11  
1816 1914 1751    45 46 11  
1811 1911 1754    45 45 12  
1818 1916 1753    46 46 12  
1818 1916 1751    48 48 13  
1808 1911 1756    44 46 11  
1818 1917 1752    45 47 11  
1805 1907 1754    44 46 11  
1802 1904 1756    47 46 12  
1815 1916 1755    46 47 14  
1817 1917 1753    46 47 12  
1813 1915 1756    46 45 11  
1810 1912 1755    46 45 11  
1814 1913 1751    47 47 13  
1785 1890 1758    44 47 12  
1814 1911 1752    46 47 12  
1806 1910 1758    45 47 12  
1814 1920 1759    48 46 11  
1810 1913 1756    45 47 12  
1812 1913 1755    45 46 11  
1804 1911 1759    45 45 10  
1817 1915 1752    46 46 12  
1808 1909 1753    47 47 12  
1816 1917 1755    44 47 11  
1816 1914 1752    47 47 12  
1813 1918 1758    44 45 10  
1806 1913 1760    47 45 10  
1812 1915 1756    45 47 12  
1817 1919 1757    46 47 12  
1811 1913 1754    45 45 11  
1809 1911 1754    46 45 11  
1810 1913 1756    47 47 11  
1815 1914 1752    45 47 12  
1805 1909 1757    45 46 10  
1808 1915 1758    45 45 12  
1814 1911 1750    48 46 12  
1808 1904 1748    46 47 14  
1805 1912 1760    46 46 11  
1820 1922 1755    45 46 12  
1807 1910 1757    46 45 11  
1813 1916 1755    47 47 11  
1806 1912 1758    44 46 11  
1820 1918 1752    45 47 11  
1812 1914 1757    45 45 11  
1813 1915 1754    48 47 12  
1814 1911 1751    46 47 14  
1815 1916 1755    45 45 11  
1814 1916 1754    45 45 11  
1807 1912 1759    47 46 13  
1813 1918 1759    47 47 12  
1808 1915 1760    45 46 12  
1805 1909 1755    45 47 12  
1811 1916 1758    45 46 11  
1806 1907 1755    48 46 13  
1809 1910 1754    45 46 12  
1813 1914 1753    46 46 11  
1814 1916 1755    45 46 11  
1811 1913 1755    47 46 12  
1811 1912 1752    48 48 13  
1814 1913 1752    45 47 12  
1807 1912 1757    46 47 11  
1816 1915 1753    45 46 11  
1804 1903 1753    47 46 11  
1812 1916 1759    45 46 11  
1811 1912 1754    45 46 11  
1811 1914 1755    46 46 12  
1804 1906 1755    46 45 12  
1811 1909 1753    47 47 13  
1817 1912 1749    46 47 12  
1815 1914 1752    45 46 12  
1813 1916 1755    44 45 11  
1811 1914 1758    47 46 11  
1812 1912 1754    46 46 12  
1817 1914 1751    47 46 14  
1805 1910 1759    45 45 10  
1812 1916 1756    48 46 12  
1809 1912 1757    47 47 12  
1813 1919 1759    45 47 12  
1811 1913 1754    46 47 11  
1814 1912 1750    45 45 12  
1814 1912 1751    47 46 12  
1802 1909 1758    44 46 11  
1819 1915 1750    46 46 12  
1809 1910 1754    45 46 12  
1813 1908 1747    47 46 12  
1813 1919 1759    46 46 11  
1810 1913 1757    45 46 12  
1811 1913 1756    45 46 11  
1795 1897 1754    44 45 10  
1809 1915 1760    47 46 11  
1801 1905 1756    45 47 11  
1820 1913 1746    46 47 12  
1815 1909 1747    45 46 12  
1813 1913 1754    47 45 12  
1807 1914 1760    47 46 12  
1811 1913 1754    46 47 13  
1811 1912 1755    46 46 11  
1814 1913 1751    45 46 12  
1813 1914 1753    48 47 12  
1815 1914 1752    45 47 12  
1809 1918 1763    45 46 11  
0 0 1758    44 45 10  
1807 1912 1757    47 46 12  
1812 1913 1754    48 47 13  
1816 1911 1749    46 48 13  
1807 1908 1755    45 46 10  
1813 1912 1752    46 46 12  
0 0 1758    46 46 11  
1809 1916 1761    45 46 11  
1814 1915 1755    46 46 11  
1813 1917 1760    46 45 12  
1809 1910 1753    48 46 12  
1810 1911 1753    47 47 12  
1814 1918 1756    44 47 12  
1811 1916 1757    46 46 11  
1814 1915 1755    45 46 12  
1772 1879 1758    46 46 10  
1807 1911 1757    45 47 12  
1811 1915 1758    46 46 12  
1816 1917 1754    46 46 11  
1812 1911 1753    48 46 13  
1811 1912 1754    47 47 12  
1812 1915 1755    46 46 12  
1814 1918 1757    46 46 11  
1813 1914 1754    45 45 11  
1822 1920 1752    48 46 11  
1815 1910 1749    46 47 13  
1812 1911 1752    46 47 12  
1817 1918 1756    46 46 12  
1802 1907 1757    46 46 11  
1807 1910 1755    47 47 13  
1813 1910 1750    45 48 13  
1815 1921 1761    46 45 10  
1814 1912 1752    46 47 13  
1815 1920 1757    48 46 12  
1813 1911 1752    45 47 13  
1812 1909 1750    46 47 12  
1814 1919 1757    45 45 11  
1811 1910 1753    47 46 13  
1819 1918 1751    48 47 13  
1800 1906 1760    44 46 11  
1808 1910 1754    45 46 11  
1808 1914 1758    45 45 11  
1810 1916 1760    48 47 11  
1820 1921 1755    45 46 11  
1814 1914 1754    45 46 11  
1813 1914 1753    45 45 11  
1818 1919 1753    47 45 11  
1806 1908 1758    46 47 12  
1810 1910 1752    45 46 12  
1811 1912 1754    46 47 11  
1814 1914 1755    46 45 11  
1812 1913 1753    47 46 12  
1819 1914 1750    46 47 13  
1804 1909 1757    46 47 12  
1810 1906 1747    45 46 12  
1817 1917 1752    47 46 12  
1816 1918 1755    48 47 13  
1814 1919 1758    45 47 12  
1808 1916 1759    45 45 10  
1812 1915 1755    45 46 11  
0 0 1761    46 46 10  
1809 1915 1759    45 47 11  
1812 1915 1754    46 47 11  
1819 1918 1753    45 45 11  
1796 1906 1764    46 45 10  
1809 1910 1755    47 47 12  
1806 1913 1757    45 46 12  
1816 1918 1753    46 46 11  
1811 1914 1756    46 46 13  
1814 1909 1749    48 46 12  
1796 1898 1755    44 46 11  
1809 1912 1753    46 46 12  
1808 1910 1754    45 46 11  
1802 1911 1763    47 46 12  
1819 1915 1749    47 46 11  
1817 1916 1752    45 47 11  
1810 1911 1752    46 47 12  
1811 1914 1757    46 46 13  
1809 1909 1753    48 47 12  
1810 1910 1753    45 48 12  
1814 1914 1753    46 47 13  
1783 1888 1756    44 45 10  
1808 1913 1758    47 46 11  
1806 1912 1758    47 47 13  
1811 1912 1753    45 46 11  
1813 1914 1755    46 46 11  
1810 1911 1753    45 45 12  
1814 1916 1754    48 47 11  
1809 1910 1752    45 47 12  
1816 1920 1757    46 47 11  
1812 1917 1757    45 45 12  
1808 1909 1754    47 46 12  
1804 1913 1763    46 47 12  
1813 1915 1756    46 46 12  
1801 1907 1759    46 46 11  
1812 1912 1752    45 46 12  
1816 1916 1752    48 46 11  
1812 1912 1753    45 47 12  
1815 1917 1754    46 46 11  
1810 1914 1755    45 46 12  
1813 1914 1754    47 46 11  
1810 1913 1754    46 46 12  
1813 1916 1754    45 47 12  
1817 1917 1753    46 46 12  
1806 1915 1762    45 45 11  
1814 1915 1754    48 47 12  
1812 1912 1753    45 46 11  
1812 1915 1755    46 46 10  
1815 1915 1751    45 46 12  
1784 1885 1754    46 45 11  
1812 1915 1755    47 47 12  
1807 1910 1754    46 47 11  
1812 1914 1754    45 46 11  
1813 1914 1754    45 45 12  
1796 1904 1760    47 46 12  
1811 1913 1753    44 47 11  
1820 1919 1751    46 46 11  
1812 1910 1750    45 46 12  
1806 1906 1752    48 46 12  
1811 1912 1755    46 46 12  
1804 1907 1756    44 46 11  
1808 1908 1754    45 46 10  
1813 1914 1755    46 45 12  
1817 1917 1754    47 46 11  
1808 1911 1756    46 47 13  
1807 1909 1754    46 47 11  
1813 1910 1750    45 46 13  
1806 1912 1758    47 45 11  
1811 1913 1755    47 47 12  
1808 1910 1755    45 46 11  
1817 1915 1751    46 47 12  
1809 1912 1753    46 46 12  
1811 1912 1756    47 47 12  
1811 1910 1752    45 46 12  
1814 1916 1757    46 46 11  
1815 1914 1751    46 46 12  
1814 1914 1754    48 47 12  
1815 1913 1752    47 47 12  
1812 1915 1754    46 47 12  
1812 1911 1751    46 46 11  
1810 1912 1753    46 46 12  
1813 1916 1756    47 47 12  
1806 1914 1761    44 46 10  
1815 1913 1751    46 46 11  
1812 1909 1749    45 46 12  
1815 1920 1758    47 45 11  
1810 1911 1754    46 47 11  
1813 1918 1758    44 47 11  
1809 1910 1754    45 45 11  
1811 1915 1759    46 45 12  
1819 1914 1747    48 47 13  
1794 1893 1751    44 47 12  
1816 1913 1750    47 47 12  
1818 1913 1748    45 46 13  
1812 1912 1752    47 46 12  
1809 1909 1754    47 46 12  
1806 1916 1761    45 45 11  
1811 1915 1757    45 46 11  
1811 1911 1754    45 46 12  
1812 1912 1754    48 47 13  
1810 1911 1753    45 47 12  
1814 1917 1757    45 46 10  
1810 1912 1754    45 45 11  
1816 1916 1754    48 46 13  
1813 1912 1750    48 47 14  
0 0 1754    44 46 11  
1804 1910 1758    45 45 11  
1808 1913 1757    46 46 12  
1811 1912 1753    47 47 12  
1813 1916 1756    45 47 12  
1811 1911 1752    46 47 12  
1813 1913 1752    45 46 12  
1810 1909 1751    47 46 12  
1814 1910 1749    46 47 13  
1810 1913 1757    45 46 12  
1790 1897 1759    44 45 10  
1813 1916 1756    45 45 11  
1820 1915 1748    47 47 11  
1810 1908 1752    45 46 12  
1811 1911 1752    45 46 11  
1814 1916 1754    46 46 12  
1805 1906 1754    47 45 10  
1816 1916 1753    47 47 12  
1814 1912 1750    45 46 10  
1818 1918 1753    46 46 12  
1810 1911 1754    46 45 12  
1813 1914 1754    48 47 12  
1814 1915 1753    45 47 12  
1788 1888 1753    45 46 10  
1812 1915 1755    45 45 11  
1818 1916 1752    47 46 12  
1811 1910 1752    46 47 11  
1810 1917 1759    45 46 12  
1808 1914 1758    46 46 11  
1812 1914 1755    45 45 12  
1812 1911 1751    48 47 12  
1819 1914 1748    45 47 12  
1805 1908 1756    46 47 12  
1811 1910 1752    44 45 10  
0 0 1754    46 45 12  
1813 1915 1756    47 47 12  
1804 1910 1758    45 47 12  
1806 1913 1758    45 45 9  
1813 1909 1750    45 46 13  
1807 1908 1754    48 46 12  
1809 1912 1756    45 47 12  
1812 1912 1752    46 46 11  
1808 1907 1754    44 45 11  
1815 1915 1752    47 46 12  
1812 1911 1753    46 46 12  
1812 1910 1752    46 46 11  
1817 1910 1746    46 46 13  
1813 1914 1755    46 46 12  
1813 1912 1752    47 46 11  
1807 1912 1758    45 47 11  
1811 1915 1758    45 46 11  
0 0 1757    44 45 10  
1812 1916 1759    47 46 11  
1813 1910 1750    47 47 13  
1811 1909 1751    45 47 12  
1806 1910 1756    45 46 11  
1806 1908 1755    45 45 11  
1804 1906 1754    47 46 11  
1814 1914 1754    45 47 12  
1814 1915 1753    46 46 11  
1811 1910 1753    44 44 10  
1809 1913 1759    47 46 13  
1808 1912 1756    46 47 12  
1804 1906 1755    45 46 11  
1812 1912 1754    46 45 11  
1810 1913 1757    45 45 12  
1816 1914 1752    47 47 12  
1812 1908 1749    45 47 12  
1814 1914 1754    45 46 11  
1811 1913 1755    45 45 10  
1811 1913 1753    47 46 12  
1815 1917 1753    46 46 12  
1799 1899 1753    44 46 11  
1811 1916 1758    46 46 11  
0 0 1761    44 46 10  
1810 1913 1756    47 47 11  
1810 1916 1757    44 46 12  
1819 1919 1753    46 46 11  
1815 1915 1754    46 45 12  
1803 1905 1754    48 47 13  
1802 1908 1759    45 46 12  
0 0 1761    44 46 10  
1812 1915 1756    45 46 12  
1814 1909 1750    45 46 13  
1800 1908 1760    46 46 10  
1811 1913 1754    45 47 12  
1813 1917 1758    46 46 11  
1813 1913 1754    45 46 12  
1813 1915 1757    47 45 11  
1812 1910 1750    47 47 12  
1814 1917 1756    45 46 12  
1812 1914 1754    46 46 12  
1815 1920 1757    45 45 11  
1799 1906 1758    47 46 11  
1815 1915 1752    45 47 12  
1812 1911 1751    46 47 11  
1804 1912 1756    46 46 12  
1815 1913 1750    48 46 13  
1810 1912 1755    47 47 12  
1818 1913 1748    45 46 12  
1811 1913 1755    45 46 11  
1810 1916 1758    46 47 12  
1803 1906 1756    47 46 10  
1815 1916 1755    44 47 11  
1813 1915 1754    46 47 11  
1808 1909 1753    45 46 13  
1807 1909 1752    47 46 13  
1810 1910 1752    47 48 13  
1804 1907 1755    45 47 13  
1815 1916 1756    46 46 11  
1814 1914 1753    47 46 12  
1812 1913 1753    47 46 12  
1812 1912 1753    45 47 12  
0 0 1754    44 46 10  
1793 1897 1759    44 44 10  
1817 1917 1753    48 46 12  
1808 1909 1753    47 46 12  
1810 1911 1753    45 47 12  
